<?xml version="1.0" encoding="UTF-8"?>
<!-- Generated by org.testng.reporters.JUnitReportReporter -->
<testsuite hostname="DESKTOP-LMKUKFJ" failures="0" tests="1" name="GB_Webapp.TestRunner.Test1" time="7.595" errors="0" timestamp="2024-12-02T17:02:35 IST" skipped="0">
  <testcase classname="GB_Webapp.TestRunner.Test1" name="runScenario" time="7.595"/>
  <system-out/>
</testsuite> <!-- GB_Webapp.TestRunner.Test1 -->
