<?xml version="1.0" encoding="UTF-8"?>
<!-- Generated by org.testng.reporters.JUnitReportReporter -->
<testsuite hostname="DESKTOP-LMKUKFJ" failures="0" tests="5" name="GB_Webapp.TestRunner.Bangladesh" time="13.757" errors="0" timestamp="2024-11-19T00:06:21 IST" skipped="0">
  <testcase classname="GB_Webapp.TestRunner.Bangladesh" name="runScenario" time="2.034"/>
  <system-out/>
  <testcase classname="GB_Webapp.TestRunner.Bangladesh" name="runScenario" time="1.457"/>
  <system-out/>
  <testcase classname="GB_Webapp.TestRunner.Bangladesh" name="runScenario" time="6.222"/>
  <system-out/>
  <testcase classname="GB_Webapp.TestRunner.Bangladesh" name="runScenario" time="1.750"/>
  <system-out/>
  <testcase classname="GB_Webapp.TestRunner.Bangladesh" name="runScenario" time="2.294"/>
  <system-out/>
</testsuite> <!-- GB_Webapp.TestRunner.Bangladesh -->
