<?xml version="1.0" encoding="UTF-8"?>
<!-- Generated by org.testng.reporters.JUnitReportReporter -->
<testsuite hostname="DESKTOP-LMKUKFJ" failures="0" tests="1" name="Hero_Hub.TestRunner.Run" time="10.685" errors="0" timestamp="2024-07-31T11:39:36 IST" skipped="0">
  <testcase classname="Hero_Hub.TestRunner.Run" name="runScenario" time="10.685"/>
  <system-out/>
</testsuite> <!-- Hero_Hub.TestRunner.Run -->
