<?xml version="1.0" encoding="UTF-8"?>
<!-- Generated by org.testng.reporters.JUnitReportReporter -->
<testsuite hostname="DESKTOP-LMKUKFJ" failures="0" tests="1" name="GB_Webapp.TestRunner.Zambia" time="7.632" errors="0" timestamp="2024-12-02T11:47:37 IST" skipped="0">
  <testcase classname="GB_Webapp.TestRunner.Zambia" name="runScenario" time="7.632"/>
  <system-out/>
</testsuite> <!-- GB_Webapp.TestRunner.Zambia -->
