<?xml version="1.0" encoding="UTF-8"?>
<!-- Generated by org.testng.reporters.JUnitReportReporter -->
<testsuite hostname="DESKTOP-LMKUKFJ" failures="10" tests="36" name="GB_Webapp.TestRunner.Philippines" time="620.525" errors="1" timestamp="2024-12-03T17:06:52 IST" skipped="0">
  <testcase classname="GB_Webapp.TestRunner.Philippines" name="runScenario" time="0.683"/>
  <system-out/>
  <testcase classname="GB_Webapp.TestRunner.Philippines" name="runScenario" time="5.460">
    <failure message="Unable to click element : Footer Owners Manual  --  [[ChromeDriver: chrome on windows (c0ebdd0f1170c11c07bc9d583714097e)] -&gt; xpath: //a[contains(text(),&#039;Owner’s Manual&#039;)]]  --  org.openqa.selenium.ElementClickInterceptedException: element click intercepted: Element is not clickable at point (643, 1062)
  (Session info: chrome=131.0.6778.86)
Build info: version: &#039;4.13.0&#039;, revision: &#039;ba948ece5b*&#039;
System info: os.name: &#039;Windows 10&#039;, os.arch: &#039;amd64&#039;, os.version: &#039;10.0&#039;, java.version: &#039;22.0.1&#039;
Driver info: org.openqa.selenium.chrome.ChromeDriver
Command: [c0ebdd0f1170c11c07bc9d583714097e, clickElement {id=f.41B32D8A32FC0BD6A0DDBACFE0483D74.d.D587E0C7A4FF3F020C5B1C10FB80A30F.e.894}]
Capabilities {acceptInsecureCerts: false, browserName: chrome, browserVersion: 131.0.6778.86, chrome: {chromedriverVersion: 131.0.6778.85 (3d81e41b6f3a..., userDataDir: C:\Users\QA\AppData\Local\T...}, fedcm:accounts: true, goog:chromeOptions: {debuggerAddress: localhost:55551}, networkConnectionEnabled: false, pageLoadStrategy: normal, platformName: windows, proxy: Proxy(), se:cdp: ws://localhost:55551/devtoo..., se:cdpVersion: 131.0.6778.86, setWindowRect: true, strictFileInteractability: false, timeouts: {implicit: 0, pageLoad: 300000, script: 30000}, unhandledPromptBehavior: dismiss and notify, webauthn:extension:credBlob: true, webauthn:extension:largeBlob: true, webauthn:extension:minPinLength: true, webauthn:extension:prf: true, webauthn:virtualAuthenticators: true}
Element: [[ChromeDriver: chrome on windows (c0ebdd0f1170c11c07bc9d583714097e)] -&gt; xpath: //a[contains(text(),&#039;Owner’s Manual&#039;)]]
Session ID: c0ebdd0f1170c11c07bc9d583714097e expected [true] but found [false]" type="java.lang.AssertionError">
      <![CDATA[java.lang.AssertionError: Unable to click element : Footer Owners Manual  --  [[ChromeDriver: chrome on windows (c0ebdd0f1170c11c07bc9d583714097e)] -> xpath: //a[contains(text(),'Owner’s Manual')]]  --  org.openqa.selenium.ElementClickInterceptedException: element click intercepted: Element is not clickable at point (643, 1062)
  (Session info: chrome=131.0.6778.86)
Build info: version: '4.13.0', revision: 'ba948ece5b*'
System info: os.name: 'Windows 10', os.arch: 'amd64', os.version: '10.0', java.version: '22.0.1'
Driver info: org.openqa.selenium.chrome.ChromeDriver
Command: [c0ebdd0f1170c11c07bc9d583714097e, clickElement {id=f.41B32D8A32FC0BD6A0DDBACFE0483D74.d.D587E0C7A4FF3F020C5B1C10FB80A30F.e.894}]
Capabilities {acceptInsecureCerts: false, browserName: chrome, browserVersion: 131.0.6778.86, chrome: {chromedriverVersion: 131.0.6778.85 (3d81e41b6f3a..., userDataDir: C:\Users\QA\AppData\Local\T...}, fedcm:accounts: true, goog:chromeOptions: {debuggerAddress: localhost:55551}, networkConnectionEnabled: false, pageLoadStrategy: normal, platformName: windows, proxy: Proxy(), se:cdp: ws://localhost:55551/devtoo..., se:cdpVersion: 131.0.6778.86, setWindowRect: true, strictFileInteractability: false, timeouts: {implicit: 0, pageLoad: 300000, script: 30000}, unhandledPromptBehavior: dismiss and notify, webauthn:extension:credBlob: true, webauthn:extension:largeBlob: true, webauthn:extension:minPinLength: true, webauthn:extension:prf: true, webauthn:virtualAuthenticators: true}
Element: [[ChromeDriver: chrome on windows (c0ebdd0f1170c11c07bc9d583714097e)] -> xpath: //a[contains(text(),'Owner’s Manual')]]
Session ID: c0ebdd0f1170c11c07bc9d583714097e expected [true] but found [false]
at org.testng.Assert.fail(Assert.java:110)
at org.testng.Assert.failNotEquals(Assert.java:1577)
at org.testng.Assert.assertTrue(Assert.java:56)
at GB_Webapp.Utility.Library.click(Library.java:38)
at GB_Webapp.Page.HomePage.verify_OwnersManual_icon_redirection(HomePage.java:1229)
at GB_Webapp.StepDefinition.HomePageTest.verify_icon_redirection(HomePageTest.java:337)
at ✽.Verify "owners_manual" icon redirection(file:///C:/Users/QA/OneDrive/Documents/Zoom/Intellij_trial/Hero_GB_WebApp_UI_Testing_BDD/./AllCountryFeatureFiles/FeatureFilesPhilippines/01_HomePage.feature:100)
]]>
    </failure>
  </testcase> <!-- runScenario -->
  <system-out/>
  <testcase classname="GB_Webapp.TestRunner.Philippines" name="runScenario" time="17.046">
    <failure message="Unable to visible field  : Locate A Dealer Page Text  --  Proxy element for: DefaultElementLocator &#039;By.xpath: //h2[normalize-space()=&#039;LOCATE A DEALER&#039;]&#039;  --  org.openqa.selenium.NoSuchElementException: no such element: Unable to locate element: {&quot;method&quot;:&quot;xpath&quot;,&quot;selector&quot;:&quot;//h2[normalize-space()=&#039;LOCATE A DEALER&#039;]&quot;}
  (Session info: chrome=131.0.6778.86)
For documentation on this error, please visit: https://www.selenium.dev/documentation/webdriver/troubleshooting/errors#no-such-element-exception
Build info: version: &#039;4.13.0&#039;, revision: &#039;ba948ece5b*&#039;
System info: os.name: &#039;Windows 10&#039;, os.arch: &#039;amd64&#039;, os.version: &#039;10.0&#039;, java.version: &#039;22.0.1&#039;
Driver info: org.openqa.selenium.chrome.ChromeDriver
Command: [c0ebdd0f1170c11c07bc9d583714097e, findElement {using=xpath, value=//h2[normalize-space()=&#039;LOCATE A DEALER&#039;]}]
Capabilities {acceptInsecureCerts: false, browserName: chrome, browserVersion: 131.0.6778.86, chrome: {chromedriverVersion: 131.0.6778.85 (3d81e41b6f3a..., userDataDir: C:\Users\QA\AppData\Local\T...}, fedcm:accounts: true, goog:chromeOptions: {debuggerAddress: localhost:55551}, networkConnectionEnabled: false, pageLoadStrategy: normal, platformName: windows, proxy: Proxy(), se:cdp: ws://localhost:55551/devtoo..., se:cdpVersion: 131.0.6778.86, setWindowRect: true, strictFileInteractability: false, timeouts: {implicit: 0, pageLoad: 300000, script: 30000}, unhandledPromptBehavior: dismiss and notify, webauthn:extension:credBlob: true, webauthn:extension:largeBlob: true, webauthn:extension:minPinLength: true, webauthn:extension:prf: true, webauthn:virtualAuthenticators: true}
Session ID: c0ebdd0f1170c11c07bc9d583714097e expected [true] but found [false]" type="java.lang.AssertionError">
      <![CDATA[java.lang.AssertionError: Unable to visible field  : Locate A Dealer Page Text  --  Proxy element for: DefaultElementLocator 'By.xpath: //h2[normalize-space()='LOCATE A DEALER']'  --  org.openqa.selenium.NoSuchElementException: no such element: Unable to locate element: {"method":"xpath","selector":"//h2[normalize-space()='LOCATE A DEALER']"}
  (Session info: chrome=131.0.6778.86)
For documentation on this error, please visit: https://www.selenium.dev/documentation/webdriver/troubleshooting/errors#no-such-element-exception
Build info: version: '4.13.0', revision: 'ba948ece5b*'
System info: os.name: 'Windows 10', os.arch: 'amd64', os.version: '10.0', java.version: '22.0.1'
Driver info: org.openqa.selenium.chrome.ChromeDriver
Command: [c0ebdd0f1170c11c07bc9d583714097e, findElement {using=xpath, value=//h2[normalize-space()='LOCATE A DEALER']}]
Capabilities {acceptInsecureCerts: false, browserName: chrome, browserVersion: 131.0.6778.86, chrome: {chromedriverVersion: 131.0.6778.85 (3d81e41b6f3a..., userDataDir: C:\Users\QA\AppData\Local\T...}, fedcm:accounts: true, goog:chromeOptions: {debuggerAddress: localhost:55551}, networkConnectionEnabled: false, pageLoadStrategy: normal, platformName: windows, proxy: Proxy(), se:cdp: ws://localhost:55551/devtoo..., se:cdpVersion: 131.0.6778.86, setWindowRect: true, strictFileInteractability: false, timeouts: {implicit: 0, pageLoad: 300000, script: 30000}, unhandledPromptBehavior: dismiss and notify, webauthn:extension:credBlob: true, webauthn:extension:largeBlob: true, webauthn:extension:minPinLength: true, webauthn:extension:prf: true, webauthn:virtualAuthenticators: true}
Session ID: c0ebdd0f1170c11c07bc9d583714097e expected [true] but found [false]
at org.testng.Assert.fail(Assert.java:110)
at org.testng.Assert.failNotEquals(Assert.java:1577)
at org.testng.Assert.assertTrue(Assert.java:56)
at GB_Webapp.Utility.Library.visible_link(Library.java:69)
at GB_Webapp.Page.HomePage.verify_dealer_page(HomePage.java:1070)
at GB_Webapp.StepDefinition.HomePageTest.verify_dealer_page(HomePageTest.java:368)
at ✽.Verify dealer page(file:///C:/Users/QA/OneDrive/Documents/Zoom/Intellij_trial/Hero_GB_WebApp_UI_Testing_BDD/./AllCountryFeatureFiles/FeatureFilesPhilippines/05_AboutHero.feature:13)
]]>
    </failure>
  </testcase> <!-- runScenario -->
  <system-out/>
  <testcase classname="GB_Webapp.TestRunner.Philippines" name="runScenario" time="21.660"/>
  <system-out/>
  <testcase classname="GB_Webapp.TestRunner.Philippines" name="runScenario" time="7.863"/>
  <system-out/>
  <testcase classname="GB_Webapp.TestRunner.Philippines" name="runScenario" time="7.730"/>
  <system-out/>
  <testcase classname="GB_Webapp.TestRunner.Philippines" name="runScenario" time="127.014">
    <error message="timeout: Timed out receiving message from renderer: 15.000
  (Session info: chrome=131.0.6778.86)
Build info: version: &#039;4.13.0&#039;, revision: &#039;ba948ece5b*&#039;
System info: os.name: &#039;Windows 10&#039;, os.arch: &#039;amd64&#039;, os.version: &#039;10.0&#039;, java.version: &#039;22.0.1&#039;
Driver info: org.openqa.selenium.chrome.ChromeDriver
Command: [57690125e09393636028be88ec936699, findElement {using=xpath, value=(//a[@type=&#039;button&#039;][normalize-space()=&#039;VIEW SPECIFICATIONS&#039;])[2]}]
Capabilities {acceptInsecureCerts: false, browserName: chrome, browserVersion: 131.0.6778.86, chrome: {chromedriverVersion: 131.0.6778.85 (3d81e41b6f3a..., userDataDir: C:\Users\QA\AppData\Local\T...}, fedcm:accounts: true, goog:chromeOptions: {debuggerAddress: localhost:55318}, networkConnectionEnabled: false, pageLoadStrategy: normal, platformName: windows, proxy: Proxy(), se:cdp: ws://localhost:55318/devtoo..., se:cdpVersion: 131.0.6778.86, setWindowRect: true, strictFileInteractability: false, timeouts: {implicit: 0, pageLoad: 300000, script: 30000}, unhandledPromptBehavior: dismiss and notify, webauthn:extension:credBlob: true, webauthn:extension:largeBlob: true, webauthn:extension:minPinLength: true, webauthn:extension:prf: true, webauthn:virtualAuthenticators: true}
Session ID: 57690125e09393636028be88ec936699" type="org.openqa.selenium.TimeoutException">
      <![CDATA[org.openqa.selenium.TimeoutException: timeout: Timed out receiving message from renderer: 15.000
  (Session info: chrome=131.0.6778.86)
Build info: version: '4.13.0', revision: 'ba948ece5b*'
System info: os.name: 'Windows 10', os.arch: 'amd64', os.version: '10.0', java.version: '22.0.1'
Driver info: org.openqa.selenium.chrome.ChromeDriver
Command: [57690125e09393636028be88ec936699, findElement {using=xpath, value=(//a[@type='button'][normalize-space()='VIEW SPECIFICATIONS'])[2]}]
Capabilities {acceptInsecureCerts: false, browserName: chrome, browserVersion: 131.0.6778.86, chrome: {chromedriverVersion: 131.0.6778.85 (3d81e41b6f3a..., userDataDir: C:\Users\QA\AppData\Local\T...}, fedcm:accounts: true, goog:chromeOptions: {debuggerAddress: localhost:55318}, networkConnectionEnabled: false, pageLoadStrategy: normal, platformName: windows, proxy: Proxy(), se:cdp: ws://localhost:55318/devtoo..., se:cdpVersion: 131.0.6778.86, setWindowRect: true, strictFileInteractability: false, timeouts: {implicit: 0, pageLoad: 300000, script: 30000}, unhandledPromptBehavior: dismiss and notify, webauthn:extension:credBlob: true, webauthn:extension:largeBlob: true, webauthn:extension:minPinLength: true, webauthn:extension:prf: true, webauthn:virtualAuthenticators: true}
Session ID: 57690125e09393636028be88ec936699
at java.base/jdk.internal.reflect.DirectConstructorHandleAccessor.newInstance(DirectConstructorHandleAccessor.java:62)
at java.base/java.lang.reflect.Constructor.newInstanceWithCaller(Constructor.java:502)
at java.base/java.lang.reflect.Constructor.newInstance(Constructor.java:486)
at org.openqa.selenium.remote.codec.w3c.W3CHttpResponseCodec.createException(W3CHttpResponseCodec.java:200)
at org.openqa.selenium.remote.codec.w3c.W3CHttpResponseCodec.decode(W3CHttpResponseCodec.java:133)
at org.openqa.selenium.remote.codec.w3c.W3CHttpResponseCodec.decode(W3CHttpResponseCodec.java:52)
at org.openqa.selenium.remote.HttpCommandExecutor.execute(HttpCommandExecutor.java:191)
at org.openqa.selenium.remote.service.DriverCommandExecutor.invokeExecute(DriverCommandExecutor.java:196)
at org.openqa.selenium.remote.service.DriverCommandExecutor.execute(DriverCommandExecutor.java:171)
at org.openqa.selenium.remote.RemoteWebDriver.execute(RemoteWebDriver.java:602)
at org.openqa.selenium.remote.ElementLocation$ElementFinder$2.findElement(ElementLocation.java:165)
at org.openqa.selenium.remote.ElementLocation.findElement(ElementLocation.java:59)
at org.openqa.selenium.remote.RemoteWebDriver.findElement(RemoteWebDriver.java:359)
at org.openqa.selenium.remote.RemoteWebDriver.findElement(RemoteWebDriver.java:353)
at org.openqa.selenium.support.pagefactory.DefaultElementLocator.findElement(DefaultElementLocator.java:68)
at org.openqa.selenium.support.pagefactory.internal.LocatingElementHandler.invoke(LocatingElementHandler.java:38)
at jdk.proxy2/jdk.proxy2.$Proxy49.toString(Unknown Source)
at java.base/java.lang.String.valueOf(String.java:4507)
at java.base/java.lang.StringBuilder.append(StringBuilder.java:173)
at GB_Webapp.Utility.Library.click(Library.java:37)
at GB_Webapp.Page.HomePage.verifyHunk160R4vBike(HomePage.java:1166)
at GB_Webapp.StepDefinition.HomePageTest.click_on_Philippines_bike_name_and_verify_expanded_card_info(HomePageTest.java:413)
at ✽.Click on Philippines "Hunk160R4V" bike name and verify expanded card info(file:///C:/Users/QA/OneDrive/Documents/Zoom/Intellij_trial/Hero_GB_WebApp_UI_Testing_BDD/./AllCountryFeatureFiles/FeatureFilesPhilippines/01_HomePage.feature:55)
]]>
    </error>
  </testcase> <!-- runScenario -->
  <system-out/>
  <testcase classname="GB_Webapp.TestRunner.Philippines" name="runScenario" time="12.609">
    <failure message="Unable to click element : service icon  --  [[ChromeDriver: chrome on windows (c0ebdd0f1170c11c07bc9d583714097e)] -&gt; xpath: //a[normalize-space()=&#039;SERVICE&#039;]]  --  org.openqa.selenium.ElementNotInteractableException: element not interactable
  (Session info: chrome=131.0.6778.86)
Build info: version: &#039;4.13.0&#039;, revision: &#039;ba948ece5b*&#039;
System info: os.name: &#039;Windows 10&#039;, os.arch: &#039;amd64&#039;, os.version: &#039;10.0&#039;, java.version: &#039;22.0.1&#039;
Driver info: org.openqa.selenium.chrome.ChromeDriver
Command: [c0ebdd0f1170c11c07bc9d583714097e, clickElement {id=f.6E6AFA06E04EF1DE75AB6F68FF3A3C7E.d.3FCFC8CBD74B02EC712036D508CBD2F8.e.2785}]
Capabilities {acceptInsecureCerts: false, browserName: chrome, browserVersion: 131.0.6778.86, chrome: {chromedriverVersion: 131.0.6778.85 (3d81e41b6f3a..., userDataDir: C:\Users\QA\AppData\Local\T...}, fedcm:accounts: true, goog:chromeOptions: {debuggerAddress: localhost:55551}, networkConnectionEnabled: false, pageLoadStrategy: normal, platformName: windows, proxy: Proxy(), se:cdp: ws://localhost:55551/devtoo..., se:cdpVersion: 131.0.6778.86, setWindowRect: true, strictFileInteractability: false, timeouts: {implicit: 0, pageLoad: 300000, script: 30000}, unhandledPromptBehavior: dismiss and notify, webauthn:extension:credBlob: true, webauthn:extension:largeBlob: true, webauthn:extension:minPinLength: true, webauthn:extension:prf: true, webauthn:virtualAuthenticators: true}
Element: [[ChromeDriver: chrome on windows (c0ebdd0f1170c11c07bc9d583714097e)] -&gt; xpath: //a[normalize-space()=&#039;SERVICE&#039;]]
Session ID: c0ebdd0f1170c11c07bc9d583714097e expected [true] but found [false]" type="java.lang.AssertionError">
      <![CDATA[java.lang.AssertionError: Unable to click element : service icon  --  [[ChromeDriver: chrome on windows (c0ebdd0f1170c11c07bc9d583714097e)] -> xpath: //a[normalize-space()='SERVICE']]  --  org.openqa.selenium.ElementNotInteractableException: element not interactable
  (Session info: chrome=131.0.6778.86)
Build info: version: '4.13.0', revision: 'ba948ece5b*'
System info: os.name: 'Windows 10', os.arch: 'amd64', os.version: '10.0', java.version: '22.0.1'
Driver info: org.openqa.selenium.chrome.ChromeDriver
Command: [c0ebdd0f1170c11c07bc9d583714097e, clickElement {id=f.6E6AFA06E04EF1DE75AB6F68FF3A3C7E.d.3FCFC8CBD74B02EC712036D508CBD2F8.e.2785}]
Capabilities {acceptInsecureCerts: false, browserName: chrome, browserVersion: 131.0.6778.86, chrome: {chromedriverVersion: 131.0.6778.85 (3d81e41b6f3a..., userDataDir: C:\Users\QA\AppData\Local\T...}, fedcm:accounts: true, goog:chromeOptions: {debuggerAddress: localhost:55551}, networkConnectionEnabled: false, pageLoadStrategy: normal, platformName: windows, proxy: Proxy(), se:cdp: ws://localhost:55551/devtoo..., se:cdpVersion: 131.0.6778.86, setWindowRect: true, strictFileInteractability: false, timeouts: {implicit: 0, pageLoad: 300000, script: 30000}, unhandledPromptBehavior: dismiss and notify, webauthn:extension:credBlob: true, webauthn:extension:largeBlob: true, webauthn:extension:minPinLength: true, webauthn:extension:prf: true, webauthn:virtualAuthenticators: true}
Element: [[ChromeDriver: chrome on windows (c0ebdd0f1170c11c07bc9d583714097e)] -> xpath: //a[normalize-space()='SERVICE']]
Session ID: c0ebdd0f1170c11c07bc9d583714097e expected [true] but found [false]
at org.testng.Assert.fail(Assert.java:110)
at org.testng.Assert.failNotEquals(Assert.java:1577)
at org.testng.Assert.assertTrue(Assert.java:56)
at GB_Webapp.Utility.Library.click(Library.java:38)
at GB_Webapp.Page.ServicePage.click_on_hero_genuine_parts(ServicePage.java:432)
at GB_Webapp.StepDefinition.ServiceTest.click_on_hero_genuine_parts(ServiceTest.java:127)
at ✽.Click on hero genuine parts(file:///C:/Users/QA/OneDrive/Documents/Zoom/Intellij_trial/Hero_GB_WebApp_UI_Testing_BDD/./AllCountryFeatureFiles/FeatureFilesPhilippines/04_Service.feature:38)
]]>
    </failure>
  </testcase> <!-- runScenario -->
  <system-out/>
  <testcase classname="GB_Webapp.TestRunner.Philippines" name="runScenario" time="27.626">
    <failure message="Unable to visible field  : Thank You Popup  --  Proxy element for: DefaultElementLocator &#039;By.xpath: //h2[normalize-space()=&#039;Thank You&#039;]&#039;  --  org.openqa.selenium.NoSuchElementException: no such element: Unable to locate element: {&quot;method&quot;:&quot;xpath&quot;,&quot;selector&quot;:&quot;//h2[normalize-space()=&#039;Thank You&#039;]&quot;}
  (Session info: chrome=131.0.6778.86)
For documentation on this error, please visit: https://www.selenium.dev/documentation/webdriver/troubleshooting/errors#no-such-element-exception
Build info: version: &#039;4.13.0&#039;, revision: &#039;ba948ece5b*&#039;
System info: os.name: &#039;Windows 10&#039;, os.arch: &#039;amd64&#039;, os.version: &#039;10.0&#039;, java.version: &#039;22.0.1&#039;
Driver info: org.openqa.selenium.chrome.ChromeDriver
Command: [c0ebdd0f1170c11c07bc9d583714097e, findElement {using=xpath, value=//h2[normalize-space()=&#039;Thank You&#039;]}]
Capabilities {acceptInsecureCerts: false, browserName: chrome, browserVersion: 131.0.6778.86, chrome: {chromedriverVersion: 131.0.6778.85 (3d81e41b6f3a..., userDataDir: C:\Users\QA\AppData\Local\T...}, fedcm:accounts: true, goog:chromeOptions: {debuggerAddress: localhost:55551}, networkConnectionEnabled: false, pageLoadStrategy: normal, platformName: windows, proxy: Proxy(), se:cdp: ws://localhost:55551/devtoo..., se:cdpVersion: 131.0.6778.86, setWindowRect: true, strictFileInteractability: false, timeouts: {implicit: 0, pageLoad: 300000, script: 30000}, unhandledPromptBehavior: dismiss and notify, webauthn:extension:credBlob: true, webauthn:extension:largeBlob: true, webauthn:extension:minPinLength: true, webauthn:extension:prf: true, webauthn:virtualAuthenticators: true}
Session ID: c0ebdd0f1170c11c07bc9d583714097e expected [true] but found [false]" type="java.lang.AssertionError">
      <![CDATA[java.lang.AssertionError: Unable to visible field  : Thank You Popup  --  Proxy element for: DefaultElementLocator 'By.xpath: //h2[normalize-space()='Thank You']'  --  org.openqa.selenium.NoSuchElementException: no such element: Unable to locate element: {"method":"xpath","selector":"//h2[normalize-space()='Thank You']"}
  (Session info: chrome=131.0.6778.86)
For documentation on this error, please visit: https://www.selenium.dev/documentation/webdriver/troubleshooting/errors#no-such-element-exception
Build info: version: '4.13.0', revision: 'ba948ece5b*'
System info: os.name: 'Windows 10', os.arch: 'amd64', os.version: '10.0', java.version: '22.0.1'
Driver info: org.openqa.selenium.chrome.ChromeDriver
Command: [c0ebdd0f1170c11c07bc9d583714097e, findElement {using=xpath, value=//h2[normalize-space()='Thank You']}]
Capabilities {acceptInsecureCerts: false, browserName: chrome, browserVersion: 131.0.6778.86, chrome: {chromedriverVersion: 131.0.6778.85 (3d81e41b6f3a..., userDataDir: C:\Users\QA\AppData\Local\T...}, fedcm:accounts: true, goog:chromeOptions: {debuggerAddress: localhost:55551}, networkConnectionEnabled: false, pageLoadStrategy: normal, platformName: windows, proxy: Proxy(), se:cdp: ws://localhost:55551/devtoo..., se:cdpVersion: 131.0.6778.86, setWindowRect: true, strictFileInteractability: false, timeouts: {implicit: 0, pageLoad: 300000, script: 30000}, unhandledPromptBehavior: dismiss and notify, webauthn:extension:credBlob: true, webauthn:extension:largeBlob: true, webauthn:extension:minPinLength: true, webauthn:extension:prf: true, webauthn:virtualAuthenticators: true}
Session ID: c0ebdd0f1170c11c07bc9d583714097e expected [true] but found [false]
at org.testng.Assert.fail(Assert.java:110)
at org.testng.Assert.failNotEquals(Assert.java:1577)
at org.testng.Assert.assertTrue(Assert.java:56)
at GB_Webapp.Utility.Library.visible_link(Library.java:69)
at GB_Webapp.Page.AboutHeroPage.click_on_submit_button_and_verify_thank_you_pop_up(AboutHeroPage.java:308)
at GB_Webapp.StepDefinition.AboutHeroTest.click_on_submit_button_and_verify_thank_you_pop_up(AboutHeroTest.java:88)
at ✽.Click on Submit button and verify Thank you pop up(file:///C:/Users/QA/OneDrive/Documents/Zoom/Intellij_trial/Hero_GB_WebApp_UI_Testing_BDD/./AllCountryFeatureFiles/FeatureFilesPhilippines/05_AboutHero.feature:36)
]]>
    </failure>
  </testcase> <!-- runScenario -->
  <system-out/>
  <testcase classname="GB_Webapp.TestRunner.Philippines" name="runScenario" time="8.177">
    <failure message="Fail msg : Unable to visible field  : Select Bike DropDown is not working properly" type="java.lang.AssertionError">
      <![CDATA[java.lang.AssertionError: Fail msg : Unable to visible field  : Select Bike DropDown is not working properly
at org.testng.Assert.fail(Assert.java:110)
at GB_Webapp.Utility.Library.failmsg(Library.java:273)
at GB_Webapp.Page.ServicePage.verify_service_schedule_and_dropdown_three_bikes(ServicePage.java:471)
at GB_Webapp.StepDefinition.ServiceTest.verify_service_schedule_and_dropdown_three_bikes(ServiceTest.java:148)
at ✽.Verify service schedule and dropdown three bikes(file:///C:/Users/QA/OneDrive/Documents/Zoom/Intellij_trial/Hero_GB_WebApp_UI_Testing_BDD/./AllCountryFeatureFiles/FeatureFilesPhilippines/04_Service.feature:18)
]]>
    </failure>
  </testcase> <!-- runScenario -->
  <system-out/>
  <testcase classname="GB_Webapp.TestRunner.Philippines" name="runScenario" time="8.750"/>
  <system-out/>
  <testcase classname="GB_Webapp.TestRunner.Philippines" name="runScenario" time="3.923"/>
  <system-out/>
  <testcase classname="GB_Webapp.TestRunner.Philippines" name="runScenario" time="34.959"/>
  <system-out/>
  <testcase classname="GB_Webapp.TestRunner.Philippines" name="runScenario" time="31.199">
    <failure message="Unable to click element : Variant Wise Price  --  Proxy element for: DefaultElementLocator &#039;By.xpath: (//a[text()=&#039;Variant Wise Price&#039;])[1]&#039;  --  org.openqa.selenium.TimeoutException: timeout: Timed out receiving message from renderer: 15.000
  (Session info: chrome=131.0.6778.86)
Build info: version: &#039;4.13.0&#039;, revision: &#039;ba948ece5b*&#039;
System info: os.name: &#039;Windows 10&#039;, os.arch: &#039;amd64&#039;, os.version: &#039;10.0&#039;, java.version: &#039;22.0.1&#039;
Driver info: org.openqa.selenium.chrome.ChromeDriver
Command: [57690125e09393636028be88ec936699, clickElement {id=f.9CCCADA39F7E93BD467211720D53DA92.d.287692445D21A8DB3CDBCBE255ED3C35.e.529}]
Capabilities {acceptInsecureCerts: false, browserName: chrome, browserVersion: 131.0.6778.86, chrome: {chromedriverVersion: 131.0.6778.85 (3d81e41b6f3a..., userDataDir: C:\Users\QA\AppData\Local\T...}, fedcm:accounts: true, goog:chromeOptions: {debuggerAddress: localhost:55318}, networkConnectionEnabled: false, pageLoadStrategy: normal, platformName: windows, proxy: Proxy(), se:cdp: ws://localhost:55318/devtoo..., se:cdpVersion: 131.0.6778.86, setWindowRect: true, strictFileInteractability: false, timeouts: {implicit: 0, pageLoad: 300000, script: 30000}, unhandledPromptBehavior: dismiss and notify, webauthn:extension:credBlob: true, webauthn:extension:largeBlob: true, webauthn:extension:minPinLength: true, webauthn:extension:prf: true, webauthn:virtualAuthenticators: true}
Element: [[ChromeDriver: chrome on windows (57690125e09393636028be88ec936699)] -&gt; xpath: (//a[text()=&#039;Variant Wise Price&#039;])[1]]
Session ID: 57690125e09393636028be88ec936699 expected [true] but found [false]" type="java.lang.AssertionError">
      <![CDATA[java.lang.AssertionError: Unable to click element : Variant Wise Price  --  Proxy element for: DefaultElementLocator 'By.xpath: (//a[text()='Variant Wise Price'])[1]'  --  org.openqa.selenium.TimeoutException: timeout: Timed out receiving message from renderer: 15.000
  (Session info: chrome=131.0.6778.86)
Build info: version: '4.13.0', revision: 'ba948ece5b*'
System info: os.name: 'Windows 10', os.arch: 'amd64', os.version: '10.0', java.version: '22.0.1'
Driver info: org.openqa.selenium.chrome.ChromeDriver
Command: [57690125e09393636028be88ec936699, clickElement {id=f.9CCCADA39F7E93BD467211720D53DA92.d.287692445D21A8DB3CDBCBE255ED3C35.e.529}]
Capabilities {acceptInsecureCerts: false, browserName: chrome, browserVersion: 131.0.6778.86, chrome: {chromedriverVersion: 131.0.6778.85 (3d81e41b6f3a..., userDataDir: C:\Users\QA\AppData\Local\T...}, fedcm:accounts: true, goog:chromeOptions: {debuggerAddress: localhost:55318}, networkConnectionEnabled: false, pageLoadStrategy: normal, platformName: windows, proxy: Proxy(), se:cdp: ws://localhost:55318/devtoo..., se:cdpVersion: 131.0.6778.86, setWindowRect: true, strictFileInteractability: false, timeouts: {implicit: 0, pageLoad: 300000, script: 30000}, unhandledPromptBehavior: dismiss and notify, webauthn:extension:credBlob: true, webauthn:extension:largeBlob: true, webauthn:extension:minPinLength: true, webauthn:extension:prf: true, webauthn:virtualAuthenticators: true}
Element: [[ChromeDriver: chrome on windows (57690125e09393636028be88ec936699)] -> xpath: (//a[text()='Variant Wise Price'])[1]]
Session ID: 57690125e09393636028be88ec936699 expected [true] but found [false]
at org.testng.Assert.fail(Assert.java:110)
at org.testng.Assert.failNotEquals(Assert.java:1577)
at org.testng.Assert.assertTrue(Assert.java:56)
at GB_Webapp.Utility.Library.click(Library.java:38)
at GB_Webapp.Page.HomePage.verifyxpulse2004vBike(HomePage.java:1128)
at GB_Webapp.StepDefinition.HomePageTest.click_on_Philippines_bike_name_and_verify_expanded_card_info(HomePageTest.java:410)
at ✽.Click on Philippines "Xpulse2004V" bike name and verify expanded card info(file:///C:/Users/QA/OneDrive/Documents/Zoom/Intellij_trial/Hero_GB_WebApp_UI_Testing_BDD/./AllCountryFeatureFiles/FeatureFilesPhilippines/01_HomePage.feature:55)
]]>
    </failure>
  </testcase> <!-- runScenario -->
  <system-out/>
  <testcase classname="GB_Webapp.TestRunner.Philippines" name="runScenario" time="6.655"/>
  <system-out/>
  <testcase classname="GB_Webapp.TestRunner.Philippines" name="runScenario" time="21.324"/>
  <system-out/>
  <testcase classname="GB_Webapp.TestRunner.Philippines" name="runScenario" time="0.962"/>
  <system-out/>
  <testcase classname="GB_Webapp.TestRunner.Philippines" name="runScenario" time="4.579"/>
  <system-out/>
  <testcase classname="GB_Webapp.TestRunner.Philippines" name="runScenario" time="10.641"/>
  <system-out/>
  <testcase classname="GB_Webapp.TestRunner.Philippines" name="runScenario" time="2.633"/>
  <system-out/>
  <testcase classname="GB_Webapp.TestRunner.Philippines" name="runScenario" time="13.244"/>
  <system-out/>
  <testcase classname="GB_Webapp.TestRunner.Philippines" name="runScenario" time="38.337"/>
  <system-out/>
  <testcase classname="GB_Webapp.TestRunner.Philippines" name="runScenario" time="5.567"/>
  <system-out/>
  <testcase classname="GB_Webapp.TestRunner.Philippines" name="runScenario" time="6.410"/>
  <system-out/>
  <testcase classname="GB_Webapp.TestRunner.Philippines" name="runScenario" time="4.099"/>
  <system-out/>
  <testcase classname="GB_Webapp.TestRunner.Philippines" name="runScenario" time="23.875"/>
  <system-out/>
  <testcase classname="GB_Webapp.TestRunner.Philippines" name="runScenario" time="1.378"/>
  <system-out/>
  <testcase classname="GB_Webapp.TestRunner.Philippines" name="runScenario" time="1.395"/>
  <system-out/>
  <testcase classname="GB_Webapp.TestRunner.Philippines" name="runScenario" time="1.757"/>
  <system-out/>
  <testcase classname="GB_Webapp.TestRunner.Philippines" name="runScenario" time="5.808"/>
  <system-out/>
  <testcase classname="GB_Webapp.TestRunner.Philippines" name="runScenario" time="34.646">
    <failure message="Fail msg : Download broucher is not open in new tab" type="java.lang.AssertionError">
      <![CDATA[java.lang.AssertionError: Fail msg : Download broucher is not open in new tab
at org.testng.Assert.fail(Assert.java:110)
at GB_Webapp.Utility.Library.failmsg(Library.java:273)
at GB_Webapp.Page.ZambiaBikeFeaturePage.click_on_download_broucher_button1(ZambiaBikeFeaturePage.java:433)
at GB_Webapp.StepDefinition.ZambiaBikeFeatureTest.click_on_download_broucher_button1(ZambiaBikeFeatureTest.java:176)
at ✽.Click on download broucher button1 "Xpulse2004V"(file:///C:/Users/QA/OneDrive/Documents/Zoom/Intellij_trial/Hero_GB_WebApp_UI_Testing_BDD/./AllCountryFeatureFiles/FeatureFilesPhilippines/02_PhilippinesBikeFeature.feature:16)
]]>
    </failure>
  </testcase> <!-- runScenario -->
  <system-out/>
  <testcase classname="GB_Webapp.TestRunner.Philippines" name="runScenario" time="39.141">
    <failure message="Unable to click element : About hero icon  --  Proxy element for: DefaultElementLocator &#039;By.xpath: //a[normalize-space()=&#039;ABOUT HERO&#039;]&#039;  --  org.openqa.selenium.NoSuchElementException: no such element: Unable to locate element: {&quot;method&quot;:&quot;xpath&quot;,&quot;selector&quot;:&quot;//a[normalize-space()=&#039;ABOUT HERO&#039;]&quot;}
  (Session info: chrome=131.0.6778.86)
For documentation on this error, please visit: https://www.selenium.dev/documentation/webdriver/troubleshooting/errors#no-such-element-exception
Build info: version: &#039;4.13.0&#039;, revision: &#039;ba948ece5b*&#039;
System info: os.name: &#039;Windows 10&#039;, os.arch: &#039;amd64&#039;, os.version: &#039;10.0&#039;, java.version: &#039;22.0.1&#039;
Driver info: org.openqa.selenium.chrome.ChromeDriver
Command: [c0ebdd0f1170c11c07bc9d583714097e, findElement {using=xpath, value=//a[normalize-space()=&#039;ABOUT HERO&#039;]}]
Capabilities {acceptInsecureCerts: false, browserName: chrome, browserVersion: 131.0.6778.86, chrome: {chromedriverVersion: 131.0.6778.85 (3d81e41b6f3a..., userDataDir: C:\Users\QA\AppData\Local\T...}, fedcm:accounts: true, goog:chromeOptions: {debuggerAddress: localhost:55551}, networkConnectionEnabled: false, pageLoadStrategy: normal, platformName: windows, proxy: Proxy(), se:cdp: ws://localhost:55551/devtoo..., se:cdpVersion: 131.0.6778.86, setWindowRect: true, strictFileInteractability: false, timeouts: {implicit: 0, pageLoad: 300000, script: 30000}, unhandledPromptBehavior: dismiss and notify, webauthn:extension:credBlob: true, webauthn:extension:largeBlob: true, webauthn:extension:minPinLength: true, webauthn:extension:prf: true, webauthn:virtualAuthenticators: true}
Session ID: c0ebdd0f1170c11c07bc9d583714097e expected [true] but found [false]" type="java.lang.AssertionError">
      <![CDATA[java.lang.AssertionError: Unable to click element : About hero icon  --  Proxy element for: DefaultElementLocator 'By.xpath: //a[normalize-space()='ABOUT HERO']'  --  org.openqa.selenium.NoSuchElementException: no such element: Unable to locate element: {"method":"xpath","selector":"//a[normalize-space()='ABOUT HERO']"}
  (Session info: chrome=131.0.6778.86)
For documentation on this error, please visit: https://www.selenium.dev/documentation/webdriver/troubleshooting/errors#no-such-element-exception
Build info: version: '4.13.0', revision: 'ba948ece5b*'
System info: os.name: 'Windows 10', os.arch: 'amd64', os.version: '10.0', java.version: '22.0.1'
Driver info: org.openqa.selenium.chrome.ChromeDriver
Command: [c0ebdd0f1170c11c07bc9d583714097e, findElement {using=xpath, value=//a[normalize-space()='ABOUT HERO']}]
Capabilities {acceptInsecureCerts: false, browserName: chrome, browserVersion: 131.0.6778.86, chrome: {chromedriverVersion: 131.0.6778.85 (3d81e41b6f3a..., userDataDir: C:\Users\QA\AppData\Local\T...}, fedcm:accounts: true, goog:chromeOptions: {debuggerAddress: localhost:55551}, networkConnectionEnabled: false, pageLoadStrategy: normal, platformName: windows, proxy: Proxy(), se:cdp: ws://localhost:55551/devtoo..., se:cdpVersion: 131.0.6778.86, setWindowRect: true, strictFileInteractability: false, timeouts: {implicit: 0, pageLoad: 300000, script: 30000}, unhandledPromptBehavior: dismiss and notify, webauthn:extension:credBlob: true, webauthn:extension:largeBlob: true, webauthn:extension:minPinLength: true, webauthn:extension:prf: true, webauthn:virtualAuthenticators: true}
Session ID: c0ebdd0f1170c11c07bc9d583714097e expected [true] but found [false]
at org.testng.Assert.fail(Assert.java:110)
at org.testng.Assert.failNotEquals(Assert.java:1577)
at org.testng.Assert.assertTrue(Assert.java:56)
at GB_Webapp.Utility.Library.click(Library.java:38)
at GB_Webapp.StepDefinition.AboutHeroTest.click_on_reach_us_icon(AboutHeroTest.java:39)
at ✽.Click on Reach us icon(file:///C:/Users/QA/OneDrive/Documents/Zoom/Intellij_trial/Hero_GB_WebApp_UI_Testing_BDD/./AllCountryFeatureFiles/FeatureFilesPhilippines/05_AboutHero.feature:22)
]]>
    </failure>
  </testcase> <!-- runScenario -->
  <system-out/>
  <testcase classname="GB_Webapp.TestRunner.Philippines" name="runScenario" time="6.391"/>
  <system-out/>
  <testcase classname="GB_Webapp.TestRunner.Philippines" name="runScenario" time="42.989">
    <failure message="Unable to visible field  : Thank You Popup  --  Proxy element for: DefaultElementLocator &#039;By.xpath: //h2[normalize-space()=&#039;Thank You&#039;]&#039;  --  org.openqa.selenium.NoSuchElementException: no such element: Unable to locate element: {&quot;method&quot;:&quot;xpath&quot;,&quot;selector&quot;:&quot;//h2[normalize-space()=&#039;Thank You&#039;]&quot;}
  (Session info: chrome=131.0.6778.86)
For documentation on this error, please visit: https://www.selenium.dev/documentation/webdriver/troubleshooting/errors#no-such-element-exception
Build info: version: &#039;4.13.0&#039;, revision: &#039;ba948ece5b*&#039;
System info: os.name: &#039;Windows 10&#039;, os.arch: &#039;amd64&#039;, os.version: &#039;10.0&#039;, java.version: &#039;22.0.1&#039;
Driver info: org.openqa.selenium.chrome.ChromeDriver
Command: [c0ebdd0f1170c11c07bc9d583714097e, findElement {using=xpath, value=//h2[normalize-space()=&#039;Thank You&#039;]}]
Capabilities {acceptInsecureCerts: false, browserName: chrome, browserVersion: 131.0.6778.86, chrome: {chromedriverVersion: 131.0.6778.85 (3d81e41b6f3a..., userDataDir: C:\Users\QA\AppData\Local\T...}, fedcm:accounts: true, goog:chromeOptions: {debuggerAddress: localhost:55551}, networkConnectionEnabled: false, pageLoadStrategy: normal, platformName: windows, proxy: Proxy(), se:cdp: ws://localhost:55551/devtoo..., se:cdpVersion: 131.0.6778.86, setWindowRect: true, strictFileInteractability: false, timeouts: {implicit: 0, pageLoad: 300000, script: 30000}, unhandledPromptBehavior: dismiss and notify, webauthn:extension:credBlob: true, webauthn:extension:largeBlob: true, webauthn:extension:minPinLength: true, webauthn:extension:prf: true, webauthn:virtualAuthenticators: true}
Session ID: c0ebdd0f1170c11c07bc9d583714097e expected [true] but found [false]" type="java.lang.AssertionError">
      <![CDATA[java.lang.AssertionError: Unable to visible field  : Thank You Popup  --  Proxy element for: DefaultElementLocator 'By.xpath: //h2[normalize-space()='Thank You']'  --  org.openqa.selenium.NoSuchElementException: no such element: Unable to locate element: {"method":"xpath","selector":"//h2[normalize-space()='Thank You']"}
  (Session info: chrome=131.0.6778.86)
For documentation on this error, please visit: https://www.selenium.dev/documentation/webdriver/troubleshooting/errors#no-such-element-exception
Build info: version: '4.13.0', revision: 'ba948ece5b*'
System info: os.name: 'Windows 10', os.arch: 'amd64', os.version: '10.0', java.version: '22.0.1'
Driver info: org.openqa.selenium.chrome.ChromeDriver
Command: [c0ebdd0f1170c11c07bc9d583714097e, findElement {using=xpath, value=//h2[normalize-space()='Thank You']}]
Capabilities {acceptInsecureCerts: false, browserName: chrome, browserVersion: 131.0.6778.86, chrome: {chromedriverVersion: 131.0.6778.85 (3d81e41b6f3a..., userDataDir: C:\Users\QA\AppData\Local\T...}, fedcm:accounts: true, goog:chromeOptions: {debuggerAddress: localhost:55551}, networkConnectionEnabled: false, pageLoadStrategy: normal, platformName: windows, proxy: Proxy(), se:cdp: ws://localhost:55551/devtoo..., se:cdpVersion: 131.0.6778.86, setWindowRect: true, strictFileInteractability: false, timeouts: {implicit: 0, pageLoad: 300000, script: 30000}, unhandledPromptBehavior: dismiss and notify, webauthn:extension:credBlob: true, webauthn:extension:largeBlob: true, webauthn:extension:minPinLength: true, webauthn:extension:prf: true, webauthn:virtualAuthenticators: true}
Session ID: c0ebdd0f1170c11c07bc9d583714097e expected [true] but found [false]
at org.testng.Assert.fail(Assert.java:110)
at org.testng.Assert.failNotEquals(Assert.java:1577)
at org.testng.Assert.assertTrue(Assert.java:56)
at GB_Webapp.Utility.Library.visible_link(Library.java:69)
at GB_Webapp.Page.AboutHeroPage.click_on_submit_button_and_verify_thank_you_pop_up(AboutHeroPage.java:308)
at GB_Webapp.StepDefinition.AboutHeroTest.click_on_submit_button_and_verify_thank_you_pop_up(AboutHeroTest.java:88)
at ✽.Click on Submit button and verify Thank you pop up(file:///C:/Users/QA/OneDrive/Documents/Zoom/Intellij_trial/Hero_GB_WebApp_UI_Testing_BDD/./AllCountryFeatureFiles/FeatureFilesPhilippines/05_AboutHero.feature:48)
]]>
    </failure>
  </testcase> <!-- runScenario -->
  <system-out/>
  <testcase classname="GB_Webapp.TestRunner.Philippines" name="runScenario" time="6.627"/>
  <system-out/>
  <testcase classname="GB_Webapp.TestRunner.Philippines" name="runScenario" time="27.368">
    <failure message="Unable to click element : Hunk160 R 4V  --  [[ChromeDriver: chrome on windows (c0ebdd0f1170c11c07bc9d583714097e)] -&gt; xpath: //div[normalize-space()=&#039;Hunk 160R 4V&#039;]]  --  org.openqa.selenium.TimeoutException: timeout: Timed out receiving message from renderer: 15.000
  (Session info: chrome=131.0.6778.86)
Build info: version: &#039;4.13.0&#039;, revision: &#039;ba948ece5b*&#039;
System info: os.name: &#039;Windows 10&#039;, os.arch: &#039;amd64&#039;, os.version: &#039;10.0&#039;, java.version: &#039;22.0.1&#039;
Driver info: org.openqa.selenium.chrome.ChromeDriver
Command: [c0ebdd0f1170c11c07bc9d583714097e, clickElement {id=f.00801B529BCC67035B8A4BCA79B07BBF.d.3752B6E04C0A1A7577301BE751C628DE.e.1384}]
Capabilities {acceptInsecureCerts: false, browserName: chrome, browserVersion: 131.0.6778.86, chrome: {chromedriverVersion: 131.0.6778.85 (3d81e41b6f3a..., userDataDir: C:\Users\QA\AppData\Local\T...}, fedcm:accounts: true, goog:chromeOptions: {debuggerAddress: localhost:55551}, networkConnectionEnabled: false, pageLoadStrategy: normal, platformName: windows, proxy: Proxy(), se:cdp: ws://localhost:55551/devtoo..., se:cdpVersion: 131.0.6778.86, setWindowRect: true, strictFileInteractability: false, timeouts: {implicit: 0, pageLoad: 300000, script: 30000}, unhandledPromptBehavior: dismiss and notify, webauthn:extension:credBlob: true, webauthn:extension:largeBlob: true, webauthn:extension:minPinLength: true, webauthn:extension:prf: true, webauthn:virtualAuthenticators: true}
Element: [[ChromeDriver: chrome on windows (c0ebdd0f1170c11c07bc9d583714097e)] -&gt; xpath: //div[normalize-space()=&#039;Hunk 160R 4V&#039;]]
Session ID: c0ebdd0f1170c11c07bc9d583714097e expected [true] but found [false]" type="java.lang.AssertionError">
      <![CDATA[java.lang.AssertionError: Unable to click element : Hunk160 R 4V  --  [[ChromeDriver: chrome on windows (c0ebdd0f1170c11c07bc9d583714097e)] -> xpath: //div[normalize-space()='Hunk 160R 4V']]  --  org.openqa.selenium.TimeoutException: timeout: Timed out receiving message from renderer: 15.000
  (Session info: chrome=131.0.6778.86)
Build info: version: '4.13.0', revision: 'ba948ece5b*'
System info: os.name: 'Windows 10', os.arch: 'amd64', os.version: '10.0', java.version: '22.0.1'
Driver info: org.openqa.selenium.chrome.ChromeDriver
Command: [c0ebdd0f1170c11c07bc9d583714097e, clickElement {id=f.00801B529BCC67035B8A4BCA79B07BBF.d.3752B6E04C0A1A7577301BE751C628DE.e.1384}]
Capabilities {acceptInsecureCerts: false, browserName: chrome, browserVersion: 131.0.6778.86, chrome: {chromedriverVersion: 131.0.6778.85 (3d81e41b6f3a..., userDataDir: C:\Users\QA\AppData\Local\T...}, fedcm:accounts: true, goog:chromeOptions: {debuggerAddress: localhost:55551}, networkConnectionEnabled: false, pageLoadStrategy: normal, platformName: windows, proxy: Proxy(), se:cdp: ws://localhost:55551/devtoo..., se:cdpVersion: 131.0.6778.86, setWindowRect: true, strictFileInteractability: false, timeouts: {implicit: 0, pageLoad: 300000, script: 30000}, unhandledPromptBehavior: dismiss and notify, webauthn:extension:credBlob: true, webauthn:extension:largeBlob: true, webauthn:extension:minPinLength: true, webauthn:extension:prf: true, webauthn:virtualAuthenticators: true}
Element: [[ChromeDriver: chrome on windows (c0ebdd0f1170c11c07bc9d583714097e)] -> xpath: //div[normalize-space()='Hunk 160R 4V']]
Session ID: c0ebdd0f1170c11c07bc9d583714097e expected [true] but found [false]
at org.testng.Assert.fail(Assert.java:110)
at org.testng.Assert.failNotEquals(Assert.java:1577)
at org.testng.Assert.assertTrue(Assert.java:56)
at GB_Webapp.Utility.Library.click(Library.java:38)
at GB_Webapp.Page.ZambiaBikeFeaturePage.Click_on_HeaderHunk160R4V_bike(ZambiaBikeFeaturePage.java:399)
at GB_Webapp.StepDefinition.ZambiaBikeFeatureTest.click_on_bike_name(ZambiaBikeFeatureTest.java:66)
at ✽.Click on header "Hunk160R4V" bike name(file:///C:/Users/QA/OneDrive/Documents/Zoom/Intellij_trial/Hero_GB_WebApp_UI_Testing_BDD/./AllCountryFeatureFiles/FeatureFilesPhilippines/02_PhilippinesBikeFeature.feature:11)
]]>
    </failure>
  </testcase> <!-- runScenario -->
  <system-out/>
</testsuite> <!-- GB_Webapp.TestRunner.Philippines -->
