<?xml version="1.0" encoding="UTF-8"?>
<!-- Generated by org.testng.reporters.JUnitReportReporter -->
<testsuite hostname="DESKTOP-LMKUKFJ" failures="3" tests="43" name="GB_Webapp.TestRunner.Zambia" time="636.081" errors="0" timestamp="2024-11-28T23:39:24 IST" skipped="0">
  <testcase classname="GB_Webapp.TestRunner.Zambia" name="runScenario" time="18.459"/>
  <system-out/>
  <testcase classname="GB_Webapp.TestRunner.Zambia" name="runScenario" time="15.430">
    <failure message="Unable to visible field  : Name Required  --  [[ChromeDriver: chrome on windows (9a6cd910d85dc58a3f7fc0af4620acdd)] -&gt; xpath: (//span[normalize-space()=&#039;Name Required&#039;])[1]] expected [true] but found [false]" type="java.lang.AssertionError">
      <![CDATA[java.lang.AssertionError: Unable to visible field  : Name Required  --  [[ChromeDriver: chrome on windows (9a6cd910d85dc58a3f7fc0af4620acdd)] -> xpath: (//span[normalize-space()='Name Required'])[1]] expected [true] but found [false]
at org.testng.Assert.fail(Assert.java:110)
at org.testng.Assert.failNotEquals(Assert.java:1577)
at org.testng.Assert.assertTrue(Assert.java:56)
at GB_Webapp.Utility.Library.visible_link(Library.java:64)
at GB_Webapp.Page.HomePage.verify_all_mandatory_field_should_be_displayed1(HomePage.java:1036)
at GB_Webapp.StepDefinition.HomePageTest.verify_all_mandatory_field_should_be_displayed1(HomePageTest.java:233)
at ✽.Verify all mandatory field should be displayed1(file:///C:/Users/QA/OneDrive/Documents/Zoom/Intellij_trial/Hero_GB_WebApp_UI_Testing_BDD/./AllCountryFeatureFiles/FeatureFilesZambia/01_HomePage.feature:117)
]]>
    </failure>
  </testcase> <!-- runScenario -->
  <system-out/>
  <testcase classname="GB_Webapp.TestRunner.Zambia" name="runScenario" time="6.816"/>
  <system-out/>
  <testcase classname="GB_Webapp.TestRunner.Zambia" name="runScenario" time="34.220"/>
  <system-out/>
  <testcase classname="GB_Webapp.TestRunner.Zambia" name="runScenario" time="8.426">
    <failure message="Unable to send value  : Enter Mobile Number : [[ChromeDriver: chrome on windows (9a6cd910d85dc58a3f7fc0af4620acdd)] -&gt; xpath: (//input[@aria-label=&#039;Mobile Number&#039;])[1]]  --  org.openqa.selenium.ElementNotInteractableException: element not interactable
  (Session info: chrome=131.0.6778.86)
Build info: version: &#039;4.13.0&#039;, revision: &#039;ba948ece5b*&#039;
System info: os.name: &#039;Windows 10&#039;, os.arch: &#039;amd64&#039;, os.version: &#039;10.0&#039;, java.version: &#039;22.0.1&#039;
Driver info: org.openqa.selenium.chrome.ChromeDriver
Command: [9a6cd910d85dc58a3f7fc0af4620acdd, clickElement {id=f.6B79FCC76D2DB880F9A08F829C5E7E39.d.2CE01F791909FA794A5719BA449CD371.e.2160}]
Capabilities {acceptInsecureCerts: false, browserName: chrome, browserVersion: 131.0.6778.86, chrome: {chromedriverVersion: 131.0.6778.85 (3d81e41b6f3a..., userDataDir: C:\Users\QA\AppData\Local\T...}, fedcm:accounts: true, goog:chromeOptions: {debuggerAddress: localhost:55890}, networkConnectionEnabled: false, pageLoadStrategy: normal, platformName: windows, proxy: Proxy(), se:cdp: ws://localhost:55890/devtoo..., se:cdpVersion: 131.0.6778.86, setWindowRect: true, strictFileInteractability: false, timeouts: {implicit: 0, pageLoad: 300000, script: 30000}, unhandledPromptBehavior: dismiss and notify, webauthn:extension:credBlob: true, webauthn:extension:largeBlob: true, webauthn:extension:minPinLength: true, webauthn:extension:prf: true, webauthn:virtualAuthenticators: true}
Element: [[ChromeDriver: chrome on windows (9a6cd910d85dc58a3f7fc0af4620acdd)] -&gt; xpath: (//input[@aria-label=&#039;Mobile Number&#039;])[1]]
Session ID: 9a6cd910d85dc58a3f7fc0af4620acdd expected [true] but found [false]" type="java.lang.AssertionError">
      <![CDATA[java.lang.AssertionError: Unable to send value  : Enter Mobile Number : [[ChromeDriver: chrome on windows (9a6cd910d85dc58a3f7fc0af4620acdd)] -> xpath: (//input[@aria-label='Mobile Number'])[1]]  --  org.openqa.selenium.ElementNotInteractableException: element not interactable
  (Session info: chrome=131.0.6778.86)
Build info: version: '4.13.0', revision: 'ba948ece5b*'
System info: os.name: 'Windows 10', os.arch: 'amd64', os.version: '10.0', java.version: '22.0.1'
Driver info: org.openqa.selenium.chrome.ChromeDriver
Command: [9a6cd910d85dc58a3f7fc0af4620acdd, clickElement {id=f.6B79FCC76D2DB880F9A08F829C5E7E39.d.2CE01F791909FA794A5719BA449CD371.e.2160}]
Capabilities {acceptInsecureCerts: false, browserName: chrome, browserVersion: 131.0.6778.86, chrome: {chromedriverVersion: 131.0.6778.85 (3d81e41b6f3a..., userDataDir: C:\Users\QA\AppData\Local\T...}, fedcm:accounts: true, goog:chromeOptions: {debuggerAddress: localhost:55890}, networkConnectionEnabled: false, pageLoadStrategy: normal, platformName: windows, proxy: Proxy(), se:cdp: ws://localhost:55890/devtoo..., se:cdpVersion: 131.0.6778.86, setWindowRect: true, strictFileInteractability: false, timeouts: {implicit: 0, pageLoad: 300000, script: 30000}, unhandledPromptBehavior: dismiss and notify, webauthn:extension:credBlob: true, webauthn:extension:largeBlob: true, webauthn:extension:minPinLength: true, webauthn:extension:prf: true, webauthn:virtualAuthenticators: true}
Element: [[ChromeDriver: chrome on windows (9a6cd910d85dc58a3f7fc0af4620acdd)] -> xpath: (//input[@aria-label='Mobile Number'])[1]]
Session ID: 9a6cd910d85dc58a3f7fc0af4620acdd expected [true] but found [false]
at org.testng.Assert.fail(Assert.java:110)
at org.testng.Assert.failNotEquals(Assert.java:1577)
at org.testng.Assert.assertTrue(Assert.java:56)
at GB_Webapp.Utility.Library.sendKeys(Library.java:51)
at GB_Webapp.Page.HomePage.user_able_to_enter_mobile_number1(HomePage.java:1045)
at GB_Webapp.StepDefinition.HomePageTest.user_able_to_enter(HomePageTest.java:255)
at ✽.User able to enter "mobile_number1"(file:///C:/Users/QA/OneDrive/Documents/Zoom/Intellij_trial/Hero_GB_WebApp_UI_Testing_BDD/./AllCountryFeatureFiles/FeatureFilesZambia/01_HomePage.feature:123)
]]>
    </failure>
  </testcase> <!-- runScenario -->
  <system-out/>
  <testcase classname="GB_Webapp.TestRunner.Zambia" name="runScenario" time="7.949"/>
  <system-out/>
  <testcase classname="GB_Webapp.TestRunner.Zambia" name="runScenario" time="1.374"/>
  <system-out/>
  <testcase classname="GB_Webapp.TestRunner.Zambia" name="runScenario" time="11.750"/>
  <system-out/>
  <testcase classname="GB_Webapp.TestRunner.Zambia" name="runScenario" time="24.333"/>
  <system-out/>
  <testcase classname="GB_Webapp.TestRunner.Zambia" name="runScenario" time="4.282"/>
  <system-out/>
  <testcase classname="GB_Webapp.TestRunner.Zambia" name="runScenario" time="2.130"/>
  <system-out/>
  <testcase classname="GB_Webapp.TestRunner.Zambia" name="runScenario" time="24.422"/>
  <system-out/>
  <testcase classname="GB_Webapp.TestRunner.Zambia" name="runScenario" time="32.729"/>
  <system-out/>
  <testcase classname="GB_Webapp.TestRunner.Zambia" name="runScenario" time="3.648"/>
  <system-out/>
  <testcase classname="GB_Webapp.TestRunner.Zambia" name="runScenario" time="21.422">
    <failure message="Unable to visible field  : Xpulse 200 Carb Bike  --  Proxy element for: DefaultElementLocator &#039;By.xpath: //span[normalize-space()=&#039;XPULSE 200 Carb&#039;]&#039;  --  org.openqa.selenium.NoSuchElementException: no such element: Unable to locate element: {&quot;method&quot;:&quot;xpath&quot;,&quot;selector&quot;:&quot;//span[normalize-space()=&#039;XPULSE 200 Carb&#039;]&quot;}
  (Session info: chrome=131.0.6778.86)
For documentation on this error, please visit: https://www.selenium.dev/documentation/webdriver/troubleshooting/errors#no-such-element-exception
Build info: version: &#039;4.13.0&#039;, revision: &#039;ba948ece5b*&#039;
System info: os.name: &#039;Windows 10&#039;, os.arch: &#039;amd64&#039;, os.version: &#039;10.0&#039;, java.version: &#039;22.0.1&#039;
Driver info: org.openqa.selenium.chrome.ChromeDriver
Command: [9a6cd910d85dc58a3f7fc0af4620acdd, findElement {using=xpath, value=//span[normalize-space()=&#039;XPULSE 200 Carb&#039;]}]
Capabilities {acceptInsecureCerts: false, browserName: chrome, browserVersion: 131.0.6778.86, chrome: {chromedriverVersion: 131.0.6778.85 (3d81e41b6f3a..., userDataDir: C:\Users\QA\AppData\Local\T...}, fedcm:accounts: true, goog:chromeOptions: {debuggerAddress: localhost:55890}, networkConnectionEnabled: false, pageLoadStrategy: normal, platformName: windows, proxy: Proxy(), se:cdp: ws://localhost:55890/devtoo..., se:cdpVersion: 131.0.6778.86, setWindowRect: true, strictFileInteractability: false, timeouts: {implicit: 0, pageLoad: 300000, script: 30000}, unhandledPromptBehavior: dismiss and notify, webauthn:extension:credBlob: true, webauthn:extension:largeBlob: true, webauthn:extension:minPinLength: true, webauthn:extension:prf: true, webauthn:virtualAuthenticators: true}
Session ID: 9a6cd910d85dc58a3f7fc0af4620acdd expected [true] but found [false]" type="java.lang.AssertionError">
      <![CDATA[java.lang.AssertionError: Unable to visible field  : Xpulse 200 Carb Bike  --  Proxy element for: DefaultElementLocator 'By.xpath: //span[normalize-space()='XPULSE 200 Carb']'  --  org.openqa.selenium.NoSuchElementException: no such element: Unable to locate element: {"method":"xpath","selector":"//span[normalize-space()='XPULSE 200 Carb']"}
  (Session info: chrome=131.0.6778.86)
For documentation on this error, please visit: https://www.selenium.dev/documentation/webdriver/troubleshooting/errors#no-such-element-exception
Build info: version: '4.13.0', revision: 'ba948ece5b*'
System info: os.name: 'Windows 10', os.arch: 'amd64', os.version: '10.0', java.version: '22.0.1'
Driver info: org.openqa.selenium.chrome.ChromeDriver
Command: [9a6cd910d85dc58a3f7fc0af4620acdd, findElement {using=xpath, value=//span[normalize-space()='XPULSE 200 Carb']}]
Capabilities {acceptInsecureCerts: false, browserName: chrome, browserVersion: 131.0.6778.86, chrome: {chromedriverVersion: 131.0.6778.85 (3d81e41b6f3a..., userDataDir: C:\Users\QA\AppData\Local\T...}, fedcm:accounts: true, goog:chromeOptions: {debuggerAddress: localhost:55890}, networkConnectionEnabled: false, pageLoadStrategy: normal, platformName: windows, proxy: Proxy(), se:cdp: ws://localhost:55890/devtoo..., se:cdpVersion: 131.0.6778.86, setWindowRect: true, strictFileInteractability: false, timeouts: {implicit: 0, pageLoad: 300000, script: 30000}, unhandledPromptBehavior: dismiss and notify, webauthn:extension:credBlob: true, webauthn:extension:largeBlob: true, webauthn:extension:minPinLength: true, webauthn:extension:prf: true, webauthn:virtualAuthenticators: true}
Session ID: 9a6cd910d85dc58a3f7fc0af4620acdd expected [true] but found [false]
at org.testng.Assert.fail(Assert.java:110)
at org.testng.Assert.failNotEquals(Assert.java:1577)
at org.testng.Assert.assertTrue(Assert.java:56)
at GB_Webapp.Utility.Library.visible_link(Library.java:69)
at GB_Webapp.Page.ServicePage.verify_service_schedule_and_dropdown_bikes(ServicePage.java:327)
at GB_Webapp.StepDefinition.ServiceTest.verify_service_schedule_and_dropdown_bikes(ServiceTest.java:92)
at ✽.Verify service schedule and dropdown five bikes(file:///C:/Users/QA/OneDrive/Documents/Zoom/Intellij_trial/Hero_GB_WebApp_UI_Testing_BDD/./AllCountryFeatureFiles/FeatureFilesZambia/04_Service.feature:18)
]]>
    </failure>
  </testcase> <!-- runScenario -->
  <system-out/>
  <testcase classname="GB_Webapp.TestRunner.Zambia" name="runScenario" time="19.829"/>
  <system-out/>
  <testcase classname="GB_Webapp.TestRunner.Zambia" name="runScenario" time="5.913"/>
  <system-out/>
  <testcase classname="GB_Webapp.TestRunner.Zambia" name="runScenario" time="1.890"/>
  <system-out/>
  <testcase classname="GB_Webapp.TestRunner.Zambia" name="runScenario" time="10.049"/>
  <system-out/>
  <testcase classname="GB_Webapp.TestRunner.Zambia" name="runScenario" time="7.575"/>
  <system-out/>
  <testcase classname="GB_Webapp.TestRunner.Zambia" name="runScenario" time="9.290"/>
  <system-out/>
  <testcase classname="GB_Webapp.TestRunner.Zambia" name="runScenario" time="31.941"/>
  <system-out/>
  <testcase classname="GB_Webapp.TestRunner.Zambia" name="runScenario" time="10.848"/>
  <system-out/>
  <testcase classname="GB_Webapp.TestRunner.Zambia" name="runScenario" time="2.092"/>
  <system-out/>
  <testcase classname="GB_Webapp.TestRunner.Zambia" name="runScenario" time="6.527"/>
  <system-out/>
  <testcase classname="GB_Webapp.TestRunner.Zambia" name="runScenario" time="32.231"/>
  <system-out/>
  <testcase classname="GB_Webapp.TestRunner.Zambia" name="runScenario" time="3.144"/>
  <system-out/>
  <testcase classname="GB_Webapp.TestRunner.Zambia" name="runScenario" time="7.540"/>
  <system-out/>
  <testcase classname="GB_Webapp.TestRunner.Zambia" name="runScenario" time="5.673"/>
  <system-out/>
  <testcase classname="GB_Webapp.TestRunner.Zambia" name="runScenario" time="5.209"/>
  <system-out/>
  <testcase classname="GB_Webapp.TestRunner.Zambia" name="runScenario" time="18.717"/>
  <system-out/>
  <testcase classname="GB_Webapp.TestRunner.Zambia" name="runScenario" time="32.373"/>
  <system-out/>
  <testcase classname="GB_Webapp.TestRunner.Zambia" name="runScenario" time="19.821"/>
  <system-out/>
  <testcase classname="GB_Webapp.TestRunner.Zambia" name="runScenario" time="28.360"/>
  <system-out/>
  <testcase classname="GB_Webapp.TestRunner.Zambia" name="runScenario" time="14.769"/>
  <system-out/>
  <testcase classname="GB_Webapp.TestRunner.Zambia" name="runScenario" time="28.586"/>
  <system-out/>
  <testcase classname="GB_Webapp.TestRunner.Zambia" name="runScenario" time="11.158"/>
  <system-out/>
  <testcase classname="GB_Webapp.TestRunner.Zambia" name="runScenario" time="2.831"/>
  <system-out/>
  <testcase classname="GB_Webapp.TestRunner.Zambia" name="runScenario" time="21.176"/>
  <system-out/>
  <testcase classname="GB_Webapp.TestRunner.Zambia" name="runScenario" time="18.086"/>
  <system-out/>
  <testcase classname="GB_Webapp.TestRunner.Zambia" name="runScenario" time="3.284"/>
  <system-out/>
  <testcase classname="GB_Webapp.TestRunner.Zambia" name="runScenario" time="31.084"/>
  <system-out/>
  <testcase classname="GB_Webapp.TestRunner.Zambia" name="runScenario" time="28.695"/>
  <system-out/>
</testsuite> <!-- GB_Webapp.TestRunner.Zambia -->
