<?xml version="1.0" encoding="UTF-8"?>
<!-- Generated by org.testng.reporters.JUnitReportReporter -->
<testsuite hostname="DESKTOP-LMKUKFJ" failures="0" tests="1" name="GB_Webapp.TestRunner.Bangladesh" time="6.484" errors="1" timestamp="2024-12-02T20:07:35 IST" skipped="0">
  <testcase classname="GB_Webapp.TestRunner.Bangladesh" name="setUpClass" time="6.484">
    <error message="Could not start a new session. Response code 500. Message: Process unexpectedly closed with status 0 
Host info: host: &#039;DESKTOP-LMKUKFJ&#039;, ip: &#039;192.168.1.104&#039;
Build info: version: &#039;4.13.0&#039;, revision: &#039;ba948ece5b*&#039;
System info: os.name: &#039;Windows 10&#039;, os.arch: &#039;amd64&#039;, os.version: &#039;10.0&#039;, java.version: &#039;22.0.1&#039;
Driver info: org.openqa.selenium.firefox.FirefoxDriver
Command: [null, newSession {capabilities=[Capabilities {acceptInsecureCerts: true, browserName: firefox, moz:debuggerAddress: true, moz:firefoxOptions: {args: [--start-maximized, --disable-infobars, --disable-extensions, disable-gpu, disable-dev-shm-usage, no-sandbox, disable-notifications, --headless], binary: C:\Program Files\Mozilla Fi...}}]}]" type="org.openqa.selenium.SessionNotCreatedException">
      <![CDATA[org.openqa.selenium.SessionNotCreatedException: Could not start a new session. Response code 500. Message: Process unexpectedly closed with status 0 
Host info: host: 'DESKTOP-LMKUKFJ', ip: '192.168.1.104'
Build info: version: '4.13.0', revision: 'ba948ece5b*'
System info: os.name: 'Windows 10', os.arch: 'amd64', os.version: '10.0', java.version: '22.0.1'
Driver info: org.openqa.selenium.firefox.FirefoxDriver
Command: [null, newSession {capabilities=[Capabilities {acceptInsecureCerts: true, browserName: firefox, moz:debuggerAddress: true, moz:firefoxOptions: {args: [--start-maximized, --disable-infobars, --disable-extensions, disable-gpu, disable-dev-shm-usage, no-sandbox, disable-notifications, --headless], binary: C:\Program Files\Mozilla Fi...}}]}]
at org.openqa.selenium.remote.ProtocolHandshake.createSession(ProtocolHandshake.java:140)
at org.openqa.selenium.remote.ProtocolHandshake.createSession(ProtocolHandshake.java:96)
at org.openqa.selenium.remote.ProtocolHandshake.createSession(ProtocolHandshake.java:68)
at org.openqa.selenium.remote.HttpCommandExecutor.execute(HttpCommandExecutor.java:163)
at org.openqa.selenium.remote.service.DriverCommandExecutor.invokeExecute(DriverCommandExecutor.java:196)
at org.openqa.selenium.remote.service.DriverCommandExecutor.execute(DriverCommandExecutor.java:171)
at org.openqa.selenium.remote.RemoteWebDriver.execute(RemoteWebDriver.java:602)
at org.openqa.selenium.remote.RemoteWebDriver.startSession(RemoteWebDriver.java:236)
at org.openqa.selenium.remote.RemoteWebDriver.<init>(RemoteWebDriver.java:163)
at org.openqa.selenium.firefox.FirefoxDriver.<init>(FirefoxDriver.java:156)
at org.openqa.selenium.firefox.FirefoxDriver.<init>(FirefoxDriver.java:151)
at org.openqa.selenium.firefox.FirefoxDriver.<init>(FirefoxDriver.java:132)
at org.openqa.selenium.firefox.FirefoxDriver.<init>(FirefoxDriver.java:127)
at org.openqa.selenium.firefox.FirefoxDriver.<init>(FirefoxDriver.java:112)
at GB_Webapp.Utility.BaseTest.launchBrowser(BaseTest.java:168)
at GB_Webapp.Utility.BaseTest.configureApp(BaseTest.java:39)
at GB_Webapp.StepDefinition.BaseClass.Configure(BaseClass.java:29)
]]>
    </error>
  </testcase> <!-- setUpClass -->
  <system-out/>
</testsuite> <!-- GB_Webapp.TestRunner.Bangladesh -->
