<?xml version="1.0" encoding="UTF-8"?>
<!-- Generated by org.testng.reporters.JUnitReportReporter -->
<testsuite hostname="DESKTOP-LMKUKFJ" failures="1" tests="43" name="GB_Webapp.TestRunner.Zambia" time="590.525" errors="0" timestamp="2024-11-18T17:12:22 IST" skipped="0">
  <testcase classname="GB_Webapp.TestRunner.Zambia" name="runScenario" time="13.326"/>
  <system-out/>
  <testcase classname="GB_Webapp.TestRunner.Zambia" name="runScenario" time="5.892"/>
  <system-out/>
  <testcase classname="GB_Webapp.TestRunner.Zambia" name="runScenario" time="28.727"/>
  <system-out/>
  <testcase classname="GB_Webapp.TestRunner.Zambia" name="runScenario" time="2.747"/>
  <system-out/>
  <testcase classname="GB_Webapp.TestRunner.Zambia" name="runScenario" time="2.155"/>
  <system-out/>
  <testcase classname="GB_Webapp.TestRunner.Zambia" name="runScenario" time="1.472"/>
  <system-out/>
  <testcase classname="GB_Webapp.TestRunner.Zambia" name="runScenario" time="6.306"/>
  <system-out/>
  <testcase classname="GB_Webapp.TestRunner.Zambia" name="runScenario" time="43.266"/>
  <system-out/>
  <testcase classname="GB_Webapp.TestRunner.Zambia" name="runScenario" time="7.259"/>
  <system-out/>
  <testcase classname="GB_Webapp.TestRunner.Zambia" name="runScenario" time="4.382"/>
  <system-out/>
  <testcase classname="GB_Webapp.TestRunner.Zambia" name="runScenario" time="0.798"/>
  <system-out/>
  <testcase classname="GB_Webapp.TestRunner.Zambia" name="runScenario" time="5.808"/>
  <system-out/>
  <testcase classname="GB_Webapp.TestRunner.Zambia" name="runScenario" time="28.770"/>
  <system-out/>
  <testcase classname="GB_Webapp.TestRunner.Zambia" name="runScenario" time="18.471"/>
  <system-out/>
  <testcase classname="GB_Webapp.TestRunner.Zambia" name="runScenario" time="5.581"/>
  <system-out/>
  <testcase classname="GB_Webapp.TestRunner.Zambia" name="runScenario" time="2.025"/>
  <system-out/>
  <testcase classname="GB_Webapp.TestRunner.Zambia" name="runScenario" time="10.129"/>
  <system-out/>
  <testcase classname="GB_Webapp.TestRunner.Zambia" name="runScenario" time="1.401"/>
  <system-out/>
  <testcase classname="GB_Webapp.TestRunner.Zambia" name="runScenario" time="28.608"/>
  <system-out/>
  <testcase classname="GB_Webapp.TestRunner.Zambia" name="runScenario" time="15.973"/>
  <system-out/>
  <testcase classname="GB_Webapp.TestRunner.Zambia" name="runScenario" time="1.757"/>
  <system-out/>
  <testcase classname="GB_Webapp.TestRunner.Zambia" name="runScenario" time="18.873"/>
  <system-out/>
  <testcase classname="GB_Webapp.TestRunner.Zambia" name="runScenario" time="7.974"/>
  <system-out/>
  <testcase classname="GB_Webapp.TestRunner.Zambia" name="runScenario" time="3.787"/>
  <system-out/>
  <testcase classname="GB_Webapp.TestRunner.Zambia" name="runScenario" time="2.390"/>
  <system-out/>
  <testcase classname="GB_Webapp.TestRunner.Zambia" name="runScenario" time="34.410"/>
  <system-out/>
  <testcase classname="GB_Webapp.TestRunner.Zambia" name="runScenario" time="25.633"/>
  <system-out/>
  <testcase classname="GB_Webapp.TestRunner.Zambia" name="runScenario" time="16.899"/>
  <system-out/>
  <testcase classname="GB_Webapp.TestRunner.Zambia" name="runScenario" time="35.361"/>
  <system-out/>
  <testcase classname="GB_Webapp.TestRunner.Zambia" name="runScenario" time="29.510"/>
  <system-out/>
  <testcase classname="GB_Webapp.TestRunner.Zambia" name="runScenario" time="19.491"/>
  <system-out/>
  <testcase classname="GB_Webapp.TestRunner.Zambia" name="runScenario" time="18.992"/>
  <system-out/>
  <testcase classname="GB_Webapp.TestRunner.Zambia" name="runScenario" time="11.559"/>
  <system-out/>
  <testcase classname="GB_Webapp.TestRunner.Zambia" name="runScenario" time="28.812"/>
  <system-out/>
  <testcase classname="GB_Webapp.TestRunner.Zambia" name="runScenario" time="11.556"/>
  <system-out/>
  <testcase classname="GB_Webapp.TestRunner.Zambia" name="runScenario" time="17.026">
    <failure message="Unable to visible field  : Xpulse 200 Carb Bike  --  Proxy element for: DefaultElementLocator &#039;By.xpath: //span[normalize-space()=&#039;XPULSE 200 Carb&#039;]&#039;  --  org.openqa.selenium.NoSuchElementException: no such element: Unable to locate element: {&quot;method&quot;:&quot;xpath&quot;,&quot;selector&quot;:&quot;//span[normalize-space()=&#039;XPULSE 200 Carb&#039;]&quot;}
  (Session info: MicrosoftEdge=131.0.2903.51)
For documentation on this error, please visit: https://www.selenium.dev/documentation/webdriver/troubleshooting/errors#no-such-element-exception
Build info: version: &#039;4.13.0&#039;, revision: &#039;ba948ece5b*&#039;
System info: os.name: &#039;Windows 10&#039;, os.arch: &#039;amd64&#039;, os.version: &#039;10.0&#039;, java.version: &#039;22.0.1&#039;
Driver info: org.openqa.selenium.edge.EdgeDriver
Command: [b46cb99e6659262528e34e5d737b4e19, findElement {using=xpath, value=//span[normalize-space()=&#039;XPULSE 200 Carb&#039;]}]
Capabilities {acceptInsecureCerts: false, browserName: MicrosoftEdge, browserVersion: 131.0.2903.51, fedcm:accounts: true, ms:edgeOptions: {debuggerAddress: localhost:64148}, msedge: {msedgedriverVersion: 131.0.2903.51 (e8c8535333b9..., userDataDir: C:\Users\QA\AppData\Local\T...}, networkConnectionEnabled: false, pageLoadStrategy: normal, platformName: windows, proxy: Proxy(), se:cdp: ws://localhost:64148/devtoo..., se:cdpVersion: 131.0.2903.51, setWindowRect: true, strictFileInteractability: false, timeouts: {implicit: 0, pageLoad: 300000, script: 30000}, unhandledPromptBehavior: dismiss and notify, webauthn:extension:credBlob: true, webauthn:extension:largeBlob: true, webauthn:extension:minPinLength: true, webauthn:extension:prf: true, webauthn:virtualAuthenticators: true}
Session ID: b46cb99e6659262528e34e5d737b4e19 expected [true] but found [false]" type="java.lang.AssertionError">
      <![CDATA[java.lang.AssertionError: Unable to visible field  : Xpulse 200 Carb Bike  --  Proxy element for: DefaultElementLocator 'By.xpath: //span[normalize-space()='XPULSE 200 Carb']'  --  org.openqa.selenium.NoSuchElementException: no such element: Unable to locate element: {"method":"xpath","selector":"//span[normalize-space()='XPULSE 200 Carb']"}
  (Session info: MicrosoftEdge=131.0.2903.51)
For documentation on this error, please visit: https://www.selenium.dev/documentation/webdriver/troubleshooting/errors#no-such-element-exception
Build info: version: '4.13.0', revision: 'ba948ece5b*'
System info: os.name: 'Windows 10', os.arch: 'amd64', os.version: '10.0', java.version: '22.0.1'
Driver info: org.openqa.selenium.edge.EdgeDriver
Command: [b46cb99e6659262528e34e5d737b4e19, findElement {using=xpath, value=//span[normalize-space()='XPULSE 200 Carb']}]
Capabilities {acceptInsecureCerts: false, browserName: MicrosoftEdge, browserVersion: 131.0.2903.51, fedcm:accounts: true, ms:edgeOptions: {debuggerAddress: localhost:64148}, msedge: {msedgedriverVersion: 131.0.2903.51 (e8c8535333b9..., userDataDir: C:\Users\QA\AppData\Local\T...}, networkConnectionEnabled: false, pageLoadStrategy: normal, platformName: windows, proxy: Proxy(), se:cdp: ws://localhost:64148/devtoo..., se:cdpVersion: 131.0.2903.51, setWindowRect: true, strictFileInteractability: false, timeouts: {implicit: 0, pageLoad: 300000, script: 30000}, unhandledPromptBehavior: dismiss and notify, webauthn:extension:credBlob: true, webauthn:extension:largeBlob: true, webauthn:extension:minPinLength: true, webauthn:extension:prf: true, webauthn:virtualAuthenticators: true}
Session ID: b46cb99e6659262528e34e5d737b4e19 expected [true] but found [false]
at org.testng.Assert.fail(Assert.java:110)
at org.testng.Assert.failNotEquals(Assert.java:1577)
at org.testng.Assert.assertTrue(Assert.java:56)
at GB_Webapp.Utility.Library.visible_link(Library.java:68)
at GB_Webapp.Page.ServicePage.verify_service_schedule_and_dropdown_bikes(ServicePage.java:317)
at GB_Webapp.StepDefinition.ServiceTest.verify_service_schedule_and_dropdown_bikes(ServiceTest.java:90)
at âœ½.Verify service schedule and dropdown five bikes(file:///C:/Users/QA/OneDrive/Documents/Zoom/Intellij_trial/Hero_GB_WebApp_UI_Testing_BDD/./FeatureFilesZambia/04_Service.feature:17)
]]>
    </failure>
  </testcase> <!-- runScenario -->
  <system-out/>
  <testcase classname="GB_Webapp.TestRunner.Zambia" name="runScenario" time="1.211"/>
  <system-out/>
  <testcase classname="GB_Webapp.TestRunner.Zambia" name="runScenario" time="9.377"/>
  <system-out/>
  <testcase classname="GB_Webapp.TestRunner.Zambia" name="runScenario" time="19.174"/>
  <system-out/>
  <testcase classname="GB_Webapp.TestRunner.Zambia" name="runScenario" time="4.214"/>
  <system-out/>
  <testcase classname="GB_Webapp.TestRunner.Zambia" name="runScenario" time="5.851"/>
  <system-out/>
  <testcase classname="GB_Webapp.TestRunner.Zambia" name="runScenario" time="27.689"/>
  <system-out/>
  <testcase classname="GB_Webapp.TestRunner.Zambia" name="runScenario" time="5.883"/>
  <system-out/>
</testsuite> <!-- GB_Webapp.TestRunner.Zambia -->
