<?xml version="1.0" encoding="UTF-8"?>
<!-- Generated by org.testng.reporters.JUnitReportReporter -->
<testsuite hostname="DESKTOP-LMKUKFJ" failures="0" tests="2" name="GB_Webapp.TestRunner.Bangladesh" time="56.071" errors="0" timestamp="2024-11-29T19:19:45 IST" skipped="0">
  <testcase classname="GB_Webapp.TestRunner.Bangladesh" name="runScenario" time="27.980"/>
  <system-out/>
  <testcase classname="GB_Webapp.TestRunner.Bangladesh" name="runScenario" time="28.091"/>
  <system-out/>
</testsuite> <!-- GB_Webapp.TestRunner.Bangladesh -->
