<?xml version="1.0" encoding="UTF-8"?>
<!-- Generated by org.testng.reporters.JUnitReportReporter -->
<testsuite hostname="DESKTOP-LMKUKFJ" failures="3" tests="42" name="GB_Webapp.TestRunner.Nepal" time="485.968" errors="1" timestamp="2024-12-02T13:03:28 IST" skipped="0">
  <testcase classname="GB_Webapp.TestRunner.Nepal" name="runScenario" time="10.929"/>
  <system-out/>
  <testcase classname="GB_Webapp.TestRunner.Nepal" name="runScenario" time="0.660"/>
  <system-out/>
  <testcase classname="GB_Webapp.TestRunner.Nepal" name="runScenario" time="0.528"/>
  <system-out/>
  <testcase classname="GB_Webapp.TestRunner.Nepal" name="runScenario" time="1.002"/>
  <system-out/>
  <testcase classname="GB_Webapp.TestRunner.Nepal" name="runScenario" time="1.412"/>
  <system-out/>
  <testcase classname="GB_Webapp.TestRunner.Nepal" name="runScenario" time="7.728"/>
  <system-out/>
  <testcase classname="GB_Webapp.TestRunner.Nepal" name="runScenario" time="5.887"/>
  <system-out/>
  <testcase classname="GB_Webapp.TestRunner.Nepal" name="runScenario" time="14.669"/>
  <system-out/>
  <testcase classname="GB_Webapp.TestRunner.Nepal" name="runScenario" time="13.181"/>
  <system-out/>
  <testcase classname="GB_Webapp.TestRunner.Nepal" name="runScenario" time="9.564"/>
  <system-out/>
  <testcase classname="GB_Webapp.TestRunner.Nepal" name="runScenario" time="9.131"/>
  <system-out/>
  <testcase classname="GB_Webapp.TestRunner.Nepal" name="runScenario" time="15.420"/>
  <system-out/>
  <testcase classname="GB_Webapp.TestRunner.Nepal" name="runScenario" time="5.171"/>
  <system-out/>
  <testcase classname="GB_Webapp.TestRunner.Nepal" name="runScenario" time="3.995"/>
  <system-out/>
  <testcase classname="GB_Webapp.TestRunner.Nepal" name="runScenario" time="3.224"/>
  <system-out/>
  <testcase classname="GB_Webapp.TestRunner.Nepal" name="runScenario" time="0.939"/>
  <system-out/>
  <testcase classname="GB_Webapp.TestRunner.Nepal" name="runScenario" time="7.665">
    <failure message="Fail msg : Unable to visible field  : Select Bike DropDown is not working properly" type="java.lang.AssertionError">
      <![CDATA[java.lang.AssertionError: Fail msg : Unable to visible field  : Select Bike DropDown is not working properly
at org.testng.Assert.fail(Assert.java:110)
at GB_Webapp.Utility.Library.failmsg(Library.java:273)
at GB_Webapp.Page.ServicePage.verify_service_schedule_and_dropdown_three_bikes(ServicePage.java:471)
at GB_Webapp.StepDefinition.ServiceTest.verify_service_schedule_and_dropdown_three_bikes(ServiceTest.java:148)
at ✽.Verify service schedule and dropdown three bikes(file:///C:/Users/QA/OneDrive/Documents/Zoom/Intellij_trial/Hero_GB_WebApp_UI_Testing_BDD/./AllCountryFeatureFiles/FeatureFilesNepal/04_Service.feature:18)
]]>
    </failure>
  </testcase> <!-- runScenario -->
  <system-out/>
  <testcase classname="GB_Webapp.TestRunner.Nepal" name="runScenario" time="2.755"/>
  <system-out/>
  <testcase classname="GB_Webapp.TestRunner.Nepal" name="runScenario" time="18.094"/>
  <system-out/>
  <testcase classname="GB_Webapp.TestRunner.Nepal" name="runScenario" time="23.232"/>
  <system-out/>
  <testcase classname="GB_Webapp.TestRunner.Nepal" name="runScenario" time="4.477"/>
  <system-out/>
  <testcase classname="GB_Webapp.TestRunner.Nepal" name="runScenario" time="25.114"/>
  <system-out/>
  <testcase classname="GB_Webapp.TestRunner.Nepal" name="runScenario" time="9.371"/>
  <system-out/>
  <testcase classname="GB_Webapp.TestRunner.Nepal" name="runScenario" time="11.718"/>
  <system-out/>
  <testcase classname="GB_Webapp.TestRunner.Nepal" name="runScenario" time="1.426"/>
  <system-out/>
  <testcase classname="GB_Webapp.TestRunner.Nepal" name="runScenario" time="86.044">
    <error message="timeout: Timed out receiving message from renderer: 14.680
  (Session info: chrome=131.0.6778.86)
Build info: version: &#039;4.13.0&#039;, revision: &#039;ba948ece5b*&#039;
System info: os.name: &#039;Windows 10&#039;, os.arch: &#039;amd64&#039;, os.version: &#039;10.0&#039;, java.version: &#039;22.0.1&#039;
Driver info: org.openqa.selenium.chrome.ChromeDriver
Command: [b956134a066ebe77ef0e167fc703d58b, get {url=https://www.heromotocorp.com/en-np.html}]
Capabilities {acceptInsecureCerts: false, browserName: chrome, browserVersion: 131.0.6778.86, chrome: {chromedriverVersion: 131.0.6778.85 (3d81e41b6f3a..., userDataDir: C:\Users\QA\AppData\Local\T...}, fedcm:accounts: true, goog:chromeOptions: {debuggerAddress: localhost:58922}, networkConnectionEnabled: false, pageLoadStrategy: normal, platformName: windows, proxy: Proxy(), se:cdp: ws://localhost:58922/devtoo..., se:cdpVersion: 131.0.6778.86, setWindowRect: true, strictFileInteractability: false, timeouts: {implicit: 0, pageLoad: 300000, script: 30000}, unhandledPromptBehavior: dismiss and notify, webauthn:extension:credBlob: true, webauthn:extension:largeBlob: true, webauthn:extension:minPinLength: true, webauthn:extension:prf: true, webauthn:virtualAuthenticators: true}
Session ID: b956134a066ebe77ef0e167fc703d58b" type="org.openqa.selenium.TimeoutException">
      <![CDATA[org.openqa.selenium.TimeoutException: timeout: Timed out receiving message from renderer: 14.680
  (Session info: chrome=131.0.6778.86)
Build info: version: '4.13.0', revision: 'ba948ece5b*'
System info: os.name: 'Windows 10', os.arch: 'amd64', os.version: '10.0', java.version: '22.0.1'
Driver info: org.openqa.selenium.chrome.ChromeDriver
Command: [b956134a066ebe77ef0e167fc703d58b, get {url=https://www.heromotocorp.com/en-np.html}]
Capabilities {acceptInsecureCerts: false, browserName: chrome, browserVersion: 131.0.6778.86, chrome: {chromedriverVersion: 131.0.6778.85 (3d81e41b6f3a..., userDataDir: C:\Users\QA\AppData\Local\T...}, fedcm:accounts: true, goog:chromeOptions: {debuggerAddress: localhost:58922}, networkConnectionEnabled: false, pageLoadStrategy: normal, platformName: windows, proxy: Proxy(), se:cdp: ws://localhost:58922/devtoo..., se:cdpVersion: 131.0.6778.86, setWindowRect: true, strictFileInteractability: false, timeouts: {implicit: 0, pageLoad: 300000, script: 30000}, unhandledPromptBehavior: dismiss and notify, webauthn:extension:credBlob: true, webauthn:extension:largeBlob: true, webauthn:extension:minPinLength: true, webauthn:extension:prf: true, webauthn:virtualAuthenticators: true}
Session ID: b956134a066ebe77ef0e167fc703d58b
at java.base/jdk.internal.reflect.DirectConstructorHandleAccessor.newInstance(DirectConstructorHandleAccessor.java:62)
at java.base/java.lang.reflect.Constructor.newInstanceWithCaller(Constructor.java:502)
at java.base/java.lang.reflect.Constructor.newInstance(Constructor.java:486)
at org.openqa.selenium.remote.codec.w3c.W3CHttpResponseCodec.createException(W3CHttpResponseCodec.java:200)
at org.openqa.selenium.remote.codec.w3c.W3CHttpResponseCodec.decode(W3CHttpResponseCodec.java:133)
at org.openqa.selenium.remote.codec.w3c.W3CHttpResponseCodec.decode(W3CHttpResponseCodec.java:52)
at org.openqa.selenium.remote.HttpCommandExecutor.execute(HttpCommandExecutor.java:191)
at org.openqa.selenium.remote.service.DriverCommandExecutor.invokeExecute(DriverCommandExecutor.java:196)
at org.openqa.selenium.remote.service.DriverCommandExecutor.execute(DriverCommandExecutor.java:171)
at org.openqa.selenium.remote.RemoteWebDriver.execute(RemoteWebDriver.java:602)
at org.openqa.selenium.remote.RemoteWebDriver.get(RemoteWebDriver.java:304)
at GB_Webapp.Utility.Library.open_new_Window_and_close_previous_Window(Library.java:316)
at GB_Webapp.Page.HomePage.user_open_Nepal_website_link(HomePage.java:1237)
at GB_Webapp.StepDefinition.HomePageTest.user_open_website_link(HomePageTest.java:75)
at ✽.User open "Nepal" website link(file:///C:/Users/QA/OneDrive/Documents/Zoom/Intellij_trial/Hero_GB_WebApp_UI_Testing_BDD/./AllCountryFeatureFiles/FeatureFilesNepal/02_BikeFeature.feature:4)
]]>
    </error>
  </testcase> <!-- runScenario -->
  <system-out/>
  <testcase classname="GB_Webapp.TestRunner.Nepal" name="runScenario" time="3.267"/>
  <system-out/>
  <testcase classname="GB_Webapp.TestRunner.Nepal" name="runScenario" time="12.730"/>
  <system-out/>
  <testcase classname="GB_Webapp.TestRunner.Nepal" name="runScenario" time="20.082">
    <failure message="Unable to visible field  : Become A Dealer Page  --  Proxy element for: DefaultElementLocator &#039;By.xpath: //h2[normalize-space()=&#039;Become a Dealer&#039;]&#039;  --  org.openqa.selenium.NoSuchElementException: no such element: Unable to locate element: {&quot;method&quot;:&quot;xpath&quot;,&quot;selector&quot;:&quot;//h2[normalize-space()=&#039;Become a Dealer&#039;]&quot;}
  (Session info: chrome=131.0.6778.86)
For documentation on this error, please visit: https://www.selenium.dev/documentation/webdriver/troubleshooting/errors#no-such-element-exception
Build info: version: &#039;4.13.0&#039;, revision: &#039;ba948ece5b*&#039;
System info: os.name: &#039;Windows 10&#039;, os.arch: &#039;amd64&#039;, os.version: &#039;10.0&#039;, java.version: &#039;22.0.1&#039;
Driver info: org.openqa.selenium.chrome.ChromeDriver
Command: [b956134a066ebe77ef0e167fc703d58b, findElement {using=xpath, value=//h2[normalize-space()=&#039;Become a Dealer&#039;]}]
Capabilities {acceptInsecureCerts: false, browserName: chrome, browserVersion: 131.0.6778.86, chrome: {chromedriverVersion: 131.0.6778.85 (3d81e41b6f3a..., userDataDir: C:\Users\QA\AppData\Local\T...}, fedcm:accounts: true, goog:chromeOptions: {debuggerAddress: localhost:58922}, networkConnectionEnabled: false, pageLoadStrategy: normal, platformName: windows, proxy: Proxy(), se:cdp: ws://localhost:58922/devtoo..., se:cdpVersion: 131.0.6778.86, setWindowRect: true, strictFileInteractability: false, timeouts: {implicit: 0, pageLoad: 300000, script: 30000}, unhandledPromptBehavior: dismiss and notify, webauthn:extension:credBlob: true, webauthn:extension:largeBlob: true, webauthn:extension:minPinLength: true, webauthn:extension:prf: true, webauthn:virtualAuthenticators: true}
Session ID: b956134a066ebe77ef0e167fc703d58b expected [true] but found [false]" type="java.lang.AssertionError">
      <![CDATA[java.lang.AssertionError: Unable to visible field  : Become A Dealer Page  --  Proxy element for: DefaultElementLocator 'By.xpath: //h2[normalize-space()='Become a Dealer']'  --  org.openqa.selenium.NoSuchElementException: no such element: Unable to locate element: {"method":"xpath","selector":"//h2[normalize-space()='Become a Dealer']"}
  (Session info: chrome=131.0.6778.86)
For documentation on this error, please visit: https://www.selenium.dev/documentation/webdriver/troubleshooting/errors#no-such-element-exception
Build info: version: '4.13.0', revision: 'ba948ece5b*'
System info: os.name: 'Windows 10', os.arch: 'amd64', os.version: '10.0', java.version: '22.0.1'
Driver info: org.openqa.selenium.chrome.ChromeDriver
Command: [b956134a066ebe77ef0e167fc703d58b, findElement {using=xpath, value=//h2[normalize-space()='Become a Dealer']}]
Capabilities {acceptInsecureCerts: false, browserName: chrome, browserVersion: 131.0.6778.86, chrome: {chromedriverVersion: 131.0.6778.85 (3d81e41b6f3a..., userDataDir: C:\Users\QA\AppData\Local\T...}, fedcm:accounts: true, goog:chromeOptions: {debuggerAddress: localhost:58922}, networkConnectionEnabled: false, pageLoadStrategy: normal, platformName: windows, proxy: Proxy(), se:cdp: ws://localhost:58922/devtoo..., se:cdpVersion: 131.0.6778.86, setWindowRect: true, strictFileInteractability: false, timeouts: {implicit: 0, pageLoad: 300000, script: 30000}, unhandledPromptBehavior: dismiss and notify, webauthn:extension:credBlob: true, webauthn:extension:largeBlob: true, webauthn:extension:minPinLength: true, webauthn:extension:prf: true, webauthn:virtualAuthenticators: true}
Session ID: b956134a066ebe77ef0e167fc703d58b expected [true] but found [false]
at org.testng.Assert.fail(Assert.java:110)
at org.testng.Assert.failNotEquals(Assert.java:1577)
at org.testng.Assert.assertTrue(Assert.java:56)
at GB_Webapp.Utility.Library.visible_link(Library.java:69)
at GB_Webapp.Page.HomePage.verify_beacome_a_dealer_icon_redirection(HomePage.java:1026)
at GB_Webapp.StepDefinition.HomePageTest.verify_icon_redirection(HomePageTest.java:325)
at ✽.Verify "become_a_dealer" icon redirection(file:///C:/Users/QA/OneDrive/Documents/Zoom/Intellij_trial/Hero_GB_WebApp_UI_Testing_BDD/./AllCountryFeatureFiles/FeatureFilesNepal/01_HomePage.feature:121)
]]>
    </failure>
  </testcase> <!-- runScenario -->
  <system-out/>
  <testcase classname="GB_Webapp.TestRunner.Nepal" name="runScenario" time="20.082">
    <failure message="Unable to click element : Steering  --  [[ChromeDriver: chrome on windows (34c7599589e95c2389ed27b3b5250e95)] -&gt; xpath: //div[@class=&#039;two-wheeler-tips&#039;]//div[13]]  --  org.openqa.selenium.ElementClickInterceptedException: element click intercepted: Element &lt;div class=&quot;tips-box&quot;&gt;...&lt;/div&gt; is not clickable at point (440, 24). Other element would receive the click: &lt;img src=&quot;/content/dam/hero-aem-website/in/design-bd/brand/hero-logo.svg&quot; class=&quot;img-fluid &quot; alt=&quot;Logo of Hero Motor&quot;&gt;
  (Session info: chrome=131.0.6778.86)
Build info: version: &#039;4.13.0&#039;, revision: &#039;ba948ece5b*&#039;
System info: os.name: &#039;Windows 10&#039;, os.arch: &#039;amd64&#039;, os.version: &#039;10.0&#039;, java.version: &#039;22.0.1&#039;
Driver info: org.openqa.selenium.chrome.ChromeDriver
Command: [34c7599589e95c2389ed27b3b5250e95, clickElement {id=f.051723CF3798B06214F9A69F8F371B70.d.337988A62DD7284545E5BD7D5198E66B.e.1254}]
Capabilities {acceptInsecureCerts: false, browserName: chrome, browserVersion: 131.0.6778.86, chrome: {chromedriverVersion: 131.0.6778.85 (3d81e41b6f3a..., userDataDir: C:\Users\QA\AppData\Local\T...}, fedcm:accounts: true, goog:chromeOptions: {debuggerAddress: localhost:59137}, networkConnectionEnabled: false, pageLoadStrategy: normal, platformName: windows, proxy: Proxy(), se:cdp: ws://localhost:59137/devtoo..., se:cdpVersion: 131.0.6778.86, setWindowRect: true, strictFileInteractability: false, timeouts: {implicit: 0, pageLoad: 300000, script: 30000}, unhandledPromptBehavior: dismiss and notify, webauthn:extension:credBlob: true, webauthn:extension:largeBlob: true, webauthn:extension:minPinLength: true, webauthn:extension:prf: true, webauthn:virtualAuthenticators: true}
Element: [[ChromeDriver: chrome on windows (34c7599589e95c2389ed27b3b5250e95)] -&gt; xpath: //div[@class=&#039;two-wheeler-tips&#039;]//div[13]]
Session ID: 34c7599589e95c2389ed27b3b5250e95 expected [true] but found [false]" type="java.lang.AssertionError">
      <![CDATA[java.lang.AssertionError: Unable to click element : Steering  --  [[ChromeDriver: chrome on windows (34c7599589e95c2389ed27b3b5250e95)] -> xpath: //div[@class='two-wheeler-tips']//div[13]]  --  org.openqa.selenium.ElementClickInterceptedException: element click intercepted: Element <div class="tips-box">...</div> is not clickable at point (440, 24). Other element would receive the click: <img src="/content/dam/hero-aem-website/in/design-bd/brand/hero-logo.svg" class="img-fluid " alt="Logo of Hero Motor">
  (Session info: chrome=131.0.6778.86)
Build info: version: '4.13.0', revision: 'ba948ece5b*'
System info: os.name: 'Windows 10', os.arch: 'amd64', os.version: '10.0', java.version: '22.0.1'
Driver info: org.openqa.selenium.chrome.ChromeDriver
Command: [34c7599589e95c2389ed27b3b5250e95, clickElement {id=f.051723CF3798B06214F9A69F8F371B70.d.337988A62DD7284545E5BD7D5198E66B.e.1254}]
Capabilities {acceptInsecureCerts: false, browserName: chrome, browserVersion: 131.0.6778.86, chrome: {chromedriverVersion: 131.0.6778.85 (3d81e41b6f3a..., userDataDir: C:\Users\QA\AppData\Local\T...}, fedcm:accounts: true, goog:chromeOptions: {debuggerAddress: localhost:59137}, networkConnectionEnabled: false, pageLoadStrategy: normal, platformName: windows, proxy: Proxy(), se:cdp: ws://localhost:59137/devtoo..., se:cdpVersion: 131.0.6778.86, setWindowRect: true, strictFileInteractability: false, timeouts: {implicit: 0, pageLoad: 300000, script: 30000}, unhandledPromptBehavior: dismiss and notify, webauthn:extension:credBlob: true, webauthn:extension:largeBlob: true, webauthn:extension:minPinLength: true, webauthn:extension:prf: true, webauthn:virtualAuthenticators: true}
Element: [[ChromeDriver: chrome on windows (34c7599589e95c2389ed27b3b5250e95)] -> xpath: //div[@class='two-wheeler-tips']//div[13]]
Session ID: 34c7599589e95c2389ed27b3b5250e95 expected [true] but found [false]
at org.testng.Assert.fail(Assert.java:110)
at org.testng.Assert.failNotEquals(Assert.java:1577)
at org.testng.Assert.assertTrue(Assert.java:56)
at GB_Webapp.Utility.Library.click(Library.java:38)
at GB_Webapp.Page.ServicePage.verify_all_inspection_guide(ServicePage.java:413)
at GB_Webapp.StepDefinition.ServiceTest.verify_all_inspection_guide(ServiceTest.java:109)
at ✽.Verify all inspection guide(file:///C:/Users/QA/OneDrive/Documents/Zoom/Intellij_trial/Hero_GB_WebApp_UI_Testing_BDD/./AllCountryFeatureFiles/FeatureFilesNepal/04_Service.feature:26)
]]>
    </failure>
  </testcase> <!-- runScenario -->
  <system-out/>
  <testcase classname="GB_Webapp.TestRunner.Nepal" name="runScenario" time="3.305"/>
  <system-out/>
  <testcase classname="GB_Webapp.TestRunner.Nepal" name="runScenario" time="0.860"/>
  <system-out/>
  <testcase classname="GB_Webapp.TestRunner.Nepal" name="runScenario" time="0.693"/>
  <system-out/>
  <testcase classname="GB_Webapp.TestRunner.Nepal" name="runScenario" time="19.839"/>
  <system-out/>
  <testcase classname="GB_Webapp.TestRunner.Nepal" name="runScenario" time="19.841"/>
  <system-out/>
  <testcase classname="GB_Webapp.TestRunner.Nepal" name="runScenario" time="2.126"/>
  <system-out/>
  <testcase classname="GB_Webapp.TestRunner.Nepal" name="runScenario" time="8.496"/>
  <system-out/>
  <testcase classname="GB_Webapp.TestRunner.Nepal" name="runScenario" time="4.483"/>
  <system-out/>
  <testcase classname="GB_Webapp.TestRunner.Nepal" name="runScenario" time="18.522"/>
  <system-out/>
  <testcase classname="GB_Webapp.TestRunner.Nepal" name="runScenario" time="30.576"/>
  <system-out/>
  <testcase classname="GB_Webapp.TestRunner.Nepal" name="runScenario" time="9.835"/>
  <system-out/>
  <testcase classname="GB_Webapp.TestRunner.Nepal" name="runScenario" time="17.895"/>
  <system-out/>
</testsuite> <!-- GB_Webapp.TestRunner.Nepal -->
