<?xml version="1.0" encoding="UTF-8"?>
<!-- Generated by org.testng.reporters.JUnitReportReporter -->
<testsuite hostname="DESKTOP-LMKUKFJ" failures="15" tests="28" name="GB_Webapp.TestRunner.Bangladesh" time="483.961" errors="0" timestamp="2024-11-11T18:03:33 IST" skipped="0">
  <testcase classname="GB_Webapp.TestRunner.Bangladesh" name="runScenario" time="2.997"/>
  <system-out/>
  <testcase classname="GB_Webapp.TestRunner.Bangladesh" name="runScenario" time="40.488"/>
  <system-out/>
  <testcase classname="GB_Webapp.TestRunner.Bangladesh" name="runScenario" time="35.894"/>
  <system-out/>
  <testcase classname="GB_Webapp.TestRunner.Bangladesh" name="runScenario" time="3.118"/>
  <system-out/>
  <testcase classname="GB_Webapp.TestRunner.Bangladesh" name="runScenario" time="9.696"/>
  <system-out/>
  <testcase classname="GB_Webapp.TestRunner.Bangladesh" name="runScenario" time="21.710">
    <failure message="Unable to click element : Specifications  --  [[EdgeDriver: MicrosoftEdge on windows (f927c09208bc362562783fbfdcef7c61)] -&gt; xpath: //span[normalize-space()=&#039;SPECIFICATIONS&#039;]]  --  org.openqa.selenium.ElementClickInterceptedException: element click intercepted: Element &lt;span&gt;...&lt;/span&gt; is not clickable at point (1195, 28). Other element would receive the click: &lt;div class=&quot;modal-popup modal-large book-bike-ride request-callback&quot; id=&quot;requestCallBackModel&quot;&gt;...&lt;/div&gt;
  (Session info: MicrosoftEdge=130.0.2849.80)
Build info: version: &#039;4.13.0&#039;, revision: &#039;ba948ece5b*&#039;
System info: os.name: &#039;Windows 10&#039;, os.arch: &#039;amd64&#039;, os.version: &#039;10.0&#039;, java.version: &#039;22.0.1&#039;
Driver info: org.openqa.selenium.edge.EdgeDriver
Command: [f927c09208bc362562783fbfdcef7c61, clickElement {id=f.59D418E72B8A44DE427522416A3ED92B.d.720AE5FEA2C8AEA4AD2A396992B3A595.e.708}]
Capabilities {acceptInsecureCerts: false, browserName: MicrosoftEdge, browserVersion: 130.0.2849.80, fedcm:accounts: true, ms:edgeOptions: {debuggerAddress: localhost:55506}, msedge: {msedgedriverVersion: 130.0.2849.80 (bbf5e2881b22..., userDataDir: C:\Users\QA\AppData\Local\T...}, networkConnectionEnabled: false, pageLoadStrategy: normal, platformName: windows, proxy: Proxy(), se:cdp: ws://localhost:55506/devtoo..., se:cdpVersion: 130.0.2849.80, setWindowRect: true, strictFileInteractability: false, timeouts: {implicit: 0, pageLoad: 300000, script: 30000}, unhandledPromptBehavior: dismiss and notify, webauthn:extension:credBlob: true, webauthn:extension:largeBlob: true, webauthn:extension:minPinLength: true, webauthn:extension:prf: true, webauthn:virtualAuthenticators: true}
Element: [[EdgeDriver: MicrosoftEdge on windows (f927c09208bc362562783fbfdcef7c61)] -&gt; xpath: //span[normalize-space()=&#039;SPECIFICATIONS&#039;]]
Session ID: f927c09208bc362562783fbfdcef7c61 expected [true] but found [false]" type="java.lang.AssertionError">
      <![CDATA[java.lang.AssertionError: Unable to click element : Specifications  --  [[EdgeDriver: MicrosoftEdge on windows (f927c09208bc362562783fbfdcef7c61)] -> xpath: //span[normalize-space()='SPECIFICATIONS']]  --  org.openqa.selenium.ElementClickInterceptedException: element click intercepted: Element <span>...</span> is not clickable at point (1195, 28). Other element would receive the click: <div class="modal-popup modal-large book-bike-ride request-callback" id="requestCallBackModel">...</div>
  (Session info: MicrosoftEdge=130.0.2849.80)
Build info: version: '4.13.0', revision: 'ba948ece5b*'
System info: os.name: 'Windows 10', os.arch: 'amd64', os.version: '10.0', java.version: '22.0.1'
Driver info: org.openqa.selenium.edge.EdgeDriver
Command: [f927c09208bc362562783fbfdcef7c61, clickElement {id=f.59D418E72B8A44DE427522416A3ED92B.d.720AE5FEA2C8AEA4AD2A396992B3A595.e.708}]
Capabilities {acceptInsecureCerts: false, browserName: MicrosoftEdge, browserVersion: 130.0.2849.80, fedcm:accounts: true, ms:edgeOptions: {debuggerAddress: localhost:55506}, msedge: {msedgedriverVersion: 130.0.2849.80 (bbf5e2881b22..., userDataDir: C:\Users\QA\AppData\Local\T...}, networkConnectionEnabled: false, pageLoadStrategy: normal, platformName: windows, proxy: Proxy(), se:cdp: ws://localhost:55506/devtoo..., se:cdpVersion: 130.0.2849.80, setWindowRect: true, strictFileInteractability: false, timeouts: {implicit: 0, pageLoad: 300000, script: 30000}, unhandledPromptBehavior: dismiss and notify, webauthn:extension:credBlob: true, webauthn:extension:largeBlob: true, webauthn:extension:minPinLength: true, webauthn:extension:prf: true, webauthn:virtualAuthenticators: true}
Element: [[EdgeDriver: MicrosoftEdge on windows (f927c09208bc362562783fbfdcef7c61)] -> xpath: //span[normalize-space()='SPECIFICATIONS']]
Session ID: f927c09208bc362562783fbfdcef7c61 expected [true] but found [false]
at org.testng.Assert.fail(Assert.java:110)
at org.testng.Assert.failNotEquals(Assert.java:1577)
at org.testng.Assert.assertTrue(Assert.java:56)
at GB_Webapp.Utility.Library.click(Library.java:37)
at GB_Webapp.Page.BikeFeaturePage.click_on_specifications_icon(BikeFeaturePage.java:220)
at GB_Webapp.StepDefinition.BikeFeatureTest.click_on_specifications_icon(BikeFeatureTest.java:56)
at ✽.Click on specifications icon(file:///C:/Users/QA/OneDrive/Documents/Zoom/Intellij_trial/Hero_GB_WebApp_UI_Testing_BDD/./FeatureFilesBangladesh/02_BikeFeature.feature:20)
]]>
    </failure>
  </testcase> <!-- runScenario -->
  <system-out/>
  <testcase classname="GB_Webapp.TestRunner.Bangladesh" name="runScenario" time="23.985">
    <failure message="Unable to click element : Suspension  --  [[EdgeDriver: MicrosoftEdge on windows (f927c09208bc362562783fbfdcef7c61)] -&gt; xpath: //div[@id=&#039;v-pills-tab&#039;]//child::a | //span[@class=&#039;mob-hide&#039;]]  --  org.openqa.selenium.ElementClickInterceptedException: element click intercepted: Element &lt;span class=&quot;mob-hide&quot;&gt;...&lt;/span&gt; is not clickable at point (1019, 486). Other element would receive the click: &lt;div class=&quot;column&quot;&gt;...&lt;/div&gt;
  (Session info: MicrosoftEdge=130.0.2849.80)
Build info: version: &#039;4.13.0&#039;, revision: &#039;ba948ece5b*&#039;
System info: os.name: &#039;Windows 10&#039;, os.arch: &#039;amd64&#039;, os.version: &#039;10.0&#039;, java.version: &#039;22.0.1&#039;
Driver info: org.openqa.selenium.edge.EdgeDriver
Command: [f927c09208bc362562783fbfdcef7c61, clickElement {id=f.59D418E72B8A44DE427522416A3ED92B.d.A78C14499C00B749C26772F130073ECA.e.1403}]
Capabilities {acceptInsecureCerts: false, browserName: MicrosoftEdge, browserVersion: 130.0.2849.80, fedcm:accounts: true, ms:edgeOptions: {debuggerAddress: localhost:55506}, msedge: {msedgedriverVersion: 130.0.2849.80 (bbf5e2881b22..., userDataDir: C:\Users\QA\AppData\Local\T...}, networkConnectionEnabled: false, pageLoadStrategy: normal, platformName: windows, proxy: Proxy(), se:cdp: ws://localhost:55506/devtoo..., se:cdpVersion: 130.0.2849.80, setWindowRect: true, strictFileInteractability: false, timeouts: {implicit: 0, pageLoad: 300000, script: 30000}, unhandledPromptBehavior: dismiss and notify, webauthn:extension:credBlob: true, webauthn:extension:largeBlob: true, webauthn:extension:minPinLength: true, webauthn:extension:prf: true, webauthn:virtualAuthenticators: true}
Element: [[EdgeDriver: MicrosoftEdge on windows (f927c09208bc362562783fbfdcef7c61)] -&gt; xpath: //div[@id=&#039;v-pills-tab&#039;]//child::a | //span[@class=&#039;mob-hide&#039;]]
Session ID: f927c09208bc362562783fbfdcef7c61 expected [true] but found [false]" type="java.lang.AssertionError">
      <![CDATA[java.lang.AssertionError: Unable to click element : Suspension  --  [[EdgeDriver: MicrosoftEdge on windows (f927c09208bc362562783fbfdcef7c61)] -> xpath: //div[@id='v-pills-tab']//child::a | //span[@class='mob-hide']]  --  org.openqa.selenium.ElementClickInterceptedException: element click intercepted: Element <span class="mob-hide">...</span> is not clickable at point (1019, 486). Other element would receive the click: <div class="column">...</div>
  (Session info: MicrosoftEdge=130.0.2849.80)
Build info: version: '4.13.0', revision: 'ba948ece5b*'
System info: os.name: 'Windows 10', os.arch: 'amd64', os.version: '10.0', java.version: '22.0.1'
Driver info: org.openqa.selenium.edge.EdgeDriver
Command: [f927c09208bc362562783fbfdcef7c61, clickElement {id=f.59D418E72B8A44DE427522416A3ED92B.d.A78C14499C00B749C26772F130073ECA.e.1403}]
Capabilities {acceptInsecureCerts: false, browserName: MicrosoftEdge, browserVersion: 130.0.2849.80, fedcm:accounts: true, ms:edgeOptions: {debuggerAddress: localhost:55506}, msedge: {msedgedriverVersion: 130.0.2849.80 (bbf5e2881b22..., userDataDir: C:\Users\QA\AppData\Local\T...}, networkConnectionEnabled: false, pageLoadStrategy: normal, platformName: windows, proxy: Proxy(), se:cdp: ws://localhost:55506/devtoo..., se:cdpVersion: 130.0.2849.80, setWindowRect: true, strictFileInteractability: false, timeouts: {implicit: 0, pageLoad: 300000, script: 30000}, unhandledPromptBehavior: dismiss and notify, webauthn:extension:credBlob: true, webauthn:extension:largeBlob: true, webauthn:extension:minPinLength: true, webauthn:extension:prf: true, webauthn:virtualAuthenticators: true}
Element: [[EdgeDriver: MicrosoftEdge on windows (f927c09208bc362562783fbfdcef7c61)] -> xpath: //div[@id='v-pills-tab']//child::a | //span[@class='mob-hide']]
Session ID: f927c09208bc362562783fbfdcef7c61 expected [true] but found [false]
at org.testng.Assert.fail(Assert.java:110)
at org.testng.Assert.failNotEquals(Assert.java:1577)
at org.testng.Assert.assertTrue(Assert.java:56)
at GB_Webapp.Utility.Library.click(Library.java:37)
at GB_Webapp.Page.BikeFeaturePage.verify_multiple_specificatios(BikeFeaturePage.java:227)
at GB_Webapp.StepDefinition.BikeFeatureTest.verify_multiple_specificatios(BikeFeatureTest.java:60)
at ✽.Verify multiple specificatios(file:///C:/Users/QA/OneDrive/Documents/Zoom/Intellij_trial/Hero_GB_WebApp_UI_Testing_BDD/./FeatureFilesBangladesh/02_BikeFeature.feature:21)
]]>
    </failure>
  </testcase> <!-- runScenario -->
  <system-out/>
  <testcase classname="GB_Webapp.TestRunner.Bangladesh" name="runScenario" time="4.430"/>
  <system-out/>
  <testcase classname="GB_Webapp.TestRunner.Bangladesh" name="runScenario" time="23.771">
    <failure message="Unable to click element : Transmission &amp; Chassis  --  [[EdgeDriver: MicrosoftEdge on windows (f927c09208bc362562783fbfdcef7c61)] -&gt; xpath: //div[@id=&#039;v-pills-tab&#039;]//child::a | //span[@class=&#039;mob-hide&#039;]]  --  org.openqa.selenium.ElementClickInterceptedException: element click intercepted: Element &lt;a class=&quot;nav-link &quot; id=&quot;v-pills-698640863-tab&quot; data-bs-toggle=&quot;pill&quot; data-bs-target=&quot;#v-pills-698640863&quot; aria-controls=&quot;v-pills-698640863&quot; aria-selected=&quot;false&quot;&gt;...&lt;/a&gt; is not clickable at point (752, 240). Other element would receive the click: &lt;div class=&quot;book-ride-img&quot; style=&quot;background-image: url(&#039;/content/dam/hero-aem-website/in/design-bd/mega-menu/Karizma 400X600px_Option.jpg&#039;)&quot;&gt;&lt;/div&gt;
  (Session info: MicrosoftEdge=130.0.2849.80)
Build info: version: &#039;4.13.0&#039;, revision: &#039;ba948ece5b*&#039;
System info: os.name: &#039;Windows 10&#039;, os.arch: &#039;amd64&#039;, os.version: &#039;10.0&#039;, java.version: &#039;22.0.1&#039;
Driver info: org.openqa.selenium.edge.EdgeDriver
Command: [f927c09208bc362562783fbfdcef7c61, clickElement {id=f.59D418E72B8A44DE427522416A3ED92B.d.542535EB8941EED58D11C4497095E22C.e.2219}]
Capabilities {acceptInsecureCerts: false, browserName: MicrosoftEdge, browserVersion: 130.0.2849.80, fedcm:accounts: true, ms:edgeOptions: {debuggerAddress: localhost:55506}, msedge: {msedgedriverVersion: 130.0.2849.80 (bbf5e2881b22..., userDataDir: C:\Users\QA\AppData\Local\T...}, networkConnectionEnabled: false, pageLoadStrategy: normal, platformName: windows, proxy: Proxy(), se:cdp: ws://localhost:55506/devtoo..., se:cdpVersion: 130.0.2849.80, setWindowRect: true, strictFileInteractability: false, timeouts: {implicit: 0, pageLoad: 300000, script: 30000}, unhandledPromptBehavior: dismiss and notify, webauthn:extension:credBlob: true, webauthn:extension:largeBlob: true, webauthn:extension:minPinLength: true, webauthn:extension:prf: true, webauthn:virtualAuthenticators: true}
Element: [[EdgeDriver: MicrosoftEdge on windows (f927c09208bc362562783fbfdcef7c61)] -&gt; xpath: //div[@id=&#039;v-pills-tab&#039;]//child::a | //span[@class=&#039;mob-hide&#039;]]
Session ID: f927c09208bc362562783fbfdcef7c61 expected [true] but found [false]" type="java.lang.AssertionError">
      <![CDATA[java.lang.AssertionError: Unable to click element : Transmission & Chassis  --  [[EdgeDriver: MicrosoftEdge on windows (f927c09208bc362562783fbfdcef7c61)] -> xpath: //div[@id='v-pills-tab']//child::a | //span[@class='mob-hide']]  --  org.openqa.selenium.ElementClickInterceptedException: element click intercepted: Element <a class="nav-link " id="v-pills-698640863-tab" data-bs-toggle="pill" data-bs-target="#v-pills-698640863" aria-controls="v-pills-698640863" aria-selected="false">...</a> is not clickable at point (752, 240). Other element would receive the click: <div class="book-ride-img" style="background-image: url('/content/dam/hero-aem-website/in/design-bd/mega-menu/Karizma 400X600px_Option.jpg')"></div>
  (Session info: MicrosoftEdge=130.0.2849.80)
Build info: version: '4.13.0', revision: 'ba948ece5b*'
System info: os.name: 'Windows 10', os.arch: 'amd64', os.version: '10.0', java.version: '22.0.1'
Driver info: org.openqa.selenium.edge.EdgeDriver
Command: [f927c09208bc362562783fbfdcef7c61, clickElement {id=f.59D418E72B8A44DE427522416A3ED92B.d.542535EB8941EED58D11C4497095E22C.e.2219}]
Capabilities {acceptInsecureCerts: false, browserName: MicrosoftEdge, browserVersion: 130.0.2849.80, fedcm:accounts: true, ms:edgeOptions: {debuggerAddress: localhost:55506}, msedge: {msedgedriverVersion: 130.0.2849.80 (bbf5e2881b22..., userDataDir: C:\Users\QA\AppData\Local\T...}, networkConnectionEnabled: false, pageLoadStrategy: normal, platformName: windows, proxy: Proxy(), se:cdp: ws://localhost:55506/devtoo..., se:cdpVersion: 130.0.2849.80, setWindowRect: true, strictFileInteractability: false, timeouts: {implicit: 0, pageLoad: 300000, script: 30000}, unhandledPromptBehavior: dismiss and notify, webauthn:extension:credBlob: true, webauthn:extension:largeBlob: true, webauthn:extension:minPinLength: true, webauthn:extension:prf: true, webauthn:virtualAuthenticators: true}
Element: [[EdgeDriver: MicrosoftEdge on windows (f927c09208bc362562783fbfdcef7c61)] -> xpath: //div[@id='v-pills-tab']//child::a | //span[@class='mob-hide']]
Session ID: f927c09208bc362562783fbfdcef7c61 expected [true] but found [false]
at org.testng.Assert.fail(Assert.java:110)
at org.testng.Assert.failNotEquals(Assert.java:1577)
at org.testng.Assert.assertTrue(Assert.java:56)
at GB_Webapp.Utility.Library.click(Library.java:37)
at GB_Webapp.Page.BikeFeaturePage.verify_multiple_specificatios(BikeFeaturePage.java:227)
at GB_Webapp.StepDefinition.BikeFeatureTest.verify_multiple_specificatios(BikeFeatureTest.java:60)
at ✽.Verify multiple specificatios(file:///C:/Users/QA/OneDrive/Documents/Zoom/Intellij_trial/Hero_GB_WebApp_UI_Testing_BDD/./FeatureFilesBangladesh/02_BikeFeature.feature:21)
]]>
    </failure>
  </testcase> <!-- runScenario -->
  <system-out/>
  <testcase classname="GB_Webapp.TestRunner.Bangladesh" name="runScenario" time="21.991">
    <failure message="Unable to click element : Engine  --  [[EdgeDriver: MicrosoftEdge on windows (f927c09208bc362562783fbfdcef7c61)] -&gt; xpath: //div[@id=&#039;v-pills-tab&#039;]//child::a | //span[@class=&#039;mob-hide&#039;]]  --  org.openqa.selenium.ElementClickInterceptedException: element click intercepted: Element &lt;a class=&quot;nav-link active &quot; id=&quot;v-pills--555054070-tab&quot; data-bs-toggle=&quot;pill&quot; data-bs-target=&quot;#v-pills--555054070&quot; aria-controls=&quot;v-pills--555054070&quot; aria-selected=&quot;false&quot;&gt;...&lt;/a&gt; is not clickable at point (505, 239). Other element would receive the click: &lt;div class=&quot;book-ride-img&quot; style=&quot;background-image: url(&#039;/content/dam/hero-aem-website/in/design-bd/mega-menu/Karizma 400X600px_Option.jpg&#039;)&quot;&gt;&lt;/div&gt;
  (Session info: MicrosoftEdge=130.0.2849.80)
Build info: version: &#039;4.13.0&#039;, revision: &#039;ba948ece5b*&#039;
System info: os.name: &#039;Windows 10&#039;, os.arch: &#039;amd64&#039;, os.version: &#039;10.0&#039;, java.version: &#039;22.0.1&#039;
Driver info: org.openqa.selenium.edge.EdgeDriver
Command: [f927c09208bc362562783fbfdcef7c61, clickElement {id=f.59D418E72B8A44DE427522416A3ED92B.d.9FC710FA29C1768D743B0169ADF7DAC0.e.1885}]
Capabilities {acceptInsecureCerts: false, browserName: MicrosoftEdge, browserVersion: 130.0.2849.80, fedcm:accounts: true, ms:edgeOptions: {debuggerAddress: localhost:55506}, msedge: {msedgedriverVersion: 130.0.2849.80 (bbf5e2881b22..., userDataDir: C:\Users\QA\AppData\Local\T...}, networkConnectionEnabled: false, pageLoadStrategy: normal, platformName: windows, proxy: Proxy(), se:cdp: ws://localhost:55506/devtoo..., se:cdpVersion: 130.0.2849.80, setWindowRect: true, strictFileInteractability: false, timeouts: {implicit: 0, pageLoad: 300000, script: 30000}, unhandledPromptBehavior: dismiss and notify, webauthn:extension:credBlob: true, webauthn:extension:largeBlob: true, webauthn:extension:minPinLength: true, webauthn:extension:prf: true, webauthn:virtualAuthenticators: true}
Element: [[EdgeDriver: MicrosoftEdge on windows (f927c09208bc362562783fbfdcef7c61)] -&gt; xpath: //div[@id=&#039;v-pills-tab&#039;]//child::a | //span[@class=&#039;mob-hide&#039;]]
Session ID: f927c09208bc362562783fbfdcef7c61 expected [true] but found [false]" type="java.lang.AssertionError">
      <![CDATA[java.lang.AssertionError: Unable to click element : Engine  --  [[EdgeDriver: MicrosoftEdge on windows (f927c09208bc362562783fbfdcef7c61)] -> xpath: //div[@id='v-pills-tab']//child::a | //span[@class='mob-hide']]  --  org.openqa.selenium.ElementClickInterceptedException: element click intercepted: Element <a class="nav-link active " id="v-pills--555054070-tab" data-bs-toggle="pill" data-bs-target="#v-pills--555054070" aria-controls="v-pills--555054070" aria-selected="false">...</a> is not clickable at point (505, 239). Other element would receive the click: <div class="book-ride-img" style="background-image: url('/content/dam/hero-aem-website/in/design-bd/mega-menu/Karizma 400X600px_Option.jpg')"></div>
  (Session info: MicrosoftEdge=130.0.2849.80)
Build info: version: '4.13.0', revision: 'ba948ece5b*'
System info: os.name: 'Windows 10', os.arch: 'amd64', os.version: '10.0', java.version: '22.0.1'
Driver info: org.openqa.selenium.edge.EdgeDriver
Command: [f927c09208bc362562783fbfdcef7c61, clickElement {id=f.59D418E72B8A44DE427522416A3ED92B.d.9FC710FA29C1768D743B0169ADF7DAC0.e.1885}]
Capabilities {acceptInsecureCerts: false, browserName: MicrosoftEdge, browserVersion: 130.0.2849.80, fedcm:accounts: true, ms:edgeOptions: {debuggerAddress: localhost:55506}, msedge: {msedgedriverVersion: 130.0.2849.80 (bbf5e2881b22..., userDataDir: C:\Users\QA\AppData\Local\T...}, networkConnectionEnabled: false, pageLoadStrategy: normal, platformName: windows, proxy: Proxy(), se:cdp: ws://localhost:55506/devtoo..., se:cdpVersion: 130.0.2849.80, setWindowRect: true, strictFileInteractability: false, timeouts: {implicit: 0, pageLoad: 300000, script: 30000}, unhandledPromptBehavior: dismiss and notify, webauthn:extension:credBlob: true, webauthn:extension:largeBlob: true, webauthn:extension:minPinLength: true, webauthn:extension:prf: true, webauthn:virtualAuthenticators: true}
Element: [[EdgeDriver: MicrosoftEdge on windows (f927c09208bc362562783fbfdcef7c61)] -> xpath: //div[@id='v-pills-tab']//child::a | //span[@class='mob-hide']]
Session ID: f927c09208bc362562783fbfdcef7c61 expected [true] but found [false]
at org.testng.Assert.fail(Assert.java:110)
at org.testng.Assert.failNotEquals(Assert.java:1577)
at org.testng.Assert.assertTrue(Assert.java:56)
at GB_Webapp.Utility.Library.click(Library.java:37)
at GB_Webapp.Page.BikeFeaturePage.verify_multiple_specificatios(BikeFeaturePage.java:227)
at GB_Webapp.StepDefinition.BikeFeatureTest.verify_multiple_specificatios(BikeFeatureTest.java:60)
at ✽.Verify multiple specificatios(file:///C:/Users/QA/OneDrive/Documents/Zoom/Intellij_trial/Hero_GB_WebApp_UI_Testing_BDD/./FeatureFilesBangladesh/02_BikeFeature.feature:21)
]]>
    </failure>
  </testcase> <!-- runScenario -->
  <system-out/>
  <testcase classname="GB_Webapp.TestRunner.Bangladesh" name="runScenario" time="22.396">
    <failure message="Unable to click element : Suspension  --  [[EdgeDriver: MicrosoftEdge on windows (f927c09208bc362562783fbfdcef7c61)] -&gt; xpath: //div[@id=&#039;v-pills-tab&#039;]//child::a | //span[@class=&#039;mob-hide&#039;]]  --  org.openqa.selenium.ElementClickInterceptedException: element click intercepted: Element &lt;span class=&quot;mob-hide&quot;&gt;...&lt;/span&gt; is not clickable at point (1019, 487). Other element would receive the click: &lt;div class=&quot;column&quot;&gt;...&lt;/div&gt;
  (Session info: MicrosoftEdge=130.0.2849.80)
Build info: version: &#039;4.13.0&#039;, revision: &#039;ba948ece5b*&#039;
System info: os.name: &#039;Windows 10&#039;, os.arch: &#039;amd64&#039;, os.version: &#039;10.0&#039;, java.version: &#039;22.0.1&#039;
Driver info: org.openqa.selenium.edge.EdgeDriver
Command: [f927c09208bc362562783fbfdcef7c61, clickElement {id=f.59D418E72B8A44DE427522416A3ED92B.d.6BF24ED890DE9D324614CB958E1E15E3.e.1232}]
Capabilities {acceptInsecureCerts: false, browserName: MicrosoftEdge, browserVersion: 130.0.2849.80, fedcm:accounts: true, ms:edgeOptions: {debuggerAddress: localhost:55506}, msedge: {msedgedriverVersion: 130.0.2849.80 (bbf5e2881b22..., userDataDir: C:\Users\QA\AppData\Local\T...}, networkConnectionEnabled: false, pageLoadStrategy: normal, platformName: windows, proxy: Proxy(), se:cdp: ws://localhost:55506/devtoo..., se:cdpVersion: 130.0.2849.80, setWindowRect: true, strictFileInteractability: false, timeouts: {implicit: 0, pageLoad: 300000, script: 30000}, unhandledPromptBehavior: dismiss and notify, webauthn:extension:credBlob: true, webauthn:extension:largeBlob: true, webauthn:extension:minPinLength: true, webauthn:extension:prf: true, webauthn:virtualAuthenticators: true}
Element: [[EdgeDriver: MicrosoftEdge on windows (f927c09208bc362562783fbfdcef7c61)] -&gt; xpath: //div[@id=&#039;v-pills-tab&#039;]//child::a | //span[@class=&#039;mob-hide&#039;]]
Session ID: f927c09208bc362562783fbfdcef7c61 expected [true] but found [false]" type="java.lang.AssertionError">
      <![CDATA[java.lang.AssertionError: Unable to click element : Suspension  --  [[EdgeDriver: MicrosoftEdge on windows (f927c09208bc362562783fbfdcef7c61)] -> xpath: //div[@id='v-pills-tab']//child::a | //span[@class='mob-hide']]  --  org.openqa.selenium.ElementClickInterceptedException: element click intercepted: Element <span class="mob-hide">...</span> is not clickable at point (1019, 487). Other element would receive the click: <div class="column">...</div>
  (Session info: MicrosoftEdge=130.0.2849.80)
Build info: version: '4.13.0', revision: 'ba948ece5b*'
System info: os.name: 'Windows 10', os.arch: 'amd64', os.version: '10.0', java.version: '22.0.1'
Driver info: org.openqa.selenium.edge.EdgeDriver
Command: [f927c09208bc362562783fbfdcef7c61, clickElement {id=f.59D418E72B8A44DE427522416A3ED92B.d.6BF24ED890DE9D324614CB958E1E15E3.e.1232}]
Capabilities {acceptInsecureCerts: false, browserName: MicrosoftEdge, browserVersion: 130.0.2849.80, fedcm:accounts: true, ms:edgeOptions: {debuggerAddress: localhost:55506}, msedge: {msedgedriverVersion: 130.0.2849.80 (bbf5e2881b22..., userDataDir: C:\Users\QA\AppData\Local\T...}, networkConnectionEnabled: false, pageLoadStrategy: normal, platformName: windows, proxy: Proxy(), se:cdp: ws://localhost:55506/devtoo..., se:cdpVersion: 130.0.2849.80, setWindowRect: true, strictFileInteractability: false, timeouts: {implicit: 0, pageLoad: 300000, script: 30000}, unhandledPromptBehavior: dismiss and notify, webauthn:extension:credBlob: true, webauthn:extension:largeBlob: true, webauthn:extension:minPinLength: true, webauthn:extension:prf: true, webauthn:virtualAuthenticators: true}
Element: [[EdgeDriver: MicrosoftEdge on windows (f927c09208bc362562783fbfdcef7c61)] -> xpath: //div[@id='v-pills-tab']//child::a | //span[@class='mob-hide']]
Session ID: f927c09208bc362562783fbfdcef7c61 expected [true] but found [false]
at org.testng.Assert.fail(Assert.java:110)
at org.testng.Assert.failNotEquals(Assert.java:1577)
at org.testng.Assert.assertTrue(Assert.java:56)
at GB_Webapp.Utility.Library.click(Library.java:37)
at GB_Webapp.Page.BikeFeaturePage.verify_multiple_specificatios(BikeFeaturePage.java:227)
at GB_Webapp.StepDefinition.BikeFeatureTest.verify_multiple_specificatios(BikeFeatureTest.java:60)
at ✽.Verify multiple specificatios(file:///C:/Users/QA/OneDrive/Documents/Zoom/Intellij_trial/Hero_GB_WebApp_UI_Testing_BDD/./FeatureFilesBangladesh/02_BikeFeature.feature:21)
]]>
    </failure>
  </testcase> <!-- runScenario -->
  <system-out/>
  <testcase classname="GB_Webapp.TestRunner.Bangladesh" name="runScenario" time="1.816"/>
  <system-out/>
  <testcase classname="GB_Webapp.TestRunner.Bangladesh" name="runScenario" time="6.567"/>
  <system-out/>
  <testcase classname="GB_Webapp.TestRunner.Bangladesh" name="runScenario" time="21.794">
    <failure message="Unable to click element : Electricals  --  [[EdgeDriver: MicrosoftEdge on windows (f927c09208bc362562783fbfdcef7c61)] -&gt; xpath: //div[@id=&#039;v-pills-tab&#039;]//child::a | //span[@class=&#039;mob-hide&#039;]]  --  org.openqa.selenium.ElementClickInterceptedException: element click intercepted: Element &lt;span class=&quot;mob-hide&quot;&gt;...&lt;/span&gt; is not clickable at point (1678, 414). Other element would receive the click: &lt;div class=&quot;form-row form-container&quot;&gt;...&lt;/div&gt;
  (Session info: MicrosoftEdge=130.0.2849.80)
Build info: version: &#039;4.13.0&#039;, revision: &#039;ba948ece5b*&#039;
System info: os.name: &#039;Windows 10&#039;, os.arch: &#039;amd64&#039;, os.version: &#039;10.0&#039;, java.version: &#039;22.0.1&#039;
Driver info: org.openqa.selenium.edge.EdgeDriver
Command: [f927c09208bc362562783fbfdcef7c61, clickElement {id=f.59D418E72B8A44DE427522416A3ED92B.d.8D9CC55D93F2C976A4B11D77D578057F.e.1535}]
Capabilities {acceptInsecureCerts: false, browserName: MicrosoftEdge, browserVersion: 130.0.2849.80, fedcm:accounts: true, ms:edgeOptions: {debuggerAddress: localhost:55506}, msedge: {msedgedriverVersion: 130.0.2849.80 (bbf5e2881b22..., userDataDir: C:\Users\QA\AppData\Local\T...}, networkConnectionEnabled: false, pageLoadStrategy: normal, platformName: windows, proxy: Proxy(), se:cdp: ws://localhost:55506/devtoo..., se:cdpVersion: 130.0.2849.80, setWindowRect: true, strictFileInteractability: false, timeouts: {implicit: 0, pageLoad: 300000, script: 30000}, unhandledPromptBehavior: dismiss and notify, webauthn:extension:credBlob: true, webauthn:extension:largeBlob: true, webauthn:extension:minPinLength: true, webauthn:extension:prf: true, webauthn:virtualAuthenticators: true}
Element: [[EdgeDriver: MicrosoftEdge on windows (f927c09208bc362562783fbfdcef7c61)] -&gt; xpath: //div[@id=&#039;v-pills-tab&#039;]//child::a | //span[@class=&#039;mob-hide&#039;]]
Session ID: f927c09208bc362562783fbfdcef7c61 expected [true] but found [false]" type="java.lang.AssertionError">
      <![CDATA[java.lang.AssertionError: Unable to click element : Electricals  --  [[EdgeDriver: MicrosoftEdge on windows (f927c09208bc362562783fbfdcef7c61)] -> xpath: //div[@id='v-pills-tab']//child::a | //span[@class='mob-hide']]  --  org.openqa.selenium.ElementClickInterceptedException: element click intercepted: Element <span class="mob-hide">...</span> is not clickable at point (1678, 414). Other element would receive the click: <div class="form-row form-container">...</div>
  (Session info: MicrosoftEdge=130.0.2849.80)
Build info: version: '4.13.0', revision: 'ba948ece5b*'
System info: os.name: 'Windows 10', os.arch: 'amd64', os.version: '10.0', java.version: '22.0.1'
Driver info: org.openqa.selenium.edge.EdgeDriver
Command: [f927c09208bc362562783fbfdcef7c61, clickElement {id=f.59D418E72B8A44DE427522416A3ED92B.d.8D9CC55D93F2C976A4B11D77D578057F.e.1535}]
Capabilities {acceptInsecureCerts: false, browserName: MicrosoftEdge, browserVersion: 130.0.2849.80, fedcm:accounts: true, ms:edgeOptions: {debuggerAddress: localhost:55506}, msedge: {msedgedriverVersion: 130.0.2849.80 (bbf5e2881b22..., userDataDir: C:\Users\QA\AppData\Local\T...}, networkConnectionEnabled: false, pageLoadStrategy: normal, platformName: windows, proxy: Proxy(), se:cdp: ws://localhost:55506/devtoo..., se:cdpVersion: 130.0.2849.80, setWindowRect: true, strictFileInteractability: false, timeouts: {implicit: 0, pageLoad: 300000, script: 30000}, unhandledPromptBehavior: dismiss and notify, webauthn:extension:credBlob: true, webauthn:extension:largeBlob: true, webauthn:extension:minPinLength: true, webauthn:extension:prf: true, webauthn:virtualAuthenticators: true}
Element: [[EdgeDriver: MicrosoftEdge on windows (f927c09208bc362562783fbfdcef7c61)] -> xpath: //div[@id='v-pills-tab']//child::a | //span[@class='mob-hide']]
Session ID: f927c09208bc362562783fbfdcef7c61 expected [true] but found [false]
at org.testng.Assert.fail(Assert.java:110)
at org.testng.Assert.failNotEquals(Assert.java:1577)
at org.testng.Assert.assertTrue(Assert.java:56)
at GB_Webapp.Utility.Library.click(Library.java:37)
at GB_Webapp.Page.BikeFeaturePage.verify_multiple_specificatios(BikeFeaturePage.java:227)
at GB_Webapp.StepDefinition.BikeFeatureTest.verify_multiple_specificatios(BikeFeatureTest.java:60)
at ✽.Verify multiple specificatios(file:///C:/Users/QA/OneDrive/Documents/Zoom/Intellij_trial/Hero_GB_WebApp_UI_Testing_BDD/./FeatureFilesBangladesh/02_BikeFeature.feature:21)
]]>
    </failure>
  </testcase> <!-- runScenario -->
  <system-out/>
  <testcase classname="GB_Webapp.TestRunner.Bangladesh" name="runScenario" time="23.125">
    <failure message="Unable to click element : Transmission &amp; Chassis  --  [[EdgeDriver: MicrosoftEdge on windows (f927c09208bc362562783fbfdcef7c61)] -&gt; xpath: //div[@id=&#039;v-pills-tab&#039;]//child::a | //span[@class=&#039;mob-hide&#039;]]  --  org.openqa.selenium.ElementClickInterceptedException: element click intercepted: Element &lt;a class=&quot;nav-link &quot; id=&quot;v-pills-1337252210-tab&quot; data-bs-toggle=&quot;pill&quot; data-bs-target=&quot;#v-pills-1337252210&quot; aria-controls=&quot;v-pills-1337252210&quot; aria-selected=&quot;false&quot;&gt;...&lt;/a&gt; is not clickable at point (752, 240). Other element would receive the click: &lt;div class=&quot;book-ride-img&quot; style=&quot;background-image: url(&#039;/content/dam/hero-aem-website/in/design-bd/mega-menu/Karizma 400X600px_Option.jpg&#039;)&quot;&gt;&lt;/div&gt;
  (Session info: MicrosoftEdge=130.0.2849.80)
Build info: version: &#039;4.13.0&#039;, revision: &#039;ba948ece5b*&#039;
System info: os.name: &#039;Windows 10&#039;, os.arch: &#039;amd64&#039;, os.version: &#039;10.0&#039;, java.version: &#039;22.0.1&#039;
Driver info: org.openqa.selenium.edge.EdgeDriver
Command: [f927c09208bc362562783fbfdcef7c61, clickElement {id=f.59D418E72B8A44DE427522416A3ED92B.d.C0B453FCAF173477B38B43EDB55BC8BC.e.2050}]
Capabilities {acceptInsecureCerts: false, browserName: MicrosoftEdge, browserVersion: 130.0.2849.80, fedcm:accounts: true, ms:edgeOptions: {debuggerAddress: localhost:55506}, msedge: {msedgedriverVersion: 130.0.2849.80 (bbf5e2881b22..., userDataDir: C:\Users\QA\AppData\Local\T...}, networkConnectionEnabled: false, pageLoadStrategy: normal, platformName: windows, proxy: Proxy(), se:cdp: ws://localhost:55506/devtoo..., se:cdpVersion: 130.0.2849.80, setWindowRect: true, strictFileInteractability: false, timeouts: {implicit: 0, pageLoad: 300000, script: 30000}, unhandledPromptBehavior: dismiss and notify, webauthn:extension:credBlob: true, webauthn:extension:largeBlob: true, webauthn:extension:minPinLength: true, webauthn:extension:prf: true, webauthn:virtualAuthenticators: true}
Element: [[EdgeDriver: MicrosoftEdge on windows (f927c09208bc362562783fbfdcef7c61)] -&gt; xpath: //div[@id=&#039;v-pills-tab&#039;]//child::a | //span[@class=&#039;mob-hide&#039;]]
Session ID: f927c09208bc362562783fbfdcef7c61 expected [true] but found [false]" type="java.lang.AssertionError">
      <![CDATA[java.lang.AssertionError: Unable to click element : Transmission & Chassis  --  [[EdgeDriver: MicrosoftEdge on windows (f927c09208bc362562783fbfdcef7c61)] -> xpath: //div[@id='v-pills-tab']//child::a | //span[@class='mob-hide']]  --  org.openqa.selenium.ElementClickInterceptedException: element click intercepted: Element <a class="nav-link " id="v-pills-1337252210-tab" data-bs-toggle="pill" data-bs-target="#v-pills-1337252210" aria-controls="v-pills-1337252210" aria-selected="false">...</a> is not clickable at point (752, 240). Other element would receive the click: <div class="book-ride-img" style="background-image: url('/content/dam/hero-aem-website/in/design-bd/mega-menu/Karizma 400X600px_Option.jpg')"></div>
  (Session info: MicrosoftEdge=130.0.2849.80)
Build info: version: '4.13.0', revision: 'ba948ece5b*'
System info: os.name: 'Windows 10', os.arch: 'amd64', os.version: '10.0', java.version: '22.0.1'
Driver info: org.openqa.selenium.edge.EdgeDriver
Command: [f927c09208bc362562783fbfdcef7c61, clickElement {id=f.59D418E72B8A44DE427522416A3ED92B.d.C0B453FCAF173477B38B43EDB55BC8BC.e.2050}]
Capabilities {acceptInsecureCerts: false, browserName: MicrosoftEdge, browserVersion: 130.0.2849.80, fedcm:accounts: true, ms:edgeOptions: {debuggerAddress: localhost:55506}, msedge: {msedgedriverVersion: 130.0.2849.80 (bbf5e2881b22..., userDataDir: C:\Users\QA\AppData\Local\T...}, networkConnectionEnabled: false, pageLoadStrategy: normal, platformName: windows, proxy: Proxy(), se:cdp: ws://localhost:55506/devtoo..., se:cdpVersion: 130.0.2849.80, setWindowRect: true, strictFileInteractability: false, timeouts: {implicit: 0, pageLoad: 300000, script: 30000}, unhandledPromptBehavior: dismiss and notify, webauthn:extension:credBlob: true, webauthn:extension:largeBlob: true, webauthn:extension:minPinLength: true, webauthn:extension:prf: true, webauthn:virtualAuthenticators: true}
Element: [[EdgeDriver: MicrosoftEdge on windows (f927c09208bc362562783fbfdcef7c61)] -> xpath: //div[@id='v-pills-tab']//child::a | //span[@class='mob-hide']]
Session ID: f927c09208bc362562783fbfdcef7c61 expected [true] but found [false]
at org.testng.Assert.fail(Assert.java:110)
at org.testng.Assert.failNotEquals(Assert.java:1577)
at org.testng.Assert.assertTrue(Assert.java:56)
at GB_Webapp.Utility.Library.click(Library.java:37)
at GB_Webapp.Page.BikeFeaturePage.verify_multiple_specificatios(BikeFeaturePage.java:227)
at GB_Webapp.StepDefinition.BikeFeatureTest.verify_multiple_specificatios(BikeFeatureTest.java:60)
at ✽.Verify multiple specificatios(file:///C:/Users/QA/OneDrive/Documents/Zoom/Intellij_trial/Hero_GB_WebApp_UI_Testing_BDD/./FeatureFilesBangladesh/02_BikeFeature.feature:21)
]]>
    </failure>
  </testcase> <!-- runScenario -->
  <system-out/>
  <testcase classname="GB_Webapp.TestRunner.Bangladesh" name="runScenario" time="22.255">
    <failure message="Unable to click element : Transmission &amp; Chassis  --  [[EdgeDriver: MicrosoftEdge on windows (f927c09208bc362562783fbfdcef7c61)] -&gt; xpath: //div[@id=&#039;v-pills-tab&#039;]//child::a | //span[@class=&#039;mob-hide&#039;]]  --  org.openqa.selenium.ElementClickInterceptedException: element click intercepted: Element &lt;a class=&quot;nav-link custom-text-center&quot; id=&quot;v-pills--1061465292-tab&quot; data-bs-toggle=&quot;pill&quot; data-bs-target=&quot;#v-pills--1061465292&quot; aria-controls=&quot;v-pills--1061465292&quot; aria-selected=&quot;true&quot;&gt;...&lt;/a&gt; is not clickable at point (503, 189). Other element would receive the click: &lt;div class=&quot;book-ride-img&quot; style=&quot;background-image: url(&#039;/content/dam/hero-aem-website/in/design-bd/mega-menu/Karizma 400X600px_Option.jpg&#039;)&quot;&gt;&lt;/div&gt;
  (Session info: MicrosoftEdge=130.0.2849.80)
Build info: version: &#039;4.13.0&#039;, revision: &#039;ba948ece5b*&#039;
System info: os.name: &#039;Windows 10&#039;, os.arch: &#039;amd64&#039;, os.version: &#039;10.0&#039;, java.version: &#039;22.0.1&#039;
Driver info: org.openqa.selenium.edge.EdgeDriver
Command: [f927c09208bc362562783fbfdcef7c61, clickElement {id=f.59D418E72B8A44DE427522416A3ED92B.d.BE9C9633E7D7E404890CF479338C3823.e.2478}]
Capabilities {acceptInsecureCerts: false, browserName: MicrosoftEdge, browserVersion: 130.0.2849.80, fedcm:accounts: true, ms:edgeOptions: {debuggerAddress: localhost:55506}, msedge: {msedgedriverVersion: 130.0.2849.80 (bbf5e2881b22..., userDataDir: C:\Users\QA\AppData\Local\T...}, networkConnectionEnabled: false, pageLoadStrategy: normal, platformName: windows, proxy: Proxy(), se:cdp: ws://localhost:55506/devtoo..., se:cdpVersion: 130.0.2849.80, setWindowRect: true, strictFileInteractability: false, timeouts: {implicit: 0, pageLoad: 300000, script: 30000}, unhandledPromptBehavior: dismiss and notify, webauthn:extension:credBlob: true, webauthn:extension:largeBlob: true, webauthn:extension:minPinLength: true, webauthn:extension:prf: true, webauthn:virtualAuthenticators: true}
Element: [[EdgeDriver: MicrosoftEdge on windows (f927c09208bc362562783fbfdcef7c61)] -&gt; xpath: //div[@id=&#039;v-pills-tab&#039;]//child::a | //span[@class=&#039;mob-hide&#039;]]
Session ID: f927c09208bc362562783fbfdcef7c61 expected [true] but found [false]" type="java.lang.AssertionError">
      <![CDATA[java.lang.AssertionError: Unable to click element : Transmission & Chassis  --  [[EdgeDriver: MicrosoftEdge on windows (f927c09208bc362562783fbfdcef7c61)] -> xpath: //div[@id='v-pills-tab']//child::a | //span[@class='mob-hide']]  --  org.openqa.selenium.ElementClickInterceptedException: element click intercepted: Element <a class="nav-link custom-text-center" id="v-pills--1061465292-tab" data-bs-toggle="pill" data-bs-target="#v-pills--1061465292" aria-controls="v-pills--1061465292" aria-selected="true">...</a> is not clickable at point (503, 189). Other element would receive the click: <div class="book-ride-img" style="background-image: url('/content/dam/hero-aem-website/in/design-bd/mega-menu/Karizma 400X600px_Option.jpg')"></div>
  (Session info: MicrosoftEdge=130.0.2849.80)
Build info: version: '4.13.0', revision: 'ba948ece5b*'
System info: os.name: 'Windows 10', os.arch: 'amd64', os.version: '10.0', java.version: '22.0.1'
Driver info: org.openqa.selenium.edge.EdgeDriver
Command: [f927c09208bc362562783fbfdcef7c61, clickElement {id=f.59D418E72B8A44DE427522416A3ED92B.d.BE9C9633E7D7E404890CF479338C3823.e.2478}]
Capabilities {acceptInsecureCerts: false, browserName: MicrosoftEdge, browserVersion: 130.0.2849.80, fedcm:accounts: true, ms:edgeOptions: {debuggerAddress: localhost:55506}, msedge: {msedgedriverVersion: 130.0.2849.80 (bbf5e2881b22..., userDataDir: C:\Users\QA\AppData\Local\T...}, networkConnectionEnabled: false, pageLoadStrategy: normal, platformName: windows, proxy: Proxy(), se:cdp: ws://localhost:55506/devtoo..., se:cdpVersion: 130.0.2849.80, setWindowRect: true, strictFileInteractability: false, timeouts: {implicit: 0, pageLoad: 300000, script: 30000}, unhandledPromptBehavior: dismiss and notify, webauthn:extension:credBlob: true, webauthn:extension:largeBlob: true, webauthn:extension:minPinLength: true, webauthn:extension:prf: true, webauthn:virtualAuthenticators: true}
Element: [[EdgeDriver: MicrosoftEdge on windows (f927c09208bc362562783fbfdcef7c61)] -> xpath: //div[@id='v-pills-tab']//child::a | //span[@class='mob-hide']]
Session ID: f927c09208bc362562783fbfdcef7c61 expected [true] but found [false]
at org.testng.Assert.fail(Assert.java:110)
at org.testng.Assert.failNotEquals(Assert.java:1577)
at org.testng.Assert.assertTrue(Assert.java:56)
at GB_Webapp.Utility.Library.click(Library.java:37)
at GB_Webapp.Page.BikeFeaturePage.verify_multiple_specificatios(BikeFeaturePage.java:227)
at GB_Webapp.StepDefinition.BikeFeatureTest.verify_multiple_specificatios(BikeFeatureTest.java:60)
at ✽.Verify multiple specificatios(file:///C:/Users/QA/OneDrive/Documents/Zoom/Intellij_trial/Hero_GB_WebApp_UI_Testing_BDD/./FeatureFilesBangladesh/02_BikeFeature.feature:21)
]]>
    </failure>
  </testcase> <!-- runScenario -->
  <system-out/>
  <testcase classname="GB_Webapp.TestRunner.Bangladesh" name="runScenario" time="20.940">
    <failure message="Unable to click element : Suspension  --  [[EdgeDriver: MicrosoftEdge on windows (f927c09208bc362562783fbfdcef7c61)] -&gt; xpath: //div[@id=&#039;v-pills-tab&#039;]//child::a | //span[@class=&#039;mob-hide&#039;]]  --  org.openqa.selenium.ElementClickInterceptedException: element click intercepted: Element &lt;a class=&quot;nav-link custom-text-center&quot; id=&quot;v-pills-1178603900-tab&quot; data-bs-toggle=&quot;pill&quot; data-bs-target=&quot;#v-pills-1178603900&quot; aria-controls=&quot;v-pills-1178603900&quot; aria-selected=&quot;true&quot;&gt;...&lt;/a&gt; is not clickable at point (503, 171). Other element would receive the click: &lt;div class=&quot;modal-popup modal-large book-bike-ride request-callback&quot; id=&quot;requestCallBackModel&quot;&gt;...&lt;/div&gt;
  (Session info: MicrosoftEdge=130.0.2849.80)
Build info: version: &#039;4.13.0&#039;, revision: &#039;ba948ece5b*&#039;
System info: os.name: &#039;Windows 10&#039;, os.arch: &#039;amd64&#039;, os.version: &#039;10.0&#039;, java.version: &#039;22.0.1&#039;
Driver info: org.openqa.selenium.edge.EdgeDriver
Command: [f927c09208bc362562783fbfdcef7c61, clickElement {id=f.59D418E72B8A44DE427522416A3ED92B.d.F5E6104909544921ADB410E591F5942F.e.2355}]
Capabilities {acceptInsecureCerts: false, browserName: MicrosoftEdge, browserVersion: 130.0.2849.80, fedcm:accounts: true, ms:edgeOptions: {debuggerAddress: localhost:55506}, msedge: {msedgedriverVersion: 130.0.2849.80 (bbf5e2881b22..., userDataDir: C:\Users\QA\AppData\Local\T...}, networkConnectionEnabled: false, pageLoadStrategy: normal, platformName: windows, proxy: Proxy(), se:cdp: ws://localhost:55506/devtoo..., se:cdpVersion: 130.0.2849.80, setWindowRect: true, strictFileInteractability: false, timeouts: {implicit: 0, pageLoad: 300000, script: 30000}, unhandledPromptBehavior: dismiss and notify, webauthn:extension:credBlob: true, webauthn:extension:largeBlob: true, webauthn:extension:minPinLength: true, webauthn:extension:prf: true, webauthn:virtualAuthenticators: true}
Element: [[EdgeDriver: MicrosoftEdge on windows (f927c09208bc362562783fbfdcef7c61)] -&gt; xpath: //div[@id=&#039;v-pills-tab&#039;]//child::a | //span[@class=&#039;mob-hide&#039;]]
Session ID: f927c09208bc362562783fbfdcef7c61 expected [true] but found [false]" type="java.lang.AssertionError">
      <![CDATA[java.lang.AssertionError: Unable to click element : Suspension  --  [[EdgeDriver: MicrosoftEdge on windows (f927c09208bc362562783fbfdcef7c61)] -> xpath: //div[@id='v-pills-tab']//child::a | //span[@class='mob-hide']]  --  org.openqa.selenium.ElementClickInterceptedException: element click intercepted: Element <a class="nav-link custom-text-center" id="v-pills-1178603900-tab" data-bs-toggle="pill" data-bs-target="#v-pills-1178603900" aria-controls="v-pills-1178603900" aria-selected="true">...</a> is not clickable at point (503, 171). Other element would receive the click: <div class="modal-popup modal-large book-bike-ride request-callback" id="requestCallBackModel">...</div>
  (Session info: MicrosoftEdge=130.0.2849.80)
Build info: version: '4.13.0', revision: 'ba948ece5b*'
System info: os.name: 'Windows 10', os.arch: 'amd64', os.version: '10.0', java.version: '22.0.1'
Driver info: org.openqa.selenium.edge.EdgeDriver
Command: [f927c09208bc362562783fbfdcef7c61, clickElement {id=f.59D418E72B8A44DE427522416A3ED92B.d.F5E6104909544921ADB410E591F5942F.e.2355}]
Capabilities {acceptInsecureCerts: false, browserName: MicrosoftEdge, browserVersion: 130.0.2849.80, fedcm:accounts: true, ms:edgeOptions: {debuggerAddress: localhost:55506}, msedge: {msedgedriverVersion: 130.0.2849.80 (bbf5e2881b22..., userDataDir: C:\Users\QA\AppData\Local\T...}, networkConnectionEnabled: false, pageLoadStrategy: normal, platformName: windows, proxy: Proxy(), se:cdp: ws://localhost:55506/devtoo..., se:cdpVersion: 130.0.2849.80, setWindowRect: true, strictFileInteractability: false, timeouts: {implicit: 0, pageLoad: 300000, script: 30000}, unhandledPromptBehavior: dismiss and notify, webauthn:extension:credBlob: true, webauthn:extension:largeBlob: true, webauthn:extension:minPinLength: true, webauthn:extension:prf: true, webauthn:virtualAuthenticators: true}
Element: [[EdgeDriver: MicrosoftEdge on windows (f927c09208bc362562783fbfdcef7c61)] -> xpath: //div[@id='v-pills-tab']//child::a | //span[@class='mob-hide']]
Session ID: f927c09208bc362562783fbfdcef7c61 expected [true] but found [false]
at org.testng.Assert.fail(Assert.java:110)
at org.testng.Assert.failNotEquals(Assert.java:1577)
at org.testng.Assert.assertTrue(Assert.java:56)
at GB_Webapp.Utility.Library.click(Library.java:37)
at GB_Webapp.Page.BikeFeaturePage.verify_multiple_specificatios(BikeFeaturePage.java:227)
at GB_Webapp.StepDefinition.BikeFeatureTest.verify_multiple_specificatios(BikeFeatureTest.java:60)
at ✽.Verify multiple specificatios(file:///C:/Users/QA/OneDrive/Documents/Zoom/Intellij_trial/Hero_GB_WebApp_UI_Testing_BDD/./FeatureFilesBangladesh/02_BikeFeature.feature:21)
]]>
    </failure>
  </testcase> <!-- runScenario -->
  <system-out/>
  <testcase classname="GB_Webapp.TestRunner.Bangladesh" name="runScenario" time="26.164">
    <failure message="Unable to click element : Engine  --  [[EdgeDriver: MicrosoftEdge on windows (f927c09208bc362562783fbfdcef7c61)] -&gt; xpath: //div[@id=&#039;v-pills-tab&#039;]//child::a | //span[@class=&#039;mob-hide&#039;]]  --  org.openqa.selenium.ElementClickInterceptedException: element click intercepted: Element &lt;a class=&quot;nav-link active custom-text-center&quot; id=&quot;v-pills-288305597-tab&quot; data-bs-toggle=&quot;pill&quot; data-bs-target=&quot;#v-pills-288305597&quot; aria-controls=&quot;v-pills-288305597&quot; aria-selected=&quot;true&quot;&gt;...&lt;/a&gt; is not clickable at point (503, 104). Other element would receive the click: &lt;div class=&quot;modal-popup modal-large book-bike-ride request-callback&quot; id=&quot;requestCallBackModel&quot;&gt;...&lt;/div&gt;
  (Session info: MicrosoftEdge=130.0.2849.80)
Build info: version: &#039;4.13.0&#039;, revision: &#039;ba948ece5b*&#039;
System info: os.name: &#039;Windows 10&#039;, os.arch: &#039;amd64&#039;, os.version: &#039;10.0&#039;, java.version: &#039;22.0.1&#039;
Driver info: org.openqa.selenium.edge.EdgeDriver
Command: [f927c09208bc362562783fbfdcef7c61, clickElement {id=f.59D418E72B8A44DE427522416A3ED92B.d.B18DF87E9AA83442097F558F1119FCEE.e.595}]
Capabilities {acceptInsecureCerts: false, browserName: MicrosoftEdge, browserVersion: 130.0.2849.80, fedcm:accounts: true, ms:edgeOptions: {debuggerAddress: localhost:55506}, msedge: {msedgedriverVersion: 130.0.2849.80 (bbf5e2881b22..., userDataDir: C:\Users\QA\AppData\Local\T...}, networkConnectionEnabled: false, pageLoadStrategy: normal, platformName: windows, proxy: Proxy(), se:cdp: ws://localhost:55506/devtoo..., se:cdpVersion: 130.0.2849.80, setWindowRect: true, strictFileInteractability: false, timeouts: {implicit: 0, pageLoad: 300000, script: 30000}, unhandledPromptBehavior: dismiss and notify, webauthn:extension:credBlob: true, webauthn:extension:largeBlob: true, webauthn:extension:minPinLength: true, webauthn:extension:prf: true, webauthn:virtualAuthenticators: true}
Element: [[EdgeDriver: MicrosoftEdge on windows (f927c09208bc362562783fbfdcef7c61)] -&gt; xpath: //div[@id=&#039;v-pills-tab&#039;]//child::a | //span[@class=&#039;mob-hide&#039;]]
Session ID: f927c09208bc362562783fbfdcef7c61 expected [true] but found [false]" type="java.lang.AssertionError">
      <![CDATA[java.lang.AssertionError: Unable to click element : Engine  --  [[EdgeDriver: MicrosoftEdge on windows (f927c09208bc362562783fbfdcef7c61)] -> xpath: //div[@id='v-pills-tab']//child::a | //span[@class='mob-hide']]  --  org.openqa.selenium.ElementClickInterceptedException: element click intercepted: Element <a class="nav-link active custom-text-center" id="v-pills-288305597-tab" data-bs-toggle="pill" data-bs-target="#v-pills-288305597" aria-controls="v-pills-288305597" aria-selected="true">...</a> is not clickable at point (503, 104). Other element would receive the click: <div class="modal-popup modal-large book-bike-ride request-callback" id="requestCallBackModel">...</div>
  (Session info: MicrosoftEdge=130.0.2849.80)
Build info: version: '4.13.0', revision: 'ba948ece5b*'
System info: os.name: 'Windows 10', os.arch: 'amd64', os.version: '10.0', java.version: '22.0.1'
Driver info: org.openqa.selenium.edge.EdgeDriver
Command: [f927c09208bc362562783fbfdcef7c61, clickElement {id=f.59D418E72B8A44DE427522416A3ED92B.d.B18DF87E9AA83442097F558F1119FCEE.e.595}]
Capabilities {acceptInsecureCerts: false, browserName: MicrosoftEdge, browserVersion: 130.0.2849.80, fedcm:accounts: true, ms:edgeOptions: {debuggerAddress: localhost:55506}, msedge: {msedgedriverVersion: 130.0.2849.80 (bbf5e2881b22..., userDataDir: C:\Users\QA\AppData\Local\T...}, networkConnectionEnabled: false, pageLoadStrategy: normal, platformName: windows, proxy: Proxy(), se:cdp: ws://localhost:55506/devtoo..., se:cdpVersion: 130.0.2849.80, setWindowRect: true, strictFileInteractability: false, timeouts: {implicit: 0, pageLoad: 300000, script: 30000}, unhandledPromptBehavior: dismiss and notify, webauthn:extension:credBlob: true, webauthn:extension:largeBlob: true, webauthn:extension:minPinLength: true, webauthn:extension:prf: true, webauthn:virtualAuthenticators: true}
Element: [[EdgeDriver: MicrosoftEdge on windows (f927c09208bc362562783fbfdcef7c61)] -> xpath: //div[@id='v-pills-tab']//child::a | //span[@class='mob-hide']]
Session ID: f927c09208bc362562783fbfdcef7c61 expected [true] but found [false]
at org.testng.Assert.fail(Assert.java:110)
at org.testng.Assert.failNotEquals(Assert.java:1577)
at org.testng.Assert.assertTrue(Assert.java:56)
at GB_Webapp.Utility.Library.click(Library.java:37)
at GB_Webapp.Page.BikeFeaturePage.verify_multiple_specificatios(BikeFeaturePage.java:227)
at GB_Webapp.StepDefinition.BikeFeatureTest.verify_multiple_specificatios(BikeFeatureTest.java:60)
at ✽.Verify multiple specificatios(file:///C:/Users/QA/OneDrive/Documents/Zoom/Intellij_trial/Hero_GB_WebApp_UI_Testing_BDD/./FeatureFilesBangladesh/02_BikeFeature.feature:21)
]]>
    </failure>
  </testcase> <!-- runScenario -->
  <system-out/>
  <testcase classname="GB_Webapp.TestRunner.Bangladesh" name="runScenario" time="21.818">
    <failure message="Unable to click element : Transmission &amp; Chassis  --  [[EdgeDriver: MicrosoftEdge on windows (f927c09208bc362562783fbfdcef7c61)] -&gt; xpath: //div[@id=&#039;v-pills-tab&#039;]//child::a | //span[@class=&#039;mob-hide&#039;]]  --  org.openqa.selenium.ElementClickInterceptedException: element click intercepted: Element &lt;a class=&quot;nav-link custom-text-center&quot; id=&quot;v-pills-319192129-tab&quot; data-bs-toggle=&quot;pill&quot; data-bs-target=&quot;#v-pills-319192129&quot; aria-controls=&quot;v-pills-319192129&quot; aria-selected=&quot;true&quot;&gt;...&lt;/a&gt; is not clickable at point (503, 189). Other element would receive the click: &lt;div class=&quot;book-ride-img&quot; style=&quot;background-image: url(&#039;/content/dam/hero-aem-website/in/design-bd/mega-menu/Karizma 400X600px_Option.jpg&#039;)&quot;&gt;&lt;/div&gt;
  (Session info: MicrosoftEdge=130.0.2849.80)
Build info: version: &#039;4.13.0&#039;, revision: &#039;ba948ece5b*&#039;
System info: os.name: &#039;Windows 10&#039;, os.arch: &#039;amd64&#039;, os.version: &#039;10.0&#039;, java.version: &#039;22.0.1&#039;
Driver info: org.openqa.selenium.edge.EdgeDriver
Command: [f927c09208bc362562783fbfdcef7c61, clickElement {id=f.59D418E72B8A44DE427522416A3ED92B.d.740C992D4B1541E6C9EAE70593A744B1.e.820}]
Capabilities {acceptInsecureCerts: false, browserName: MicrosoftEdge, browserVersion: 130.0.2849.80, fedcm:accounts: true, ms:edgeOptions: {debuggerAddress: localhost:55506}, msedge: {msedgedriverVersion: 130.0.2849.80 (bbf5e2881b22..., userDataDir: C:\Users\QA\AppData\Local\T...}, networkConnectionEnabled: false, pageLoadStrategy: normal, platformName: windows, proxy: Proxy(), se:cdp: ws://localhost:55506/devtoo..., se:cdpVersion: 130.0.2849.80, setWindowRect: true, strictFileInteractability: false, timeouts: {implicit: 0, pageLoad: 300000, script: 30000}, unhandledPromptBehavior: dismiss and notify, webauthn:extension:credBlob: true, webauthn:extension:largeBlob: true, webauthn:extension:minPinLength: true, webauthn:extension:prf: true, webauthn:virtualAuthenticators: true}
Element: [[EdgeDriver: MicrosoftEdge on windows (f927c09208bc362562783fbfdcef7c61)] -&gt; xpath: //div[@id=&#039;v-pills-tab&#039;]//child::a | //span[@class=&#039;mob-hide&#039;]]
Session ID: f927c09208bc362562783fbfdcef7c61 expected [true] but found [false]" type="java.lang.AssertionError">
      <![CDATA[java.lang.AssertionError: Unable to click element : Transmission & Chassis  --  [[EdgeDriver: MicrosoftEdge on windows (f927c09208bc362562783fbfdcef7c61)] -> xpath: //div[@id='v-pills-tab']//child::a | //span[@class='mob-hide']]  --  org.openqa.selenium.ElementClickInterceptedException: element click intercepted: Element <a class="nav-link custom-text-center" id="v-pills-319192129-tab" data-bs-toggle="pill" data-bs-target="#v-pills-319192129" aria-controls="v-pills-319192129" aria-selected="true">...</a> is not clickable at point (503, 189). Other element would receive the click: <div class="book-ride-img" style="background-image: url('/content/dam/hero-aem-website/in/design-bd/mega-menu/Karizma 400X600px_Option.jpg')"></div>
  (Session info: MicrosoftEdge=130.0.2849.80)
Build info: version: '4.13.0', revision: 'ba948ece5b*'
System info: os.name: 'Windows 10', os.arch: 'amd64', os.version: '10.0', java.version: '22.0.1'
Driver info: org.openqa.selenium.edge.EdgeDriver
Command: [f927c09208bc362562783fbfdcef7c61, clickElement {id=f.59D418E72B8A44DE427522416A3ED92B.d.740C992D4B1541E6C9EAE70593A744B1.e.820}]
Capabilities {acceptInsecureCerts: false, browserName: MicrosoftEdge, browserVersion: 130.0.2849.80, fedcm:accounts: true, ms:edgeOptions: {debuggerAddress: localhost:55506}, msedge: {msedgedriverVersion: 130.0.2849.80 (bbf5e2881b22..., userDataDir: C:\Users\QA\AppData\Local\T...}, networkConnectionEnabled: false, pageLoadStrategy: normal, platformName: windows, proxy: Proxy(), se:cdp: ws://localhost:55506/devtoo..., se:cdpVersion: 130.0.2849.80, setWindowRect: true, strictFileInteractability: false, timeouts: {implicit: 0, pageLoad: 300000, script: 30000}, unhandledPromptBehavior: dismiss and notify, webauthn:extension:credBlob: true, webauthn:extension:largeBlob: true, webauthn:extension:minPinLength: true, webauthn:extension:prf: true, webauthn:virtualAuthenticators: true}
Element: [[EdgeDriver: MicrosoftEdge on windows (f927c09208bc362562783fbfdcef7c61)] -> xpath: //div[@id='v-pills-tab']//child::a | //span[@class='mob-hide']]
Session ID: f927c09208bc362562783fbfdcef7c61 expected [true] but found [false]
at org.testng.Assert.fail(Assert.java:110)
at org.testng.Assert.failNotEquals(Assert.java:1577)
at org.testng.Assert.assertTrue(Assert.java:56)
at GB_Webapp.Utility.Library.click(Library.java:37)
at GB_Webapp.Page.BikeFeaturePage.verify_multiple_specificatios(BikeFeaturePage.java:227)
at GB_Webapp.StepDefinition.BikeFeatureTest.verify_multiple_specificatios(BikeFeatureTest.java:60)
at ✽.Verify multiple specificatios(file:///C:/Users/QA/OneDrive/Documents/Zoom/Intellij_trial/Hero_GB_WebApp_UI_Testing_BDD/./FeatureFilesBangladesh/02_BikeFeature.feature:21)
]]>
    </failure>
  </testcase> <!-- runScenario -->
  <system-out/>
  <testcase classname="GB_Webapp.TestRunner.Bangladesh" name="runScenario" time="21.452">
    <failure message="Unable to click element : Transmission &amp; Chassis  --  [[EdgeDriver: MicrosoftEdge on windows (f927c09208bc362562783fbfdcef7c61)] -&gt; xpath: //div[@id=&#039;v-pills-tab&#039;]//child::a | //span[@class=&#039;mob-hide&#039;]]  --  org.openqa.selenium.ElementClickInterceptedException: element click intercepted: Element &lt;a class=&quot;nav-link custom-text-center&quot; id=&quot;v-pills-2032863235-tab&quot; data-bs-toggle=&quot;pill&quot; data-bs-target=&quot;#v-pills-2032863235&quot; aria-controls=&quot;v-pills-2032863235&quot; aria-selected=&quot;true&quot;&gt;...&lt;/a&gt; is not clickable at point (503, 189). Other element would receive the click: &lt;div class=&quot;book-ride-img&quot; style=&quot;background-image: url(&#039;/content/dam/hero-aem-website/in/design-bd/mega-menu/Karizma 400X600px_Option.jpg&#039;)&quot;&gt;&lt;/div&gt;
  (Session info: MicrosoftEdge=130.0.2849.80)
Build info: version: &#039;4.13.0&#039;, revision: &#039;ba948ece5b*&#039;
System info: os.name: &#039;Windows 10&#039;, os.arch: &#039;amd64&#039;, os.version: &#039;10.0&#039;, java.version: &#039;22.0.1&#039;
Driver info: org.openqa.selenium.edge.EdgeDriver
Command: [f927c09208bc362562783fbfdcef7c61, clickElement {id=f.59D418E72B8A44DE427522416A3ED92B.d.C34776A7231F4139F48F36669E93B881.e.928}]
Capabilities {acceptInsecureCerts: false, browserName: MicrosoftEdge, browserVersion: 130.0.2849.80, fedcm:accounts: true, ms:edgeOptions: {debuggerAddress: localhost:55506}, msedge: {msedgedriverVersion: 130.0.2849.80 (bbf5e2881b22..., userDataDir: C:\Users\QA\AppData\Local\T...}, networkConnectionEnabled: false, pageLoadStrategy: normal, platformName: windows, proxy: Proxy(), se:cdp: ws://localhost:55506/devtoo..., se:cdpVersion: 130.0.2849.80, setWindowRect: true, strictFileInteractability: false, timeouts: {implicit: 0, pageLoad: 300000, script: 30000}, unhandledPromptBehavior: dismiss and notify, webauthn:extension:credBlob: true, webauthn:extension:largeBlob: true, webauthn:extension:minPinLength: true, webauthn:extension:prf: true, webauthn:virtualAuthenticators: true}
Element: [[EdgeDriver: MicrosoftEdge on windows (f927c09208bc362562783fbfdcef7c61)] -&gt; xpath: //div[@id=&#039;v-pills-tab&#039;]//child::a | //span[@class=&#039;mob-hide&#039;]]
Session ID: f927c09208bc362562783fbfdcef7c61 expected [true] but found [false]" type="java.lang.AssertionError">
      <![CDATA[java.lang.AssertionError: Unable to click element : Transmission & Chassis  --  [[EdgeDriver: MicrosoftEdge on windows (f927c09208bc362562783fbfdcef7c61)] -> xpath: //div[@id='v-pills-tab']//child::a | //span[@class='mob-hide']]  --  org.openqa.selenium.ElementClickInterceptedException: element click intercepted: Element <a class="nav-link custom-text-center" id="v-pills-2032863235-tab" data-bs-toggle="pill" data-bs-target="#v-pills-2032863235" aria-controls="v-pills-2032863235" aria-selected="true">...</a> is not clickable at point (503, 189). Other element would receive the click: <div class="book-ride-img" style="background-image: url('/content/dam/hero-aem-website/in/design-bd/mega-menu/Karizma 400X600px_Option.jpg')"></div>
  (Session info: MicrosoftEdge=130.0.2849.80)
Build info: version: '4.13.0', revision: 'ba948ece5b*'
System info: os.name: 'Windows 10', os.arch: 'amd64', os.version: '10.0', java.version: '22.0.1'
Driver info: org.openqa.selenium.edge.EdgeDriver
Command: [f927c09208bc362562783fbfdcef7c61, clickElement {id=f.59D418E72B8A44DE427522416A3ED92B.d.C34776A7231F4139F48F36669E93B881.e.928}]
Capabilities {acceptInsecureCerts: false, browserName: MicrosoftEdge, browserVersion: 130.0.2849.80, fedcm:accounts: true, ms:edgeOptions: {debuggerAddress: localhost:55506}, msedge: {msedgedriverVersion: 130.0.2849.80 (bbf5e2881b22..., userDataDir: C:\Users\QA\AppData\Local\T...}, networkConnectionEnabled: false, pageLoadStrategy: normal, platformName: windows, proxy: Proxy(), se:cdp: ws://localhost:55506/devtoo..., se:cdpVersion: 130.0.2849.80, setWindowRect: true, strictFileInteractability: false, timeouts: {implicit: 0, pageLoad: 300000, script: 30000}, unhandledPromptBehavior: dismiss and notify, webauthn:extension:credBlob: true, webauthn:extension:largeBlob: true, webauthn:extension:minPinLength: true, webauthn:extension:prf: true, webauthn:virtualAuthenticators: true}
Element: [[EdgeDriver: MicrosoftEdge on windows (f927c09208bc362562783fbfdcef7c61)] -> xpath: //div[@id='v-pills-tab']//child::a | //span[@class='mob-hide']]
Session ID: f927c09208bc362562783fbfdcef7c61 expected [true] but found [false]
at org.testng.Assert.fail(Assert.java:110)
at org.testng.Assert.failNotEquals(Assert.java:1577)
at org.testng.Assert.assertTrue(Assert.java:56)
at GB_Webapp.Utility.Library.click(Library.java:37)
at GB_Webapp.Page.BikeFeaturePage.verify_multiple_specificatios(BikeFeaturePage.java:227)
at GB_Webapp.StepDefinition.BikeFeatureTest.verify_multiple_specificatios(BikeFeatureTest.java:60)
at ✽.Verify multiple specificatios(file:///C:/Users/QA/OneDrive/Documents/Zoom/Intellij_trial/Hero_GB_WebApp_UI_Testing_BDD/./FeatureFilesBangladesh/02_BikeFeature.feature:21)
]]>
    </failure>
  </testcase> <!-- runScenario -->
  <system-out/>
  <testcase classname="GB_Webapp.TestRunner.Bangladesh" name="runScenario" time="13.196"/>
  <system-out/>
  <testcase classname="GB_Webapp.TestRunner.Bangladesh" name="runScenario" time="8.098">
    <failure message="Unable to click element : Image button 5  --  [[EdgeDriver: MicrosoftEdge on windows (f927c09208bc362562783fbfdcef7c61)] -&gt; xpath: //button[@data-bs-slide-to=&#039;4&#039;]]  --  org.openqa.selenium.ElementClickInterceptedException: element click intercepted: Element &lt;button type=&quot;button&quot; data-bs-target=&quot;#carousel-963339584&quot; data-bs-slide-to=&quot;4&quot;&gt;&lt;/button&gt; is not clickable at point (1038, 632). Other element would receive the click: &lt;label class=&quot;form-check-label&quot; for=&quot;termscondn&quot; style=&quot;cursor: default&quot;&gt;...&lt;/label&gt;
  (Session info: MicrosoftEdge=130.0.2849.80)
Build info: version: &#039;4.13.0&#039;, revision: &#039;ba948ece5b*&#039;
System info: os.name: &#039;Windows 10&#039;, os.arch: &#039;amd64&#039;, os.version: &#039;10.0&#039;, java.version: &#039;22.0.1&#039;
Driver info: org.openqa.selenium.edge.EdgeDriver
Command: [f927c09208bc362562783fbfdcef7c61, clickElement {id=f.17491A3833CB4045040775B22BBCADC3.d.7AE226374CE557009E8F7565F7744E60.e.330}]
Capabilities {acceptInsecureCerts: false, browserName: MicrosoftEdge, browserVersion: 130.0.2849.80, fedcm:accounts: true, ms:edgeOptions: {debuggerAddress: localhost:55506}, msedge: {msedgedriverVersion: 130.0.2849.80 (bbf5e2881b22..., userDataDir: C:\Users\QA\AppData\Local\T...}, networkConnectionEnabled: false, pageLoadStrategy: normal, platformName: windows, proxy: Proxy(), se:cdp: ws://localhost:55506/devtoo..., se:cdpVersion: 130.0.2849.80, setWindowRect: true, strictFileInteractability: false, timeouts: {implicit: 0, pageLoad: 300000, script: 30000}, unhandledPromptBehavior: dismiss and notify, webauthn:extension:credBlob: true, webauthn:extension:largeBlob: true, webauthn:extension:minPinLength: true, webauthn:extension:prf: true, webauthn:virtualAuthenticators: true}
Element: [[EdgeDriver: MicrosoftEdge on windows (f927c09208bc362562783fbfdcef7c61)] -&gt; xpath: //button[@data-bs-slide-to=&#039;4&#039;]]
Session ID: f927c09208bc362562783fbfdcef7c61 expected [true] but found [false]" type="java.lang.AssertionError">
      <![CDATA[java.lang.AssertionError: Unable to click element : Image button 5  --  [[EdgeDriver: MicrosoftEdge on windows (f927c09208bc362562783fbfdcef7c61)] -> xpath: //button[@data-bs-slide-to='4']]  --  org.openqa.selenium.ElementClickInterceptedException: element click intercepted: Element <button type="button" data-bs-target="#carousel-963339584" data-bs-slide-to="4"></button> is not clickable at point (1038, 632). Other element would receive the click: <label class="form-check-label" for="termscondn" style="cursor: default">...</label>
  (Session info: MicrosoftEdge=130.0.2849.80)
Build info: version: '4.13.0', revision: 'ba948ece5b*'
System info: os.name: 'Windows 10', os.arch: 'amd64', os.version: '10.0', java.version: '22.0.1'
Driver info: org.openqa.selenium.edge.EdgeDriver
Command: [f927c09208bc362562783fbfdcef7c61, clickElement {id=f.17491A3833CB4045040775B22BBCADC3.d.7AE226374CE557009E8F7565F7744E60.e.330}]
Capabilities {acceptInsecureCerts: false, browserName: MicrosoftEdge, browserVersion: 130.0.2849.80, fedcm:accounts: true, ms:edgeOptions: {debuggerAddress: localhost:55506}, msedge: {msedgedriverVersion: 130.0.2849.80 (bbf5e2881b22..., userDataDir: C:\Users\QA\AppData\Local\T...}, networkConnectionEnabled: false, pageLoadStrategy: normal, platformName: windows, proxy: Proxy(), se:cdp: ws://localhost:55506/devtoo..., se:cdpVersion: 130.0.2849.80, setWindowRect: true, strictFileInteractability: false, timeouts: {implicit: 0, pageLoad: 300000, script: 30000}, unhandledPromptBehavior: dismiss and notify, webauthn:extension:credBlob: true, webauthn:extension:largeBlob: true, webauthn:extension:minPinLength: true, webauthn:extension:prf: true, webauthn:virtualAuthenticators: true}
Element: [[EdgeDriver: MicrosoftEdge on windows (f927c09208bc362562783fbfdcef7c61)] -> xpath: //button[@data-bs-slide-to='4']]
Session ID: f927c09208bc362562783fbfdcef7c61 expected [true] but found [false]
at org.testng.Assert.fail(Assert.java:110)
at org.testng.Assert.failNotEquals(Assert.java:1577)
at org.testng.Assert.assertTrue(Assert.java:56)
at GB_Webapp.Utility.Library.click(Library.java:37)
at GB_Webapp.StepDefinition.LoginPageTest.click_on_banner(LoginPageTest.java:44)
at ✽.Click on banner "5th_image_button"(file:///C:/Users/QA/OneDrive/Documents/Zoom/Intellij_trial/Hero_GB_WebApp_UI_Testing_BDD/./FeatureFilesBangladesh/01_LoginFeature.feature:38)
]]>
    </failure>
  </testcase> <!-- runScenario -->
  <system-out/>
  <testcase classname="GB_Webapp.TestRunner.Bangladesh" name="runScenario" time="3.476"/>
  <system-out/>
  <testcase classname="GB_Webapp.TestRunner.Bangladesh" name="runScenario" time="22.457">
    <failure message="Unable to click element : Dimensions  --  [[EdgeDriver: MicrosoftEdge on windows (f927c09208bc362562783fbfdcef7c61)] -&gt; xpath: //div[@id=&#039;v-pills-tab&#039;]//child::a | //span[@class=&#039;mob-hide&#039;]]  --  org.openqa.selenium.ElementClickInterceptedException: element click intercepted: Element &lt;a class=&quot;nav-link &quot; id=&quot;v-pills-1368035399-tab&quot; data-bs-toggle=&quot;pill&quot; data-bs-target=&quot;#v-pills-1368035399&quot; aria-controls=&quot;v-pills-1368035399&quot; aria-selected=&quot;false&quot;&gt;...&lt;/a&gt; is not clickable at point (1679, 240). Other element would receive the click: &lt;div class=&quot;testride-form-container &quot;&gt;...&lt;/div&gt;
  (Session info: MicrosoftEdge=130.0.2849.80)
Build info: version: &#039;4.13.0&#039;, revision: &#039;ba948ece5b*&#039;
System info: os.name: &#039;Windows 10&#039;, os.arch: &#039;amd64&#039;, os.version: &#039;10.0&#039;, java.version: &#039;22.0.1&#039;
Driver info: org.openqa.selenium.edge.EdgeDriver
Command: [f927c09208bc362562783fbfdcef7c61, clickElement {id=f.59D418E72B8A44DE427522416A3ED92B.d.5D4CD71BC231C06C957E5BC0610DAF0D.e.1705}]
Capabilities {acceptInsecureCerts: false, browserName: MicrosoftEdge, browserVersion: 130.0.2849.80, fedcm:accounts: true, ms:edgeOptions: {debuggerAddress: localhost:55506}, msedge: {msedgedriverVersion: 130.0.2849.80 (bbf5e2881b22..., userDataDir: C:\Users\QA\AppData\Local\T...}, networkConnectionEnabled: false, pageLoadStrategy: normal, platformName: windows, proxy: Proxy(), se:cdp: ws://localhost:55506/devtoo..., se:cdpVersion: 130.0.2849.80, setWindowRect: true, strictFileInteractability: false, timeouts: {implicit: 0, pageLoad: 300000, script: 30000}, unhandledPromptBehavior: dismiss and notify, webauthn:extension:credBlob: true, webauthn:extension:largeBlob: true, webauthn:extension:minPinLength: true, webauthn:extension:prf: true, webauthn:virtualAuthenticators: true}
Element: [[EdgeDriver: MicrosoftEdge on windows (f927c09208bc362562783fbfdcef7c61)] -&gt; xpath: //div[@id=&#039;v-pills-tab&#039;]//child::a | //span[@class=&#039;mob-hide&#039;]]
Session ID: f927c09208bc362562783fbfdcef7c61 expected [true] but found [false]" type="java.lang.AssertionError">
      <![CDATA[java.lang.AssertionError: Unable to click element : Dimensions  --  [[EdgeDriver: MicrosoftEdge on windows (f927c09208bc362562783fbfdcef7c61)] -> xpath: //div[@id='v-pills-tab']//child::a | //span[@class='mob-hide']]  --  org.openqa.selenium.ElementClickInterceptedException: element click intercepted: Element <a class="nav-link " id="v-pills-1368035399-tab" data-bs-toggle="pill" data-bs-target="#v-pills-1368035399" aria-controls="v-pills-1368035399" aria-selected="false">...</a> is not clickable at point (1679, 240). Other element would receive the click: <div class="testride-form-container ">...</div>
  (Session info: MicrosoftEdge=130.0.2849.80)
Build info: version: '4.13.0', revision: 'ba948ece5b*'
System info: os.name: 'Windows 10', os.arch: 'amd64', os.version: '10.0', java.version: '22.0.1'
Driver info: org.openqa.selenium.edge.EdgeDriver
Command: [f927c09208bc362562783fbfdcef7c61, clickElement {id=f.59D418E72B8A44DE427522416A3ED92B.d.5D4CD71BC231C06C957E5BC0610DAF0D.e.1705}]
Capabilities {acceptInsecureCerts: false, browserName: MicrosoftEdge, browserVersion: 130.0.2849.80, fedcm:accounts: true, ms:edgeOptions: {debuggerAddress: localhost:55506}, msedge: {msedgedriverVersion: 130.0.2849.80 (bbf5e2881b22..., userDataDir: C:\Users\QA\AppData\Local\T...}, networkConnectionEnabled: false, pageLoadStrategy: normal, platformName: windows, proxy: Proxy(), se:cdp: ws://localhost:55506/devtoo..., se:cdpVersion: 130.0.2849.80, setWindowRect: true, strictFileInteractability: false, timeouts: {implicit: 0, pageLoad: 300000, script: 30000}, unhandledPromptBehavior: dismiss and notify, webauthn:extension:credBlob: true, webauthn:extension:largeBlob: true, webauthn:extension:minPinLength: true, webauthn:extension:prf: true, webauthn:virtualAuthenticators: true}
Element: [[EdgeDriver: MicrosoftEdge on windows (f927c09208bc362562783fbfdcef7c61)] -> xpath: //div[@id='v-pills-tab']//child::a | //span[@class='mob-hide']]
Session ID: f927c09208bc362562783fbfdcef7c61 expected [true] but found [false]
at org.testng.Assert.fail(Assert.java:110)
at org.testng.Assert.failNotEquals(Assert.java:1577)
at org.testng.Assert.assertTrue(Assert.java:56)
at GB_Webapp.Utility.Library.click(Library.java:37)
at GB_Webapp.Page.BikeFeaturePage.verify_multiple_specificatios(BikeFeaturePage.java:227)
at GB_Webapp.StepDefinition.BikeFeatureTest.verify_multiple_specificatios(BikeFeatureTest.java:60)
at ✽.Verify multiple specificatios(file:///C:/Users/QA/OneDrive/Documents/Zoom/Intellij_trial/Hero_GB_WebApp_UI_Testing_BDD/./FeatureFilesBangladesh/02_BikeFeature.feature:21)
]]>
    </failure>
  </testcase> <!-- runScenario -->
  <system-out/>
  <testcase classname="GB_Webapp.TestRunner.Bangladesh" name="runScenario" time="3.395"/>
  <system-out/>
  <testcase classname="GB_Webapp.TestRunner.Bangladesh" name="runScenario" time="22.009">
    <failure message="Unable to click element : Transmission &amp; Chassis  --  [[EdgeDriver: MicrosoftEdge on windows (f927c09208bc362562783fbfdcef7c61)] -&gt; xpath: //div[@id=&#039;v-pills-tab&#039;]//child::a | //span[@class=&#039;mob-hide&#039;]]  --  org.openqa.selenium.ElementClickInterceptedException: element click intercepted: Element &lt;a class=&quot;nav-link custom-text-center&quot; id=&quot;v-pills-608358568-tab&quot; data-bs-toggle=&quot;pill&quot; data-bs-target=&quot;#v-pills-608358568&quot; aria-controls=&quot;v-pills-608358568&quot; aria-selected=&quot;true&quot;&gt;...&lt;/a&gt; is not clickable at point (503, 189). Other element would receive the click: &lt;div class=&quot;book-ride-img&quot; style=&quot;background-image: url(&#039;/content/dam/hero-aem-website/in/design-bd/mega-menu/Karizma 400X600px_Option.jpg&#039;)&quot;&gt;&lt;/div&gt;
  (Session info: MicrosoftEdge=130.0.2849.80)
Build info: version: &#039;4.13.0&#039;, revision: &#039;ba948ece5b*&#039;
System info: os.name: &#039;Windows 10&#039;, os.arch: &#039;amd64&#039;, os.version: &#039;10.0&#039;, java.version: &#039;22.0.1&#039;
Driver info: org.openqa.selenium.edge.EdgeDriver
Command: [f927c09208bc362562783fbfdcef7c61, clickElement {id=f.59D418E72B8A44DE427522416A3ED92B.d.5BB554CED59784D3FE6A38CC7D3BA1DE.e.1074}]
Capabilities {acceptInsecureCerts: false, browserName: MicrosoftEdge, browserVersion: 130.0.2849.80, fedcm:accounts: true, ms:edgeOptions: {debuggerAddress: localhost:55506}, msedge: {msedgedriverVersion: 130.0.2849.80 (bbf5e2881b22..., userDataDir: C:\Users\QA\AppData\Local\T...}, networkConnectionEnabled: false, pageLoadStrategy: normal, platformName: windows, proxy: Proxy(), se:cdp: ws://localhost:55506/devtoo..., se:cdpVersion: 130.0.2849.80, setWindowRect: true, strictFileInteractability: false, timeouts: {implicit: 0, pageLoad: 300000, script: 30000}, unhandledPromptBehavior: dismiss and notify, webauthn:extension:credBlob: true, webauthn:extension:largeBlob: true, webauthn:extension:minPinLength: true, webauthn:extension:prf: true, webauthn:virtualAuthenticators: true}
Element: [[EdgeDriver: MicrosoftEdge on windows (f927c09208bc362562783fbfdcef7c61)] -&gt; xpath: //div[@id=&#039;v-pills-tab&#039;]//child::a | //span[@class=&#039;mob-hide&#039;]]
Session ID: f927c09208bc362562783fbfdcef7c61 expected [true] but found [false]" type="java.lang.AssertionError">
      <![CDATA[java.lang.AssertionError: Unable to click element : Transmission & Chassis  --  [[EdgeDriver: MicrosoftEdge on windows (f927c09208bc362562783fbfdcef7c61)] -> xpath: //div[@id='v-pills-tab']//child::a | //span[@class='mob-hide']]  --  org.openqa.selenium.ElementClickInterceptedException: element click intercepted: Element <a class="nav-link custom-text-center" id="v-pills-608358568-tab" data-bs-toggle="pill" data-bs-target="#v-pills-608358568" aria-controls="v-pills-608358568" aria-selected="true">...</a> is not clickable at point (503, 189). Other element would receive the click: <div class="book-ride-img" style="background-image: url('/content/dam/hero-aem-website/in/design-bd/mega-menu/Karizma 400X600px_Option.jpg')"></div>
  (Session info: MicrosoftEdge=130.0.2849.80)
Build info: version: '4.13.0', revision: 'ba948ece5b*'
System info: os.name: 'Windows 10', os.arch: 'amd64', os.version: '10.0', java.version: '22.0.1'
Driver info: org.openqa.selenium.edge.EdgeDriver
Command: [f927c09208bc362562783fbfdcef7c61, clickElement {id=f.59D418E72B8A44DE427522416A3ED92B.d.5BB554CED59784D3FE6A38CC7D3BA1DE.e.1074}]
Capabilities {acceptInsecureCerts: false, browserName: MicrosoftEdge, browserVersion: 130.0.2849.80, fedcm:accounts: true, ms:edgeOptions: {debuggerAddress: localhost:55506}, msedge: {msedgedriverVersion: 130.0.2849.80 (bbf5e2881b22..., userDataDir: C:\Users\QA\AppData\Local\T...}, networkConnectionEnabled: false, pageLoadStrategy: normal, platformName: windows, proxy: Proxy(), se:cdp: ws://localhost:55506/devtoo..., se:cdpVersion: 130.0.2849.80, setWindowRect: true, strictFileInteractability: false, timeouts: {implicit: 0, pageLoad: 300000, script: 30000}, unhandledPromptBehavior: dismiss and notify, webauthn:extension:credBlob: true, webauthn:extension:largeBlob: true, webauthn:extension:minPinLength: true, webauthn:extension:prf: true, webauthn:virtualAuthenticators: true}
Element: [[EdgeDriver: MicrosoftEdge on windows (f927c09208bc362562783fbfdcef7c61)] -> xpath: //div[@id='v-pills-tab']//child::a | //span[@class='mob-hide']]
Session ID: f927c09208bc362562783fbfdcef7c61 expected [true] but found [false]
at org.testng.Assert.fail(Assert.java:110)
at org.testng.Assert.failNotEquals(Assert.java:1577)
at org.testng.Assert.assertTrue(Assert.java:56)
at GB_Webapp.Utility.Library.click(Library.java:37)
at GB_Webapp.Page.BikeFeaturePage.verify_multiple_specificatios(BikeFeaturePage.java:227)
at GB_Webapp.StepDefinition.BikeFeatureTest.verify_multiple_specificatios(BikeFeatureTest.java:60)
at ✽.Verify multiple specificatios(file:///C:/Users/QA/OneDrive/Documents/Zoom/Intellij_trial/Hero_GB_WebApp_UI_Testing_BDD/./FeatureFilesBangladesh/02_BikeFeature.feature:21)
]]>
    </failure>
  </testcase> <!-- runScenario -->
  <system-out/>
  <testcase classname="GB_Webapp.TestRunner.Bangladesh" name="runScenario" time="4.362"/>
  <system-out/>
  <testcase classname="GB_Webapp.TestRunner.Bangladesh" name="runScenario" time="30.561"/>
  <system-out/>
</testsuite> <!-- GB_Webapp.TestRunner.Bangladesh -->
