<?xml version="1.0" encoding="UTF-8"?>
<!-- Generated by org.testng.reporters.JUnitReportReporter -->
<testsuite hostname="DESKTOP-LMKUKFJ" failures="7" tests="66" name="GB_Webapp.TestRunner.Bangladesh" time="1480.525" errors="3" timestamp="2024-11-21T15:25:01 IST" skipped="0">
  <testcase classname="GB_Webapp.TestRunner.Bangladesh" name="runScenario" time="9.917">
    <failure message="Unable to send value  : Enter City : Proxy element for: DefaultElementLocator &#039;By.xpath: (//input[@placeholder=&#039;Enter your City&#039;])[1]&#039;  --  org.openqa.selenium.NoSuchElementException: no such element: Unable to locate element: {&quot;method&quot;:&quot;xpath&quot;,&quot;selector&quot;:&quot;(//input[@placeholder=&#039;Enter your City&#039;])[1]&quot;}
  (Session info: chrome=131.0.6778.70)
For documentation on this error, please visit: https://www.selenium.dev/documentation/webdriver/troubleshooting/errors#no-such-element-exception
Build info: version: &#039;4.13.0&#039;, revision: &#039;ba948ece5b*&#039;
System info: os.name: &#039;Windows 10&#039;, os.arch: &#039;amd64&#039;, os.version: &#039;10.0&#039;, java.version: &#039;22.0.1&#039;
Driver info: org.openqa.selenium.chrome.ChromeDriver
Command: [408295bd35d2d379e42ed3dd71e07eec, findElement {using=xpath, value=(//input[@placeholder=&#039;Enter your City&#039;])[1]}]
Capabilities {acceptInsecureCerts: false, browserName: chrome, browserVersion: 131.0.6778.70, chrome: {chromedriverVersion: 131.0.6778.85 (3d81e41b6f3a..., userDataDir: C:\Users\QA\AppData\Local\T...}, fedcm:accounts: true, goog:chromeOptions: {debuggerAddress: localhost:60706}, networkConnectionEnabled: false, pageLoadStrategy: normal, platformName: windows, proxy: Proxy(), se:cdp: ws://localhost:60706/devtoo..., se:cdpVersion: 131.0.6778.70, setWindowRect: true, strictFileInteractability: false, timeouts: {implicit: 0, pageLoad: 300000, script: 30000}, unhandledPromptBehavior: dismiss and notify, webauthn:extension:credBlob: true, webauthn:extension:largeBlob: true, webauthn:extension:minPinLength: true, webauthn:extension:prf: true, webauthn:virtualAuthenticators: true}
Session ID: 408295bd35d2d379e42ed3dd71e07eec expected [true] but found [false]" type="java.lang.AssertionError">
      <![CDATA[java.lang.AssertionError: Unable to send value  : Enter City : Proxy element for: DefaultElementLocator 'By.xpath: (//input[@placeholder='Enter your City'])[1]'  --  org.openqa.selenium.NoSuchElementException: no such element: Unable to locate element: {"method":"xpath","selector":"(//input[@placeholder='Enter your City'])[1]"}
  (Session info: chrome=131.0.6778.70)
For documentation on this error, please visit: https://www.selenium.dev/documentation/webdriver/troubleshooting/errors#no-such-element-exception
Build info: version: '4.13.0', revision: 'ba948ece5b*'
System info: os.name: 'Windows 10', os.arch: 'amd64', os.version: '10.0', java.version: '22.0.1'
Driver info: org.openqa.selenium.chrome.ChromeDriver
Command: [408295bd35d2d379e42ed3dd71e07eec, findElement {using=xpath, value=(//input[@placeholder='Enter your City'])[1]}]
Capabilities {acceptInsecureCerts: false, browserName: chrome, browserVersion: 131.0.6778.70, chrome: {chromedriverVersion: 131.0.6778.85 (3d81e41b6f3a..., userDataDir: C:\Users\QA\AppData\Local\T...}, fedcm:accounts: true, goog:chromeOptions: {debuggerAddress: localhost:60706}, networkConnectionEnabled: false, pageLoadStrategy: normal, platformName: windows, proxy: Proxy(), se:cdp: ws://localhost:60706/devtoo..., se:cdpVersion: 131.0.6778.70, setWindowRect: true, strictFileInteractability: false, timeouts: {implicit: 0, pageLoad: 300000, script: 30000}, unhandledPromptBehavior: dismiss and notify, webauthn:extension:credBlob: true, webauthn:extension:largeBlob: true, webauthn:extension:minPinLength: true, webauthn:extension:prf: true, webauthn:virtualAuthenticators: true}
Session ID: 408295bd35d2d379e42ed3dd71e07eec expected [true] but found [false]
at org.testng.Assert.fail(Assert.java:110)
at org.testng.Assert.failNotEquals(Assert.java:1577)
at org.testng.Assert.assertTrue(Assert.java:56)
at GB_Webapp.Utility.Library.sendKeys(Library.java:51)
at GB_Webapp.Page.HomePage.user_able_to_enter_city(HomePage.java:935)
at GB_Webapp.StepDefinition.HomePageTest.user_able_to_enter(HomePageTest.java:234)
at ✽.User able to enter "city"(file:///C:/Users/QA/OneDrive/Documents/Zoom/Intellij_trial/Hero_GB_WebApp_UI_Testing_BDD/./FeatureFilesBangladesh/01_LoginFeature.feature:114)
]]>
    </failure>
  </testcase> <!-- runScenario -->
  <system-out/>
  <testcase classname="GB_Webapp.TestRunner.Bangladesh" name="runScenario" time="26.797"/>
  <system-out/>
  <testcase classname="GB_Webapp.TestRunner.Bangladesh" name="runScenario" time="5.854"/>
  <system-out/>
  <testcase classname="GB_Webapp.TestRunner.Bangladesh" name="runScenario" time="29.289"/>
  <system-out/>
  <testcase classname="GB_Webapp.TestRunner.Bangladesh" name="runScenario" time="34.474"/>
  <system-out/>
  <testcase classname="GB_Webapp.TestRunner.Bangladesh" name="runScenario" time="13.856">
    <failure message="Fail msg : New window is not open" type="java.lang.AssertionError">
      <![CDATA[java.lang.AssertionError: Fail msg : New window is not open
at org.testng.Assert.fail(Assert.java:110)
at GB_Webapp.Utility.Library.failmsg(Library.java:273)
at GB_Webapp.Utility.Library.verify_new_window_and_close(Library.java:288)
at GB_Webapp.Page.AboutHeroPage.verify_about_hero_page_in_new_window_and_close(AboutHeroPage.java:234)
at GB_Webapp.StepDefinition.AboutHeroTest.verify_about_hero_page_in_new_window_and_close(AboutHeroTest.java:24)
at ✽.Verify About Hero page in new window and close(file:///C:/Users/QA/OneDrive/Documents/Zoom/Intellij_trial/Hero_GB_WebApp_UI_Testing_BDD/./FeatureFilesBangladesh/05_AboutHero.feature:10)
]]>
    </failure>
  </testcase> <!-- runScenario -->
  <system-out/>
  <testcase classname="GB_Webapp.TestRunner.Bangladesh" name="runScenario" time="2.452"/>
  <system-out/>
  <testcase classname="GB_Webapp.TestRunner.Bangladesh" name="runScenario" time="1.456"/>
  <system-out/>
  <testcase classname="GB_Webapp.TestRunner.Bangladesh" name="runScenario" time="28.290"/>
  <system-out/>
  <testcase classname="GB_Webapp.TestRunner.Bangladesh" name="runScenario" time="28.685"/>
  <system-out/>
  <testcase classname="GB_Webapp.TestRunner.Bangladesh" name="runScenario" time="3.309"/>
  <system-out/>
  <testcase classname="GB_Webapp.TestRunner.Bangladesh" name="runScenario" time="33.406"/>
  <system-out/>
  <testcase classname="GB_Webapp.TestRunner.Bangladesh" name="runScenario" time="13.375"/>
  <system-out/>
  <testcase classname="GB_Webapp.TestRunner.Bangladesh" name="runScenario" time="29.720"/>
  <system-out/>
  <testcase classname="GB_Webapp.TestRunner.Bangladesh" name="runScenario" time="89.953">
    <error message="timeout: Timed out receiving message from renderer: 14.703
  (Session info: chrome=131.0.6778.70)
Build info: version: &#039;4.13.0&#039;, revision: &#039;ba948ece5b*&#039;
System info: os.name: &#039;Windows 10&#039;, os.arch: &#039;amd64&#039;, os.version: &#039;10.0&#039;, java.version: &#039;22.0.1&#039;
Driver info: org.openqa.selenium.chrome.ChromeDriver
Command: [4a8378beaec78f121b2825c97e40b4d5, get {url=https://www.heromotocorp.com/en-bd.html}]
Capabilities {acceptInsecureCerts: false, browserName: chrome, browserVersion: 131.0.6778.70, chrome: {chromedriverVersion: 131.0.6778.85 (3d81e41b6f3a..., userDataDir: C:\Users\QA\AppData\Local\T...}, fedcm:accounts: true, goog:chromeOptions: {debuggerAddress: localhost:60486}, networkConnectionEnabled: false, pageLoadStrategy: normal, platformName: windows, proxy: Proxy(), se:cdp: ws://localhost:60486/devtoo..., se:cdpVersion: 131.0.6778.70, setWindowRect: true, strictFileInteractability: false, timeouts: {implicit: 0, pageLoad: 300000, script: 30000}, unhandledPromptBehavior: dismiss and notify, webauthn:extension:credBlob: true, webauthn:extension:largeBlob: true, webauthn:extension:minPinLength: true, webauthn:extension:prf: true, webauthn:virtualAuthenticators: true}
Session ID: 4a8378beaec78f121b2825c97e40b4d5" type="org.openqa.selenium.TimeoutException">
      <![CDATA[org.openqa.selenium.TimeoutException: timeout: Timed out receiving message from renderer: 14.703
  (Session info: chrome=131.0.6778.70)
Build info: version: '4.13.0', revision: 'ba948ece5b*'
System info: os.name: 'Windows 10', os.arch: 'amd64', os.version: '10.0', java.version: '22.0.1'
Driver info: org.openqa.selenium.chrome.ChromeDriver
Command: [4a8378beaec78f121b2825c97e40b4d5, get {url=https://www.heromotocorp.com/en-bd.html}]
Capabilities {acceptInsecureCerts: false, browserName: chrome, browserVersion: 131.0.6778.70, chrome: {chromedriverVersion: 131.0.6778.85 (3d81e41b6f3a..., userDataDir: C:\Users\QA\AppData\Local\T...}, fedcm:accounts: true, goog:chromeOptions: {debuggerAddress: localhost:60486}, networkConnectionEnabled: false, pageLoadStrategy: normal, platformName: windows, proxy: Proxy(), se:cdp: ws://localhost:60486/devtoo..., se:cdpVersion: 131.0.6778.70, setWindowRect: true, strictFileInteractability: false, timeouts: {implicit: 0, pageLoad: 300000, script: 30000}, unhandledPromptBehavior: dismiss and notify, webauthn:extension:credBlob: true, webauthn:extension:largeBlob: true, webauthn:extension:minPinLength: true, webauthn:extension:prf: true, webauthn:virtualAuthenticators: true}
Session ID: 4a8378beaec78f121b2825c97e40b4d5
at java.base/jdk.internal.reflect.DirectConstructorHandleAccessor.newInstance(DirectConstructorHandleAccessor.java:62)
at java.base/java.lang.reflect.Constructor.newInstanceWithCaller(Constructor.java:502)
at java.base/java.lang.reflect.Constructor.newInstance(Constructor.java:486)
at org.openqa.selenium.remote.codec.w3c.W3CHttpResponseCodec.createException(W3CHttpResponseCodec.java:200)
at org.openqa.selenium.remote.codec.w3c.W3CHttpResponseCodec.decode(W3CHttpResponseCodec.java:133)
at org.openqa.selenium.remote.codec.w3c.W3CHttpResponseCodec.decode(W3CHttpResponseCodec.java:52)
at org.openqa.selenium.remote.HttpCommandExecutor.execute(HttpCommandExecutor.java:191)
at org.openqa.selenium.remote.service.DriverCommandExecutor.invokeExecute(DriverCommandExecutor.java:196)
at org.openqa.selenium.remote.service.DriverCommandExecutor.execute(DriverCommandExecutor.java:171)
at org.openqa.selenium.remote.RemoteWebDriver.execute(RemoteWebDriver.java:602)
at org.openqa.selenium.remote.RemoteWebDriver.get(RemoteWebDriver.java:304)
at GB_Webapp.Utility.Library.open_new_Window_and_close_previous_Window(Library.java:316)
at GB_Webapp.Page.LoginPage.user_open_website_link(LoginPage.java:375)
at GB_Webapp.StepDefinition.HomePageTest.user_open_website_link(HomePageTest.java:60)
at ✽.User open "Bangladesh" website link(file:///C:/Users/QA/OneDrive/Documents/Zoom/Intellij_trial/Hero_GB_WebApp_UI_Testing_BDD/./FeatureFilesBangladesh/01_LoginFeature.feature:74)
]]>
    </error>
  </testcase> <!-- runScenario -->
  <system-out/>
  <testcase classname="GB_Webapp.TestRunner.Bangladesh" name="runScenario" time="28.720"/>
  <system-out/>
  <testcase classname="GB_Webapp.TestRunner.Bangladesh" name="runScenario" time="5.074"/>
  <system-out/>
  <testcase classname="GB_Webapp.TestRunner.Bangladesh" name="runScenario" time="0.979"/>
  <system-out/>
  <testcase classname="GB_Webapp.TestRunner.Bangladesh" name="runScenario" time="2.355"/>
  <system-out/>
  <testcase classname="GB_Webapp.TestRunner.Bangladesh" name="runScenario" time="28.483"/>
  <system-out/>
  <testcase classname="GB_Webapp.TestRunner.Bangladesh" name="runScenario" time="28.019"/>
  <system-out/>
  <testcase classname="GB_Webapp.TestRunner.Bangladesh" name="runScenario" time="30.534"/>
  <system-out/>
  <testcase classname="GB_Webapp.TestRunner.Bangladesh" name="runScenario" time="32.918"/>
  <system-out/>
  <testcase classname="GB_Webapp.TestRunner.Bangladesh" name="runScenario" time="29.556"/>
  <system-out/>
  <testcase classname="GB_Webapp.TestRunner.Bangladesh" name="runScenario" time="31.446"/>
  <system-out/>
  <testcase classname="GB_Webapp.TestRunner.Bangladesh" name="runScenario" time="6.143"/>
  <system-out/>
  <testcase classname="GB_Webapp.TestRunner.Bangladesh" name="runScenario" time="8.177"/>
  <system-out/>
  <testcase classname="GB_Webapp.TestRunner.Bangladesh" name="runScenario" time="3.861"/>
  <system-out/>
  <testcase classname="GB_Webapp.TestRunner.Bangladesh" name="runScenario" time="6.070"/>
  <system-out/>
  <testcase classname="GB_Webapp.TestRunner.Bangladesh" name="runScenario" time="27.482">
    <failure message="Unable to visible field  : Thank You Popup  --  Proxy element for: DefaultElementLocator &#039;By.xpath: //h2[normalize-space()=&#039;Thank You&#039;]&#039;  --  org.openqa.selenium.NoSuchElementException: no such element: Unable to locate element: {&quot;method&quot;:&quot;xpath&quot;,&quot;selector&quot;:&quot;//h2[normalize-space()=&#039;Thank You&#039;]&quot;}
  (Session info: chrome=131.0.6778.70)
For documentation on this error, please visit: https://www.selenium.dev/documentation/webdriver/troubleshooting/errors#no-such-element-exception
Build info: version: &#039;4.13.0&#039;, revision: &#039;ba948ece5b*&#039;
System info: os.name: &#039;Windows 10&#039;, os.arch: &#039;amd64&#039;, os.version: &#039;10.0&#039;, java.version: &#039;22.0.1&#039;
Driver info: org.openqa.selenium.chrome.ChromeDriver
Command: [408295bd35d2d379e42ed3dd71e07eec, findElement {using=xpath, value=//h2[normalize-space()=&#039;Thank You&#039;]}]
Capabilities {acceptInsecureCerts: false, browserName: chrome, browserVersion: 131.0.6778.70, chrome: {chromedriverVersion: 131.0.6778.85 (3d81e41b6f3a..., userDataDir: C:\Users\QA\AppData\Local\T...}, fedcm:accounts: true, goog:chromeOptions: {debuggerAddress: localhost:60706}, networkConnectionEnabled: false, pageLoadStrategy: normal, platformName: windows, proxy: Proxy(), se:cdp: ws://localhost:60706/devtoo..., se:cdpVersion: 131.0.6778.70, setWindowRect: true, strictFileInteractability: false, timeouts: {implicit: 0, pageLoad: 300000, script: 30000}, unhandledPromptBehavior: dismiss and notify, webauthn:extension:credBlob: true, webauthn:extension:largeBlob: true, webauthn:extension:minPinLength: true, webauthn:extension:prf: true, webauthn:virtualAuthenticators: true}
Session ID: 408295bd35d2d379e42ed3dd71e07eec expected [true] but found [false]" type="java.lang.AssertionError">
      <![CDATA[java.lang.AssertionError: Unable to visible field  : Thank You Popup  --  Proxy element for: DefaultElementLocator 'By.xpath: //h2[normalize-space()='Thank You']'  --  org.openqa.selenium.NoSuchElementException: no such element: Unable to locate element: {"method":"xpath","selector":"//h2[normalize-space()='Thank You']"}
  (Session info: chrome=131.0.6778.70)
For documentation on this error, please visit: https://www.selenium.dev/documentation/webdriver/troubleshooting/errors#no-such-element-exception
Build info: version: '4.13.0', revision: 'ba948ece5b*'
System info: os.name: 'Windows 10', os.arch: 'amd64', os.version: '10.0', java.version: '22.0.1'
Driver info: org.openqa.selenium.chrome.ChromeDriver
Command: [408295bd35d2d379e42ed3dd71e07eec, findElement {using=xpath, value=//h2[normalize-space()='Thank You']}]
Capabilities {acceptInsecureCerts: false, browserName: chrome, browserVersion: 131.0.6778.70, chrome: {chromedriverVersion: 131.0.6778.85 (3d81e41b6f3a..., userDataDir: C:\Users\QA\AppData\Local\T...}, fedcm:accounts: true, goog:chromeOptions: {debuggerAddress: localhost:60706}, networkConnectionEnabled: false, pageLoadStrategy: normal, platformName: windows, proxy: Proxy(), se:cdp: ws://localhost:60706/devtoo..., se:cdpVersion: 131.0.6778.70, setWindowRect: true, strictFileInteractability: false, timeouts: {implicit: 0, pageLoad: 300000, script: 30000}, unhandledPromptBehavior: dismiss and notify, webauthn:extension:credBlob: true, webauthn:extension:largeBlob: true, webauthn:extension:minPinLength: true, webauthn:extension:prf: true, webauthn:virtualAuthenticators: true}
Session ID: 408295bd35d2d379e42ed3dd71e07eec expected [true] but found [false]
at org.testng.Assert.fail(Assert.java:110)
at org.testng.Assert.failNotEquals(Assert.java:1577)
at org.testng.Assert.assertTrue(Assert.java:56)
at GB_Webapp.Utility.Library.visible_link(Library.java:69)
at GB_Webapp.Page.AboutHeroPage.click_on_submit_button_and_verify_thank_you_pop_up(AboutHeroPage.java:302)
at GB_Webapp.StepDefinition.AboutHeroTest.click_on_submit_button_and_verify_thank_you_pop_up(AboutHeroTest.java:88)
at ✽.Click on Submit button and verify Thank you pop up(file:///C:/Users/QA/OneDrive/Documents/Zoom/Intellij_trial/Hero_GB_WebApp_UI_Testing_BDD/./FeatureFilesBangladesh/05_AboutHero.feature:39)
]]>
    </failure>
  </testcase> <!-- runScenario -->
  <system-out/>
  <testcase classname="GB_Webapp.TestRunner.Bangladesh" name="runScenario" time="27.473"/>
  <system-out/>
  <testcase classname="GB_Webapp.TestRunner.Bangladesh" name="runScenario" time="17.123"/>
  <system-out/>
  <testcase classname="GB_Webapp.TestRunner.Bangladesh" name="runScenario" time="7.652"/>
  <system-out/>
  <testcase classname="GB_Webapp.TestRunner.Bangladesh" name="runScenario" time="22.492"/>
  <system-out/>
  <testcase classname="GB_Webapp.TestRunner.Bangladesh" name="runScenario" time="132.028">
    <error message="timeout: Timed out receiving message from renderer: 15.000
  (Session info: chrome=131.0.6778.70)
Build info: version: &#039;4.13.0&#039;, revision: &#039;ba948ece5b*&#039;
System info: os.name: &#039;Windows 10&#039;, os.arch: &#039;amd64&#039;, os.version: &#039;10.0&#039;, java.version: &#039;22.0.1&#039;
Driver info: org.openqa.selenium.chrome.ChromeDriver
Command: [086bc212726faf00c9473f6881a58706, findElement {using=xpath, value=//div[@class=&#039;bike-detail animate__animated bikeDetailsSection&#039;]//a[normalize-space()=&#039;VIEW SPECIFICATIONS&#039;]}]
Capabilities {acceptInsecureCerts: false, browserName: chrome, browserVersion: 131.0.6778.70, chrome: {chromedriverVersion: 131.0.6778.85 (3d81e41b6f3a..., userDataDir: C:\Users\QA\AppData\Local\T...}, fedcm:accounts: true, goog:chromeOptions: {debuggerAddress: localhost:60259}, networkConnectionEnabled: false, pageLoadStrategy: normal, platformName: windows, proxy: Proxy(), se:cdp: ws://localhost:60259/devtoo..., se:cdpVersion: 131.0.6778.70, setWindowRect: true, strictFileInteractability: false, timeouts: {implicit: 0, pageLoad: 300000, script: 30000}, unhandledPromptBehavior: dismiss and notify, webauthn:extension:credBlob: true, webauthn:extension:largeBlob: true, webauthn:extension:minPinLength: true, webauthn:extension:prf: true, webauthn:virtualAuthenticators: true}
Session ID: 086bc212726faf00c9473f6881a58706" type="org.openqa.selenium.TimeoutException">
      <![CDATA[org.openqa.selenium.TimeoutException: timeout: Timed out receiving message from renderer: 15.000
  (Session info: chrome=131.0.6778.70)
Build info: version: '4.13.0', revision: 'ba948ece5b*'
System info: os.name: 'Windows 10', os.arch: 'amd64', os.version: '10.0', java.version: '22.0.1'
Driver info: org.openqa.selenium.chrome.ChromeDriver
Command: [086bc212726faf00c9473f6881a58706, findElement {using=xpath, value=//div[@class='bike-detail animate__animated bikeDetailsSection']//a[normalize-space()='VIEW SPECIFICATIONS']}]
Capabilities {acceptInsecureCerts: false, browserName: chrome, browserVersion: 131.0.6778.70, chrome: {chromedriverVersion: 131.0.6778.85 (3d81e41b6f3a..., userDataDir: C:\Users\QA\AppData\Local\T...}, fedcm:accounts: true, goog:chromeOptions: {debuggerAddress: localhost:60259}, networkConnectionEnabled: false, pageLoadStrategy: normal, platformName: windows, proxy: Proxy(), se:cdp: ws://localhost:60259/devtoo..., se:cdpVersion: 131.0.6778.70, setWindowRect: true, strictFileInteractability: false, timeouts: {implicit: 0, pageLoad: 300000, script: 30000}, unhandledPromptBehavior: dismiss and notify, webauthn:extension:credBlob: true, webauthn:extension:largeBlob: true, webauthn:extension:minPinLength: true, webauthn:extension:prf: true, webauthn:virtualAuthenticators: true}
Session ID: 086bc212726faf00c9473f6881a58706
at java.base/jdk.internal.reflect.DirectConstructorHandleAccessor.newInstance(DirectConstructorHandleAccessor.java:62)
at java.base/java.lang.reflect.Constructor.newInstanceWithCaller(Constructor.java:502)
at java.base/java.lang.reflect.Constructor.newInstance(Constructor.java:486)
at org.openqa.selenium.remote.codec.w3c.W3CHttpResponseCodec.createException(W3CHttpResponseCodec.java:200)
at org.openqa.selenium.remote.codec.w3c.W3CHttpResponseCodec.decode(W3CHttpResponseCodec.java:133)
at org.openqa.selenium.remote.codec.w3c.W3CHttpResponseCodec.decode(W3CHttpResponseCodec.java:52)
at org.openqa.selenium.remote.HttpCommandExecutor.execute(HttpCommandExecutor.java:191)
at org.openqa.selenium.remote.service.DriverCommandExecutor.invokeExecute(DriverCommandExecutor.java:196)
at org.openqa.selenium.remote.service.DriverCommandExecutor.execute(DriverCommandExecutor.java:171)
at org.openqa.selenium.remote.RemoteWebDriver.execute(RemoteWebDriver.java:602)
at org.openqa.selenium.remote.ElementLocation$ElementFinder$2.findElement(ElementLocation.java:165)
at org.openqa.selenium.remote.ElementLocation.findElement(ElementLocation.java:59)
at org.openqa.selenium.remote.RemoteWebDriver.findElement(RemoteWebDriver.java:359)
at org.openqa.selenium.remote.RemoteWebDriver.findElement(RemoteWebDriver.java:353)
at org.openqa.selenium.support.pagefactory.DefaultElementLocator.findElement(DefaultElementLocator.java:68)
at org.openqa.selenium.support.pagefactory.internal.LocatingElementHandler.invoke(LocatingElementHandler.java:38)
at jdk.proxy2/jdk.proxy2.$Proxy49.toString(Unknown Source)
at java.base/java.lang.String.valueOf(String.java:4507)
at java.base/java.lang.StringBuilder.append(StringBuilder.java:173)
at GB_Webapp.Utility.Library.click(Library.java:37)
at GB_Webapp.Page.HomePage.homePageAllBikesExpandedCardFullDetails(HomePage.java:634)
at GB_Webapp.Page.HomePage.verifySplendorPlusXtecBike(HomePage.java:668)
at GB_Webapp.StepDefinition.HomePageTest.click_on_bike_name_and_verify_expanded_card_info(HomePageTest.java:157)
at ✽.Click on "Splendor_Plus_Xtec" bike name and verify expanded card info(file:///C:/Users/QA/OneDrive/Documents/Zoom/Intellij_trial/Hero_GB_WebApp_UI_Testing_BDD/./FeatureFilesBangladesh/01_LoginFeature.feature:76)
]]>
    </error>
  </testcase> <!-- runScenario -->
  <system-out/>
  <testcase classname="GB_Webapp.TestRunner.Bangladesh" name="runScenario" time="29.530"/>
  <system-out/>
  <testcase classname="GB_Webapp.TestRunner.Bangladesh" name="runScenario" time="25.745"/>
  <system-out/>
  <testcase classname="GB_Webapp.TestRunner.Bangladesh" name="runScenario" time="26.853"/>
  <system-out/>
  <testcase classname="GB_Webapp.TestRunner.Bangladesh" name="runScenario" time="27.954"/>
  <system-out/>
  <testcase classname="GB_Webapp.TestRunner.Bangladesh" name="runScenario" time="32.840"/>
  <system-out/>
  <testcase classname="GB_Webapp.TestRunner.Bangladesh" name="runScenario" time="12.802">
    <failure message="Unable to click element : Footer ServiceCenters  --  Proxy element for: DefaultElementLocator &#039;By.xpath: //a[normalize-space()=&#039;Service Centres&#039;]&#039;  --  org.openqa.selenium.NoSuchElementException: no such element: Unable to locate element: {&quot;method&quot;:&quot;xpath&quot;,&quot;selector&quot;:&quot;//a[normalize-space()=&#039;Service Centres&#039;]&quot;}
  (Session info: chrome=131.0.6778.70)
For documentation on this error, please visit: https://www.selenium.dev/documentation/webdriver/troubleshooting/errors#no-such-element-exception
Build info: version: &#039;4.13.0&#039;, revision: &#039;ba948ece5b*&#039;
System info: os.name: &#039;Windows 10&#039;, os.arch: &#039;amd64&#039;, os.version: &#039;10.0&#039;, java.version: &#039;22.0.1&#039;
Driver info: org.openqa.selenium.chrome.ChromeDriver
Command: [408295bd35d2d379e42ed3dd71e07eec, findElement {using=xpath, value=//a[normalize-space()=&#039;Service Centres&#039;]}]
Capabilities {acceptInsecureCerts: false, browserName: chrome, browserVersion: 131.0.6778.70, chrome: {chromedriverVersion: 131.0.6778.85 (3d81e41b6f3a..., userDataDir: C:\Users\QA\AppData\Local\T...}, fedcm:accounts: true, goog:chromeOptions: {debuggerAddress: localhost:60706}, networkConnectionEnabled: false, pageLoadStrategy: normal, platformName: windows, proxy: Proxy(), se:cdp: ws://localhost:60706/devtoo..., se:cdpVersion: 131.0.6778.70, setWindowRect: true, strictFileInteractability: false, timeouts: {implicit: 0, pageLoad: 300000, script: 30000}, unhandledPromptBehavior: dismiss and notify, webauthn:extension:credBlob: true, webauthn:extension:largeBlob: true, webauthn:extension:minPinLength: true, webauthn:extension:prf: true, webauthn:virtualAuthenticators: true}
Session ID: 408295bd35d2d379e42ed3dd71e07eec expected [true] but found [false]" type="java.lang.AssertionError">
      <![CDATA[java.lang.AssertionError: Unable to click element : Footer ServiceCenters  --  Proxy element for: DefaultElementLocator 'By.xpath: //a[normalize-space()='Service Centres']'  --  org.openqa.selenium.NoSuchElementException: no such element: Unable to locate element: {"method":"xpath","selector":"//a[normalize-space()='Service Centres']"}
  (Session info: chrome=131.0.6778.70)
For documentation on this error, please visit: https://www.selenium.dev/documentation/webdriver/troubleshooting/errors#no-such-element-exception
Build info: version: '4.13.0', revision: 'ba948ece5b*'
System info: os.name: 'Windows 10', os.arch: 'amd64', os.version: '10.0', java.version: '22.0.1'
Driver info: org.openqa.selenium.chrome.ChromeDriver
Command: [408295bd35d2d379e42ed3dd71e07eec, findElement {using=xpath, value=//a[normalize-space()='Service Centres']}]
Capabilities {acceptInsecureCerts: false, browserName: chrome, browserVersion: 131.0.6778.70, chrome: {chromedriverVersion: 131.0.6778.85 (3d81e41b6f3a..., userDataDir: C:\Users\QA\AppData\Local\T...}, fedcm:accounts: true, goog:chromeOptions: {debuggerAddress: localhost:60706}, networkConnectionEnabled: false, pageLoadStrategy: normal, platformName: windows, proxy: Proxy(), se:cdp: ws://localhost:60706/devtoo..., se:cdpVersion: 131.0.6778.70, setWindowRect: true, strictFileInteractability: false, timeouts: {implicit: 0, pageLoad: 300000, script: 30000}, unhandledPromptBehavior: dismiss and notify, webauthn:extension:credBlob: true, webauthn:extension:largeBlob: true, webauthn:extension:minPinLength: true, webauthn:extension:prf: true, webauthn:virtualAuthenticators: true}
Session ID: 408295bd35d2d379e42ed3dd71e07eec expected [true] but found [false]
at org.testng.Assert.fail(Assert.java:110)
at org.testng.Assert.failNotEquals(Assert.java:1577)
at org.testng.Assert.assertTrue(Assert.java:56)
at GB_Webapp.Utility.Library.click(Library.java:38)
at GB_Webapp.Page.HomePage.verify_service_center_icon_redirection(HomePage.java:970)
at GB_Webapp.StepDefinition.HomePageTest.verify_icon_redirection(HomePageTest.java:325)
at ✽.Verify "service_center" icon redirection(file:///C:/Users/QA/OneDrive/Documents/Zoom/Intellij_trial/Hero_GB_WebApp_UI_Testing_BDD/./FeatureFilesBangladesh/01_LoginFeature.feature:135)
]]>
    </failure>
  </testcase> <!-- runScenario -->
  <system-out/>
  <testcase classname="GB_Webapp.TestRunner.Bangladesh" name="runScenario" time="1.555"/>
  <system-out/>
  <testcase classname="GB_Webapp.TestRunner.Bangladesh" name="runScenario" time="34.660"/>
  <system-out/>
  <testcase classname="GB_Webapp.TestRunner.Bangladesh" name="runScenario" time="6.305"/>
  <system-out/>
  <testcase classname="GB_Webapp.TestRunner.Bangladesh" name="runScenario" time="28.253"/>
  <system-out/>
  <testcase classname="GB_Webapp.TestRunner.Bangladesh" name="runScenario" time="5.854"/>
  <system-out/>
  <testcase classname="GB_Webapp.TestRunner.Bangladesh" name="runScenario" time="2.795"/>
  <system-out/>
  <testcase classname="GB_Webapp.TestRunner.Bangladesh" name="runScenario" time="36.075"/>
  <system-out/>
  <testcase classname="GB_Webapp.TestRunner.Bangladesh" name="runScenario" time="6.099"/>
  <system-out/>
  <testcase classname="GB_Webapp.TestRunner.Bangladesh" name="runScenario" time="2.614"/>
  <system-out/>
  <testcase classname="GB_Webapp.TestRunner.Bangladesh" name="runScenario" time="31.096"/>
  <system-out/>
  <testcase classname="GB_Webapp.TestRunner.Bangladesh" name="runScenario" time="1.860"/>
  <system-out/>
  <testcase classname="GB_Webapp.TestRunner.Bangladesh" name="runScenario" time="14.580"/>
  <system-out/>
  <testcase classname="GB_Webapp.TestRunner.Bangladesh" name="runScenario" time="1.133"/>
  <system-out/>
  <testcase classname="GB_Webapp.TestRunner.Bangladesh" name="runScenario" time="14.838"/>
  <system-out/>
  <testcase classname="GB_Webapp.TestRunner.Bangladesh" name="runScenario" time="8.512">
    <failure message="Unable to send value  : Enter City : Proxy element for: DefaultElementLocator &#039;By.xpath: //input[@placeholder=&#039;Select City&#039;]&#039;  --  org.openqa.selenium.NoSuchElementException: no such element: Unable to locate element: {&quot;method&quot;:&quot;xpath&quot;,&quot;selector&quot;:&quot;//input[@placeholder=&#039;Select City&#039;]&quot;}
  (Session info: chrome=131.0.6778.70)
For documentation on this error, please visit: https://www.selenium.dev/documentation/webdriver/troubleshooting/errors#no-such-element-exception
Build info: version: &#039;4.13.0&#039;, revision: &#039;ba948ece5b*&#039;
System info: os.name: &#039;Windows 10&#039;, os.arch: &#039;amd64&#039;, os.version: &#039;10.0&#039;, java.version: &#039;22.0.1&#039;
Driver info: org.openqa.selenium.chrome.ChromeDriver
Command: [408295bd35d2d379e42ed3dd71e07eec, findElement {using=xpath, value=//input[@placeholder=&#039;Select City&#039;]}]
Capabilities {acceptInsecureCerts: false, browserName: chrome, browserVersion: 131.0.6778.70, chrome: {chromedriverVersion: 131.0.6778.85 (3d81e41b6f3a..., userDataDir: C:\Users\QA\AppData\Local\T...}, fedcm:accounts: true, goog:chromeOptions: {debuggerAddress: localhost:60706}, networkConnectionEnabled: false, pageLoadStrategy: normal, platformName: windows, proxy: Proxy(), se:cdp: ws://localhost:60706/devtoo..., se:cdpVersion: 131.0.6778.70, setWindowRect: true, strictFileInteractability: false, timeouts: {implicit: 0, pageLoad: 300000, script: 30000}, unhandledPromptBehavior: dismiss and notify, webauthn:extension:credBlob: true, webauthn:extension:largeBlob: true, webauthn:extension:minPinLength: true, webauthn:extension:prf: true, webauthn:virtualAuthenticators: true}
Session ID: 408295bd35d2d379e42ed3dd71e07eec expected [true] but found [false]" type="java.lang.AssertionError">
      <![CDATA[java.lang.AssertionError: Unable to send value  : Enter City : Proxy element for: DefaultElementLocator 'By.xpath: //input[@placeholder='Select City']'  --  org.openqa.selenium.NoSuchElementException: no such element: Unable to locate element: {"method":"xpath","selector":"//input[@placeholder='Select City']"}
  (Session info: chrome=131.0.6778.70)
For documentation on this error, please visit: https://www.selenium.dev/documentation/webdriver/troubleshooting/errors#no-such-element-exception
Build info: version: '4.13.0', revision: 'ba948ece5b*'
System info: os.name: 'Windows 10', os.arch: 'amd64', os.version: '10.0', java.version: '22.0.1'
Driver info: org.openqa.selenium.chrome.ChromeDriver
Command: [408295bd35d2d379e42ed3dd71e07eec, findElement {using=xpath, value=//input[@placeholder='Select City']}]
Capabilities {acceptInsecureCerts: false, browserName: chrome, browserVersion: 131.0.6778.70, chrome: {chromedriverVersion: 131.0.6778.85 (3d81e41b6f3a..., userDataDir: C:\Users\QA\AppData\Local\T...}, fedcm:accounts: true, goog:chromeOptions: {debuggerAddress: localhost:60706}, networkConnectionEnabled: false, pageLoadStrategy: normal, platformName: windows, proxy: Proxy(), se:cdp: ws://localhost:60706/devtoo..., se:cdpVersion: 131.0.6778.70, setWindowRect: true, strictFileInteractability: false, timeouts: {implicit: 0, pageLoad: 300000, script: 30000}, unhandledPromptBehavior: dismiss and notify, webauthn:extension:credBlob: true, webauthn:extension:largeBlob: true, webauthn:extension:minPinLength: true, webauthn:extension:prf: true, webauthn:virtualAuthenticators: true}
Session ID: 408295bd35d2d379e42ed3dd71e07eec expected [true] but found [false]
at org.testng.Assert.fail(Assert.java:110)
at org.testng.Assert.failNotEquals(Assert.java:1577)
at org.testng.Assert.assertTrue(Assert.java:56)
at GB_Webapp.Utility.Library.sendKeys(Library.java:51)
at GB_Webapp.Page.HomePage.user_able_to_enter_city1(HomePage.java:1025)
at GB_Webapp.StepDefinition.HomePageTest.user_able_to_enter(HomePageTest.java:246)
at ✽.User able to enter "city1"(file:///C:/Users/QA/OneDrive/Documents/Zoom/Intellij_trial/Hero_GB_WebApp_UI_Testing_BDD/./FeatureFilesBangladesh/01_LoginFeature.feature:159)
]]>
    </failure>
  </testcase> <!-- runScenario -->
  <system-out/>
  <testcase classname="GB_Webapp.TestRunner.Bangladesh" name="runScenario" time="44.161">
    <failure message="Unable to visible field  : Thank You Popup  --  Proxy element for: DefaultElementLocator &#039;By.xpath: //h2[normalize-space()=&#039;Thank You&#039;]&#039;  --  org.openqa.selenium.NoSuchElementException: no such element: Unable to locate element: {&quot;method&quot;:&quot;xpath&quot;,&quot;selector&quot;:&quot;//h2[normalize-space()=&#039;Thank You&#039;]&quot;}
  (Session info: chrome=131.0.6778.70)
For documentation on this error, please visit: https://www.selenium.dev/documentation/webdriver/troubleshooting/errors#no-such-element-exception
Build info: version: &#039;4.13.0&#039;, revision: &#039;ba948ece5b*&#039;
System info: os.name: &#039;Windows 10&#039;, os.arch: &#039;amd64&#039;, os.version: &#039;10.0&#039;, java.version: &#039;22.0.1&#039;
Driver info: org.openqa.selenium.chrome.ChromeDriver
Command: [408295bd35d2d379e42ed3dd71e07eec, findElement {using=xpath, value=//h2[normalize-space()=&#039;Thank You&#039;]}]
Capabilities {acceptInsecureCerts: false, browserName: chrome, browserVersion: 131.0.6778.70, chrome: {chromedriverVersion: 131.0.6778.85 (3d81e41b6f3a..., userDataDir: C:\Users\QA\AppData\Local\T...}, fedcm:accounts: true, goog:chromeOptions: {debuggerAddress: localhost:60706}, networkConnectionEnabled: false, pageLoadStrategy: normal, platformName: windows, proxy: Proxy(), se:cdp: ws://localhost:60706/devtoo..., se:cdpVersion: 131.0.6778.70, setWindowRect: true, strictFileInteractability: false, timeouts: {implicit: 0, pageLoad: 300000, script: 30000}, unhandledPromptBehavior: dismiss and notify, webauthn:extension:credBlob: true, webauthn:extension:largeBlob: true, webauthn:extension:minPinLength: true, webauthn:extension:prf: true, webauthn:virtualAuthenticators: true}
Session ID: 408295bd35d2d379e42ed3dd71e07eec expected [true] but found [false]" type="java.lang.AssertionError">
      <![CDATA[java.lang.AssertionError: Unable to visible field  : Thank You Popup  --  Proxy element for: DefaultElementLocator 'By.xpath: //h2[normalize-space()='Thank You']'  --  org.openqa.selenium.NoSuchElementException: no such element: Unable to locate element: {"method":"xpath","selector":"//h2[normalize-space()='Thank You']"}
  (Session info: chrome=131.0.6778.70)
For documentation on this error, please visit: https://www.selenium.dev/documentation/webdriver/troubleshooting/errors#no-such-element-exception
Build info: version: '4.13.0', revision: 'ba948ece5b*'
System info: os.name: 'Windows 10', os.arch: 'amd64', os.version: '10.0', java.version: '22.0.1'
Driver info: org.openqa.selenium.chrome.ChromeDriver
Command: [408295bd35d2d379e42ed3dd71e07eec, findElement {using=xpath, value=//h2[normalize-space()='Thank You']}]
Capabilities {acceptInsecureCerts: false, browserName: chrome, browserVersion: 131.0.6778.70, chrome: {chromedriverVersion: 131.0.6778.85 (3d81e41b6f3a..., userDataDir: C:\Users\QA\AppData\Local\T...}, fedcm:accounts: true, goog:chromeOptions: {debuggerAddress: localhost:60706}, networkConnectionEnabled: false, pageLoadStrategy: normal, platformName: windows, proxy: Proxy(), se:cdp: ws://localhost:60706/devtoo..., se:cdpVersion: 131.0.6778.70, setWindowRect: true, strictFileInteractability: false, timeouts: {implicit: 0, pageLoad: 300000, script: 30000}, unhandledPromptBehavior: dismiss and notify, webauthn:extension:credBlob: true, webauthn:extension:largeBlob: true, webauthn:extension:minPinLength: true, webauthn:extension:prf: true, webauthn:virtualAuthenticators: true}
Session ID: 408295bd35d2d379e42ed3dd71e07eec expected [true] but found [false]
at org.testng.Assert.fail(Assert.java:110)
at org.testng.Assert.failNotEquals(Assert.java:1577)
at org.testng.Assert.assertTrue(Assert.java:56)
at GB_Webapp.Utility.Library.visible_link(Library.java:69)
at GB_Webapp.Page.AboutHeroPage.click_on_submit_button_and_verify_thank_you_pop_up(AboutHeroPage.java:302)
at GB_Webapp.StepDefinition.AboutHeroTest.click_on_submit_button_and_verify_thank_you_pop_up(AboutHeroTest.java:88)
at ✽.Click on Submit button and verify Thank you pop up(file:///C:/Users/QA/OneDrive/Documents/Zoom/Intellij_trial/Hero_GB_WebApp_UI_Testing_BDD/./FeatureFilesBangladesh/05_AboutHero.feature:51)
]]>
    </failure>
  </testcase> <!-- runScenario -->
  <system-out/>
  <testcase classname="GB_Webapp.TestRunner.Bangladesh" name="runScenario" time="13.560"/>
  <system-out/>
  <testcase classname="GB_Webapp.TestRunner.Bangladesh" name="runScenario" time="102.712">
    <error message="timeout: Timed out receiving message from renderer: 14.961
  (Session info: chrome=131.0.6778.70)
Build info: version: &#039;4.13.0&#039;, revision: &#039;ba948ece5b*&#039;
System info: os.name: &#039;Windows 10&#039;, os.arch: &#039;amd64&#039;, os.version: &#039;10.0&#039;, java.version: &#039;22.0.1&#039;
Driver info: org.openqa.selenium.chrome.ChromeDriver
Command: [bc47b44d40dfca767838aaf58584b908, get {url=https://www.heromotocorp.com/en-bd.html}]
Capabilities {acceptInsecureCerts: false, browserName: chrome, browserVersion: 131.0.6778.70, chrome: {chromedriverVersion: 131.0.6778.85 (3d81e41b6f3a..., userDataDir: C:\Users\QA\AppData\Local\T...}, fedcm:accounts: true, goog:chromeOptions: {debuggerAddress: localhost:60607}, networkConnectionEnabled: false, pageLoadStrategy: normal, platformName: windows, proxy: Proxy(), se:cdp: ws://localhost:60607/devtoo..., se:cdpVersion: 131.0.6778.70, setWindowRect: true, strictFileInteractability: false, timeouts: {implicit: 0, pageLoad: 300000, script: 30000}, unhandledPromptBehavior: dismiss and notify, webauthn:extension:credBlob: true, webauthn:extension:largeBlob: true, webauthn:extension:minPinLength: true, webauthn:extension:prf: true, webauthn:virtualAuthenticators: true}
Session ID: bc47b44d40dfca767838aaf58584b908" type="org.openqa.selenium.TimeoutException">
      <![CDATA[org.openqa.selenium.TimeoutException: timeout: Timed out receiving message from renderer: 14.961
  (Session info: chrome=131.0.6778.70)
Build info: version: '4.13.0', revision: 'ba948ece5b*'
System info: os.name: 'Windows 10', os.arch: 'amd64', os.version: '10.0', java.version: '22.0.1'
Driver info: org.openqa.selenium.chrome.ChromeDriver
Command: [bc47b44d40dfca767838aaf58584b908, get {url=https://www.heromotocorp.com/en-bd.html}]
Capabilities {acceptInsecureCerts: false, browserName: chrome, browserVersion: 131.0.6778.70, chrome: {chromedriverVersion: 131.0.6778.85 (3d81e41b6f3a..., userDataDir: C:\Users\QA\AppData\Local\T...}, fedcm:accounts: true, goog:chromeOptions: {debuggerAddress: localhost:60607}, networkConnectionEnabled: false, pageLoadStrategy: normal, platformName: windows, proxy: Proxy(), se:cdp: ws://localhost:60607/devtoo..., se:cdpVersion: 131.0.6778.70, setWindowRect: true, strictFileInteractability: false, timeouts: {implicit: 0, pageLoad: 300000, script: 30000}, unhandledPromptBehavior: dismiss and notify, webauthn:extension:credBlob: true, webauthn:extension:largeBlob: true, webauthn:extension:minPinLength: true, webauthn:extension:prf: true, webauthn:virtualAuthenticators: true}
Session ID: bc47b44d40dfca767838aaf58584b908
at java.base/jdk.internal.reflect.DirectConstructorHandleAccessor.newInstance(DirectConstructorHandleAccessor.java:62)
at java.base/java.lang.reflect.Constructor.newInstanceWithCaller(Constructor.java:502)
at java.base/java.lang.reflect.Constructor.newInstance(Constructor.java:486)
at org.openqa.selenium.remote.codec.w3c.W3CHttpResponseCodec.createException(W3CHttpResponseCodec.java:200)
at org.openqa.selenium.remote.codec.w3c.W3CHttpResponseCodec.decode(W3CHttpResponseCodec.java:133)
at org.openqa.selenium.remote.codec.w3c.W3CHttpResponseCodec.decode(W3CHttpResponseCodec.java:52)
at org.openqa.selenium.remote.HttpCommandExecutor.execute(HttpCommandExecutor.java:191)
at org.openqa.selenium.remote.service.DriverCommandExecutor.invokeExecute(DriverCommandExecutor.java:196)
at org.openqa.selenium.remote.service.DriverCommandExecutor.execute(DriverCommandExecutor.java:171)
at org.openqa.selenium.remote.RemoteWebDriver.execute(RemoteWebDriver.java:602)
at org.openqa.selenium.remote.RemoteWebDriver.get(RemoteWebDriver.java:304)
at GB_Webapp.Page.HomePage.homePageAllBikesExpandedCardFullDetails(HomePage.java:625)
at GB_Webapp.Page.HomePage.verifyIgnitorTechnoBike(HomePage.java:688)
at GB_Webapp.StepDefinition.HomePageTest.click_on_bike_name_and_verify_expanded_card_info(HomePageTest.java:169)
at ✽.Click on "Ignitor_Techno" bike name and verify expanded card info(file:///C:/Users/QA/OneDrive/Documents/Zoom/Intellij_trial/Hero_GB_WebApp_UI_Testing_BDD/./FeatureFilesBangladesh/01_LoginFeature.feature:76)
]]>
    </error>
  </testcase> <!-- runScenario -->
  <system-out/>
  <testcase classname="GB_Webapp.TestRunner.Bangladesh" name="runScenario" time="1.505"/>
  <system-out/>
  <testcase classname="GB_Webapp.TestRunner.Bangladesh" name="runScenario" time="30.524"/>
  <system-out/>
  <testcase classname="GB_Webapp.TestRunner.Bangladesh" name="runScenario" time="30.275"/>
  <system-out/>
  <testcase classname="GB_Webapp.TestRunner.Bangladesh" name="runScenario" time="28.977"/>
  <system-out/>
  <testcase classname="GB_Webapp.TestRunner.Bangladesh" name="runScenario" time="43.001">
    <failure message="Unable to click element : Hero Joyride icon  --  Proxy element for: DefaultElementLocator &#039;By.xpath: //a[contains(text(),&#039;Hero Joyride&#039;)]&#039;  --  org.openqa.selenium.NoSuchElementException: no such element: Unable to locate element: {&quot;method&quot;:&quot;xpath&quot;,&quot;selector&quot;:&quot;//a[contains(text(),&#039;Hero Joyride&#039;)]&quot;}
  (Session info: chrome=131.0.6778.70)
For documentation on this error, please visit: https://www.selenium.dev/documentation/webdriver/troubleshooting/errors#no-such-element-exception
Build info: version: &#039;4.13.0&#039;, revision: &#039;ba948ece5b*&#039;
System info: os.name: &#039;Windows 10&#039;, os.arch: &#039;amd64&#039;, os.version: &#039;10.0&#039;, java.version: &#039;22.0.1&#039;
Driver info: org.openqa.selenium.chrome.ChromeDriver
Command: [408295bd35d2d379e42ed3dd71e07eec, findElement {using=xpath, value=//a[contains(text(),&#039;Hero Joyride&#039;)]}]
Capabilities {acceptInsecureCerts: false, browserName: chrome, browserVersion: 131.0.6778.70, chrome: {chromedriverVersion: 131.0.6778.85 (3d81e41b6f3a..., userDataDir: C:\Users\QA\AppData\Local\T...}, fedcm:accounts: true, goog:chromeOptions: {debuggerAddress: localhost:60706}, networkConnectionEnabled: false, pageLoadStrategy: normal, platformName: windows, proxy: Proxy(), se:cdp: ws://localhost:60706/devtoo..., se:cdpVersion: 131.0.6778.70, setWindowRect: true, strictFileInteractability: false, timeouts: {implicit: 0, pageLoad: 300000, script: 30000}, unhandledPromptBehavior: dismiss and notify, webauthn:extension:credBlob: true, webauthn:extension:largeBlob: true, webauthn:extension:minPinLength: true, webauthn:extension:prf: true, webauthn:virtualAuthenticators: true}
Session ID: 408295bd35d2d379e42ed3dd71e07eec expected [true] but found [false]" type="java.lang.AssertionError">
      <![CDATA[java.lang.AssertionError: Unable to click element : Hero Joyride icon  --  Proxy element for: DefaultElementLocator 'By.xpath: //a[contains(text(),'Hero Joyride')]'  --  org.openqa.selenium.NoSuchElementException: no such element: Unable to locate element: {"method":"xpath","selector":"//a[contains(text(),'Hero Joyride')]"}
  (Session info: chrome=131.0.6778.70)
For documentation on this error, please visit: https://www.selenium.dev/documentation/webdriver/troubleshooting/errors#no-such-element-exception
Build info: version: '4.13.0', revision: 'ba948ece5b*'
System info: os.name: 'Windows 10', os.arch: 'amd64', os.version: '10.0', java.version: '22.0.1'
Driver info: org.openqa.selenium.chrome.ChromeDriver
Command: [408295bd35d2d379e42ed3dd71e07eec, findElement {using=xpath, value=//a[contains(text(),'Hero Joyride')]}]
Capabilities {acceptInsecureCerts: false, browserName: chrome, browserVersion: 131.0.6778.70, chrome: {chromedriverVersion: 131.0.6778.85 (3d81e41b6f3a..., userDataDir: C:\Users\QA\AppData\Local\T...}, fedcm:accounts: true, goog:chromeOptions: {debuggerAddress: localhost:60706}, networkConnectionEnabled: false, pageLoadStrategy: normal, platformName: windows, proxy: Proxy(), se:cdp: ws://localhost:60706/devtoo..., se:cdpVersion: 131.0.6778.70, setWindowRect: true, strictFileInteractability: false, timeouts: {implicit: 0, pageLoad: 300000, script: 30000}, unhandledPromptBehavior: dismiss and notify, webauthn:extension:credBlob: true, webauthn:extension:largeBlob: true, webauthn:extension:minPinLength: true, webauthn:extension:prf: true, webauthn:virtualAuthenticators: true}
Session ID: 408295bd35d2d379e42ed3dd71e07eec expected [true] but found [false]
at org.testng.Assert.fail(Assert.java:110)
at org.testng.Assert.failNotEquals(Assert.java:1577)
at org.testng.Assert.assertTrue(Assert.java:56)
at GB_Webapp.Utility.Library.click(Library.java:38)
at GB_Webapp.StepDefinition.HeroWorldTest.click_on_hero_joyride_icon(HeroWorldTest.java:34)
at ✽.Click on Hero Joyride icon(file:///C:/Users/QA/OneDrive/Documents/Zoom/Intellij_trial/Hero_GB_WebApp_UI_Testing_BDD/./FeatureFilesBangladesh/04_HeroWorld.feature:13)
]]>
    </failure>
  </testcase> <!-- runScenario -->
  <system-out/>
  <testcase classname="GB_Webapp.TestRunner.Bangladesh" name="runScenario" time="4.191"/>
  <system-out/>
  <testcase classname="GB_Webapp.TestRunner.Bangladesh" name="runScenario" time="2.248"/>
  <system-out/>
</testsuite> <!-- GB_Webapp.TestRunner.Bangladesh -->
