<?xml version="1.0" encoding="UTF-8"?>
<!-- Generated by org.testng.reporters.JUnitReportReporter -->
<testsuite hostname="DESKTOP-LMKUKFJ" failures="0" tests="1" name="GB_Webapp.TestRunner.Zambia" time="6.506" errors="0" timestamp="2024-11-12T17:50:36 IST" skipped="0">
  <testcase classname="GB_Webapp.TestRunner.Zambia" name="runScenario" time="6.506"/>
  <system-out/>
</testsuite> <!-- GB_Webapp.TestRunner.Zambia -->
