<?xml version="1.0" encoding="UTF-8"?>
<!-- Generated by org.testng.reporters.JUnitReportReporter -->
<testsuite hostname="DESKTOP-LMKUKFJ" failures="11" tests="28" name="GB_Webapp.TestRunner.Bangladesh" time="292.705" errors="0" timestamp="2024-11-06T00:03:32 IST" skipped="0">
  <testcase classname="GB_Webapp.TestRunner.Bangladesh" name="runScenario" time="2.916">
    <failure message="Unable to click element : Product icon  --  [[ChromeDriver: chrome on windows (50c3191233544f80e0eb5b2995301fd5)] -&gt; xpath: //a[normalize-space()=&#039;PRODUCTS&#039;]]  --  org.openqa.selenium.ElementClickInterceptedException: element click intercepted: Element &lt;a class=&quot;nav-link showMegaMenuContainer ps-lg-0&quot; href=&quot;javascript:void(0)&quot; aa-data-attr=&quot;track_cta&quot; aria-haspopup=&quot;true&quot; aria-expanded=&quot;false&quot; value=&quot;productsMegaMenu&quot;&gt;...&lt;/a&gt; is not clickable at point (553, 28). Other element would receive the click: &lt;div class=&quot;modal-popup modal-large book-bike-ride request-callback&quot; id=&quot;requestCallBackModel&quot;&gt;...&lt;/div&gt;
  (Session info: chrome=130.0.6723.92)
Build info: version: &#039;4.13.0&#039;, revision: &#039;ba948ece5b*&#039;
System info: os.name: &#039;Windows 10&#039;, os.arch: &#039;amd64&#039;, os.version: &#039;10.0&#039;, java.version: &#039;17.0.6&#039;
Driver info: org.openqa.selenium.chrome.ChromeDriver
Command: [50c3191233544f80e0eb5b2995301fd5, clickElement {id=f.AED4D936C5B076E762611393775614BA.d.36E7A476768476E5EFB505D1A2B91034.e.786}]
Capabilities {acceptInsecureCerts: false, browserName: chrome, browserVersion: 130.0.6723.92, chrome: {chromedriverVersion: 130.0.6723.91 (53ac07678369..., userDataDir: C:\Users\QA\AppData\Local\T...}, fedcm:accounts: true, goog:chromeOptions: {debuggerAddress: localhost:62644}, networkConnectionEnabled: false, pageLoadStrategy: normal, platformName: windows, proxy: Proxy(), se:cdp: ws://localhost:62644/devtoo..., se:cdpVersion: 130.0.6723.92, setWindowRect: true, strictFileInteractability: false, timeouts: {implicit: 0, pageLoad: 300000, script: 30000}, unhandledPromptBehavior: dismiss and notify, webauthn:extension:credBlob: true, webauthn:extension:largeBlob: true, webauthn:extension:minPinLength: true, webauthn:extension:prf: true, webauthn:virtualAuthenticators: true}
Element: [[ChromeDriver: chrome on windows (50c3191233544f80e0eb5b2995301fd5)] -&gt; xpath: //a[normalize-space()=&#039;PRODUCTS&#039;]]
Session ID: 50c3191233544f80e0eb5b2995301fd5 expected [true] but found [false]" type="java.lang.AssertionError">
      <![CDATA[java.lang.AssertionError: Unable to click element : Product icon  --  [[ChromeDriver: chrome on windows (50c3191233544f80e0eb5b2995301fd5)] -> xpath: //a[normalize-space()='PRODUCTS']]  --  org.openqa.selenium.ElementClickInterceptedException: element click intercepted: Element <a class="nav-link showMegaMenuContainer ps-lg-0" href="javascript:void(0)" aa-data-attr="track_cta" aria-haspopup="true" aria-expanded="false" value="productsMegaMenu">...</a> is not clickable at point (553, 28). Other element would receive the click: <div class="modal-popup modal-large book-bike-ride request-callback" id="requestCallBackModel">...</div>
  (Session info: chrome=130.0.6723.92)
Build info: version: '4.13.0', revision: 'ba948ece5b*'
System info: os.name: 'Windows 10', os.arch: 'amd64', os.version: '10.0', java.version: '17.0.6'
Driver info: org.openqa.selenium.chrome.ChromeDriver
Command: [50c3191233544f80e0eb5b2995301fd5, clickElement {id=f.AED4D936C5B076E762611393775614BA.d.36E7A476768476E5EFB505D1A2B91034.e.786}]
Capabilities {acceptInsecureCerts: false, browserName: chrome, browserVersion: 130.0.6723.92, chrome: {chromedriverVersion: 130.0.6723.91 (53ac07678369..., userDataDir: C:\Users\QA\AppData\Local\T...}, fedcm:accounts: true, goog:chromeOptions: {debuggerAddress: localhost:62644}, networkConnectionEnabled: false, pageLoadStrategy: normal, platformName: windows, proxy: Proxy(), se:cdp: ws://localhost:62644/devtoo..., se:cdpVersion: 130.0.6723.92, setWindowRect: true, strictFileInteractability: false, timeouts: {implicit: 0, pageLoad: 300000, script: 30000}, unhandledPromptBehavior: dismiss and notify, webauthn:extension:credBlob: true, webauthn:extension:largeBlob: true, webauthn:extension:minPinLength: true, webauthn:extension:prf: true, webauthn:virtualAuthenticators: true}
Element: [[ChromeDriver: chrome on windows (50c3191233544f80e0eb5b2995301fd5)] -> xpath: //a[normalize-space()='PRODUCTS']]
Session ID: 50c3191233544f80e0eb5b2995301fd5 expected [true] but found [false]
at org.testng.Assert.fail(Assert.java:110)
at org.testng.Assert.failNotEquals(Assert.java:1577)
at org.testng.Assert.assertTrue(Assert.java:56)
at GB_Webapp.Utility.Library.click(Library.java:40)
at GB_Webapp.StepDefinition.LoginPageTest.click_on(LoginPageTest.java:188)
at ✽.Click on "Product"(file:///C:/Users/QA/OneDrive/Documents/Azure/Hero_GB_WebApp_UI_Testing_BDD/./FeatureFilesBangladesh/02_BikeFeature.feature:5)
]]>
    </failure>
  </testcase> <!-- runScenario -->
  <system-out/>
  <testcase classname="GB_Webapp.TestRunner.Bangladesh" name="runScenario" time="2.871">
    <failure message="Unable to click element : Product icon  --  [[ChromeDriver: chrome on windows (50c3191233544f80e0eb5b2995301fd5)] -&gt; xpath: //a[normalize-space()=&#039;PRODUCTS&#039;]]  --  org.openqa.selenium.ElementClickInterceptedException: element click intercepted: Element &lt;a class=&quot;nav-link showMegaMenuContainer ps-lg-0&quot; href=&quot;javascript:void(0)&quot; aa-data-attr=&quot;track_cta&quot; aria-haspopup=&quot;true&quot; aria-expanded=&quot;false&quot; value=&quot;productsMegaMenu&quot;&gt;...&lt;/a&gt; is not clickable at point (553, 26). Other element would receive the click: &lt;div class=&quot;modal-popup modal-large book-bike-ride request-callback&quot; id=&quot;requestCallBackModel&quot;&gt;...&lt;/div&gt;
  (Session info: chrome=130.0.6723.92)
Build info: version: &#039;4.13.0&#039;, revision: &#039;ba948ece5b*&#039;
System info: os.name: &#039;Windows 10&#039;, os.arch: &#039;amd64&#039;, os.version: &#039;10.0&#039;, java.version: &#039;17.0.6&#039;
Driver info: org.openqa.selenium.chrome.ChromeDriver
Command: [50c3191233544f80e0eb5b2995301fd5, clickElement {id=f.BCE0CBE40EE89E78F58D568F57779763.d.9D1224D1E5F0F67F4D615817F59B32AE.e.1857}]
Capabilities {acceptInsecureCerts: false, browserName: chrome, browserVersion: 130.0.6723.92, chrome: {chromedriverVersion: 130.0.6723.91 (53ac07678369..., userDataDir: C:\Users\QA\AppData\Local\T...}, fedcm:accounts: true, goog:chromeOptions: {debuggerAddress: localhost:62644}, networkConnectionEnabled: false, pageLoadStrategy: normal, platformName: windows, proxy: Proxy(), se:cdp: ws://localhost:62644/devtoo..., se:cdpVersion: 130.0.6723.92, setWindowRect: true, strictFileInteractability: false, timeouts: {implicit: 0, pageLoad: 300000, script: 30000}, unhandledPromptBehavior: dismiss and notify, webauthn:extension:credBlob: true, webauthn:extension:largeBlob: true, webauthn:extension:minPinLength: true, webauthn:extension:prf: true, webauthn:virtualAuthenticators: true}
Element: [[ChromeDriver: chrome on windows (50c3191233544f80e0eb5b2995301fd5)] -&gt; xpath: //a[normalize-space()=&#039;PRODUCTS&#039;]]
Session ID: 50c3191233544f80e0eb5b2995301fd5 expected [true] but found [false]" type="java.lang.AssertionError">
      <![CDATA[java.lang.AssertionError: Unable to click element : Product icon  --  [[ChromeDriver: chrome on windows (50c3191233544f80e0eb5b2995301fd5)] -> xpath: //a[normalize-space()='PRODUCTS']]  --  org.openqa.selenium.ElementClickInterceptedException: element click intercepted: Element <a class="nav-link showMegaMenuContainer ps-lg-0" href="javascript:void(0)" aa-data-attr="track_cta" aria-haspopup="true" aria-expanded="false" value="productsMegaMenu">...</a> is not clickable at point (553, 26). Other element would receive the click: <div class="modal-popup modal-large book-bike-ride request-callback" id="requestCallBackModel">...</div>
  (Session info: chrome=130.0.6723.92)
Build info: version: '4.13.0', revision: 'ba948ece5b*'
System info: os.name: 'Windows 10', os.arch: 'amd64', os.version: '10.0', java.version: '17.0.6'
Driver info: org.openqa.selenium.chrome.ChromeDriver
Command: [50c3191233544f80e0eb5b2995301fd5, clickElement {id=f.BCE0CBE40EE89E78F58D568F57779763.d.9D1224D1E5F0F67F4D615817F59B32AE.e.1857}]
Capabilities {acceptInsecureCerts: false, browserName: chrome, browserVersion: 130.0.6723.92, chrome: {chromedriverVersion: 130.0.6723.91 (53ac07678369..., userDataDir: C:\Users\QA\AppData\Local\T...}, fedcm:accounts: true, goog:chromeOptions: {debuggerAddress: localhost:62644}, networkConnectionEnabled: false, pageLoadStrategy: normal, platformName: windows, proxy: Proxy(), se:cdp: ws://localhost:62644/devtoo..., se:cdpVersion: 130.0.6723.92, setWindowRect: true, strictFileInteractability: false, timeouts: {implicit: 0, pageLoad: 300000, script: 30000}, unhandledPromptBehavior: dismiss and notify, webauthn:extension:credBlob: true, webauthn:extension:largeBlob: true, webauthn:extension:minPinLength: true, webauthn:extension:prf: true, webauthn:virtualAuthenticators: true}
Element: [[ChromeDriver: chrome on windows (50c3191233544f80e0eb5b2995301fd5)] -> xpath: //a[normalize-space()='PRODUCTS']]
Session ID: 50c3191233544f80e0eb5b2995301fd5 expected [true] but found [false]
at org.testng.Assert.fail(Assert.java:110)
at org.testng.Assert.failNotEquals(Assert.java:1577)
at org.testng.Assert.assertTrue(Assert.java:56)
at GB_Webapp.Utility.Library.click(Library.java:40)
at GB_Webapp.StepDefinition.LoginPageTest.click_on(LoginPageTest.java:188)
at ✽.Click on "Product"(file:///C:/Users/QA/OneDrive/Documents/Azure/Hero_GB_WebApp_UI_Testing_BDD/./FeatureFilesBangladesh/02_BikeFeature.feature:5)
]]>
    </failure>
  </testcase> <!-- runScenario -->
  <system-out/>
  <testcase classname="GB_Webapp.TestRunner.Bangladesh" name="runScenario" time="19.816"/>
  <system-out/>
  <testcase classname="GB_Webapp.TestRunner.Bangladesh" name="runScenario" time="2.415">
    <failure message="Unable to click element : New Launch icon  --  [[ChromeDriver: chrome on windows (50c3191233544f80e0eb5b2995301fd5)] -&gt; xpath: (//span[normalize-space()=&#039;NEW LAUNCH&#039;])[1]]  --  org.openqa.selenium.ElementClickInterceptedException: element click intercepted: Element &lt;span data-shimmer-effect=&quot;true&quot;&gt;...&lt;/span&gt; is not clickable at point (428, 107). Other element would receive the click: &lt;div class=&quot;modal-popup modal-large book-bike-ride request-callback&quot; id=&quot;requestCallBackModel&quot;&gt;...&lt;/div&gt;
  (Session info: chrome=130.0.6723.92)
Build info: version: &#039;4.13.0&#039;, revision: &#039;ba948ece5b*&#039;
System info: os.name: &#039;Windows 10&#039;, os.arch: &#039;amd64&#039;, os.version: &#039;10.0&#039;, java.version: &#039;17.0.6&#039;
Driver info: org.openqa.selenium.chrome.ChromeDriver
Command: [50c3191233544f80e0eb5b2995301fd5, clickElement {id=f.F0820FAC319528599EB11F4B5FD7207B.d.5D270B7523BCF3BC4068F1BC38F4E9A9.e.379}]
Capabilities {acceptInsecureCerts: false, browserName: chrome, browserVersion: 130.0.6723.92, chrome: {chromedriverVersion: 130.0.6723.91 (53ac07678369..., userDataDir: C:\Users\QA\AppData\Local\T...}, fedcm:accounts: true, goog:chromeOptions: {debuggerAddress: localhost:62644}, networkConnectionEnabled: false, pageLoadStrategy: normal, platformName: windows, proxy: Proxy(), se:cdp: ws://localhost:62644/devtoo..., se:cdpVersion: 130.0.6723.92, setWindowRect: true, strictFileInteractability: false, timeouts: {implicit: 0, pageLoad: 300000, script: 30000}, unhandledPromptBehavior: dismiss and notify, webauthn:extension:credBlob: true, webauthn:extension:largeBlob: true, webauthn:extension:minPinLength: true, webauthn:extension:prf: true, webauthn:virtualAuthenticators: true}
Element: [[ChromeDriver: chrome on windows (50c3191233544f80e0eb5b2995301fd5)] -&gt; xpath: (//span[normalize-space()=&#039;NEW LAUNCH&#039;])[1]]
Session ID: 50c3191233544f80e0eb5b2995301fd5 expected [true] but found [false]" type="java.lang.AssertionError">
      <![CDATA[java.lang.AssertionError: Unable to click element : New Launch icon  --  [[ChromeDriver: chrome on windows (50c3191233544f80e0eb5b2995301fd5)] -> xpath: (//span[normalize-space()='NEW LAUNCH'])[1]]  --  org.openqa.selenium.ElementClickInterceptedException: element click intercepted: Element <span data-shimmer-effect="true">...</span> is not clickable at point (428, 107). Other element would receive the click: <div class="modal-popup modal-large book-bike-ride request-callback" id="requestCallBackModel">...</div>
  (Session info: chrome=130.0.6723.92)
Build info: version: '4.13.0', revision: 'ba948ece5b*'
System info: os.name: 'Windows 10', os.arch: 'amd64', os.version: '10.0', java.version: '17.0.6'
Driver info: org.openqa.selenium.chrome.ChromeDriver
Command: [50c3191233544f80e0eb5b2995301fd5, clickElement {id=f.F0820FAC319528599EB11F4B5FD7207B.d.5D270B7523BCF3BC4068F1BC38F4E9A9.e.379}]
Capabilities {acceptInsecureCerts: false, browserName: chrome, browserVersion: 130.0.6723.92, chrome: {chromedriverVersion: 130.0.6723.91 (53ac07678369..., userDataDir: C:\Users\QA\AppData\Local\T...}, fedcm:accounts: true, goog:chromeOptions: {debuggerAddress: localhost:62644}, networkConnectionEnabled: false, pageLoadStrategy: normal, platformName: windows, proxy: Proxy(), se:cdp: ws://localhost:62644/devtoo..., se:cdpVersion: 130.0.6723.92, setWindowRect: true, strictFileInteractability: false, timeouts: {implicit: 0, pageLoad: 300000, script: 30000}, unhandledPromptBehavior: dismiss and notify, webauthn:extension:credBlob: true, webauthn:extension:largeBlob: true, webauthn:extension:minPinLength: true, webauthn:extension:prf: true, webauthn:virtualAuthenticators: true}
Element: [[ChromeDriver: chrome on windows (50c3191233544f80e0eb5b2995301fd5)] -> xpath: (//span[normalize-space()='NEW LAUNCH'])[1]]
Session ID: 50c3191233544f80e0eb5b2995301fd5 expected [true] but found [false]
at org.testng.Assert.fail(Assert.java:110)
at org.testng.Assert.failNotEquals(Assert.java:1577)
at org.testng.Assert.assertTrue(Assert.java:56)
at GB_Webapp.Utility.Library.click(Library.java:40)
at GB_Webapp.StepDefinition.LoginPageTest.click_on(LoginPageTest.java:205)
at ✽.Click on "New_launch_icons"(file:///C:/Users/QA/OneDrive/Documents/Azure/Hero_GB_WebApp_UI_Testing_BDD/./FeatureFilesBangladesh/01_LoginFeature.feature:65)
]]>
    </failure>
  </testcase> <!-- runScenario -->
  <system-out/>
  <testcase classname="GB_Webapp.TestRunner.Bangladesh" name="runScenario" time="2.073">
    <failure message="Unable to click element : Product icon  --  [[ChromeDriver: chrome on windows (50c3191233544f80e0eb5b2995301fd5)] -&gt; xpath: //a[normalize-space()=&#039;PRODUCTS&#039;]]  --  org.openqa.selenium.ElementClickInterceptedException: element click intercepted: Element &lt;a class=&quot;nav-link showMegaMenuContainer ps-lg-0 active&quot; href=&quot;javascript:void(0)&quot; aa-data-attr=&quot;track_cta&quot; aria-haspopup=&quot;true&quot; aria-expanded=&quot;false&quot; value=&quot;productsMegaMenu&quot;&gt;...&lt;/a&gt; is not clickable at point (555, 30). Other element would receive the click: &lt;div class=&quot;modal-popup modal-large book-bike-ride request-callback&quot; id=&quot;requestCallBackModel&quot;&gt;...&lt;/div&gt;
  (Session info: chrome=130.0.6723.92)
Build info: version: &#039;4.13.0&#039;, revision: &#039;ba948ece5b*&#039;
System info: os.name: &#039;Windows 10&#039;, os.arch: &#039;amd64&#039;, os.version: &#039;10.0&#039;, java.version: &#039;17.0.6&#039;
Driver info: org.openqa.selenium.chrome.ChromeDriver
Command: [50c3191233544f80e0eb5b2995301fd5, clickElement {id=f.F0820FAC319528599EB11F4B5FD7207B.d.5D270B7523BCF3BC4068F1BC38F4E9A9.e.347}]
Capabilities {acceptInsecureCerts: false, browserName: chrome, browserVersion: 130.0.6723.92, chrome: {chromedriverVersion: 130.0.6723.91 (53ac07678369..., userDataDir: C:\Users\QA\AppData\Local\T...}, fedcm:accounts: true, goog:chromeOptions: {debuggerAddress: localhost:62644}, networkConnectionEnabled: false, pageLoadStrategy: normal, platformName: windows, proxy: Proxy(), se:cdp: ws://localhost:62644/devtoo..., se:cdpVersion: 130.0.6723.92, setWindowRect: true, strictFileInteractability: false, timeouts: {implicit: 0, pageLoad: 300000, script: 30000}, unhandledPromptBehavior: dismiss and notify, webauthn:extension:credBlob: true, webauthn:extension:largeBlob: true, webauthn:extension:minPinLength: true, webauthn:extension:prf: true, webauthn:virtualAuthenticators: true}
Element: [[ChromeDriver: chrome on windows (50c3191233544f80e0eb5b2995301fd5)] -&gt; xpath: //a[normalize-space()=&#039;PRODUCTS&#039;]]
Session ID: 50c3191233544f80e0eb5b2995301fd5 expected [true] but found [false]" type="java.lang.AssertionError">
      <![CDATA[java.lang.AssertionError: Unable to click element : Product icon  --  [[ChromeDriver: chrome on windows (50c3191233544f80e0eb5b2995301fd5)] -> xpath: //a[normalize-space()='PRODUCTS']]  --  org.openqa.selenium.ElementClickInterceptedException: element click intercepted: Element <a class="nav-link showMegaMenuContainer ps-lg-0 active" href="javascript:void(0)" aa-data-attr="track_cta" aria-haspopup="true" aria-expanded="false" value="productsMegaMenu">...</a> is not clickable at point (555, 30). Other element would receive the click: <div class="modal-popup modal-large book-bike-ride request-callback" id="requestCallBackModel">...</div>
  (Session info: chrome=130.0.6723.92)
Build info: version: '4.13.0', revision: 'ba948ece5b*'
System info: os.name: 'Windows 10', os.arch: 'amd64', os.version: '10.0', java.version: '17.0.6'
Driver info: org.openqa.selenium.chrome.ChromeDriver
Command: [50c3191233544f80e0eb5b2995301fd5, clickElement {id=f.F0820FAC319528599EB11F4B5FD7207B.d.5D270B7523BCF3BC4068F1BC38F4E9A9.e.347}]
Capabilities {acceptInsecureCerts: false, browserName: chrome, browserVersion: 130.0.6723.92, chrome: {chromedriverVersion: 130.0.6723.91 (53ac07678369..., userDataDir: C:\Users\QA\AppData\Local\T...}, fedcm:accounts: true, goog:chromeOptions: {debuggerAddress: localhost:62644}, networkConnectionEnabled: false, pageLoadStrategy: normal, platformName: windows, proxy: Proxy(), se:cdp: ws://localhost:62644/devtoo..., se:cdpVersion: 130.0.6723.92, setWindowRect: true, strictFileInteractability: false, timeouts: {implicit: 0, pageLoad: 300000, script: 30000}, unhandledPromptBehavior: dismiss and notify, webauthn:extension:credBlob: true, webauthn:extension:largeBlob: true, webauthn:extension:minPinLength: true, webauthn:extension:prf: true, webauthn:virtualAuthenticators: true}
Element: [[ChromeDriver: chrome on windows (50c3191233544f80e0eb5b2995301fd5)] -> xpath: //a[normalize-space()='PRODUCTS']]
Session ID: 50c3191233544f80e0eb5b2995301fd5 expected [true] but found [false]
at org.testng.Assert.fail(Assert.java:110)
at org.testng.Assert.failNotEquals(Assert.java:1577)
at org.testng.Assert.assertTrue(Assert.java:56)
at GB_Webapp.Utility.Library.click(Library.java:40)
at GB_Webapp.StepDefinition.LoginPageTest.click_on(LoginPageTest.java:188)
at ✽.Click on "Product"(file:///C:/Users/QA/OneDrive/Documents/Azure/Hero_GB_WebApp_UI_Testing_BDD/./FeatureFilesBangladesh/01_LoginFeature.feature:72)
]]>
    </failure>
  </testcase> <!-- runScenario -->
  <system-out/>
  <testcase classname="GB_Webapp.TestRunner.Bangladesh" name="runScenario" time="32.990"/>
  <system-out/>
  <testcase classname="GB_Webapp.TestRunner.Bangladesh" name="runScenario" time="19.451"/>
  <system-out/>
  <testcase classname="GB_Webapp.TestRunner.Bangladesh" name="runScenario" time="4.008"/>
  <system-out/>
  <testcase classname="GB_Webapp.TestRunner.Bangladesh" name="runScenario" time="15.632"/>
  <system-out/>
  <testcase classname="GB_Webapp.TestRunner.Bangladesh" name="runScenario" time="16.332"/>
  <system-out/>
  <testcase classname="GB_Webapp.TestRunner.Bangladesh" name="runScenario" time="2.994">
    <failure message="Unable to click element : Product icon  --  [[ChromeDriver: chrome on windows (50c3191233544f80e0eb5b2995301fd5)] -&gt; xpath: //a[normalize-space()=&#039;PRODUCTS&#039;]]  --  org.openqa.selenium.ElementClickInterceptedException: element click intercepted: Element &lt;a class=&quot;nav-link showMegaMenuContainer ps-lg-0&quot; href=&quot;javascript:void(0)&quot; aa-data-attr=&quot;track_cta&quot; aria-haspopup=&quot;true&quot; aria-expanded=&quot;false&quot; value=&quot;productsMegaMenu&quot;&gt;...&lt;/a&gt; is not clickable at point (553, 30). Other element would receive the click: &lt;div class=&quot;modal-popup modal-large book-bike-ride request-callback&quot; id=&quot;requestCallBackModel&quot;&gt;...&lt;/div&gt;
  (Session info: chrome=130.0.6723.92)
Build info: version: &#039;4.13.0&#039;, revision: &#039;ba948ece5b*&#039;
System info: os.name: &#039;Windows 10&#039;, os.arch: &#039;amd64&#039;, os.version: &#039;10.0&#039;, java.version: &#039;17.0.6&#039;
Driver info: org.openqa.selenium.chrome.ChromeDriver
Command: [50c3191233544f80e0eb5b2995301fd5, clickElement {id=f.7348078180EAA667DA0C5B8FBF87F4AA.d.72A88E4B6A00E62AD49EB07E5FE00B07.e.1617}]
Capabilities {acceptInsecureCerts: false, browserName: chrome, browserVersion: 130.0.6723.92, chrome: {chromedriverVersion: 130.0.6723.91 (53ac07678369..., userDataDir: C:\Users\QA\AppData\Local\T...}, fedcm:accounts: true, goog:chromeOptions: {debuggerAddress: localhost:62644}, networkConnectionEnabled: false, pageLoadStrategy: normal, platformName: windows, proxy: Proxy(), se:cdp: ws://localhost:62644/devtoo..., se:cdpVersion: 130.0.6723.92, setWindowRect: true, strictFileInteractability: false, timeouts: {implicit: 0, pageLoad: 300000, script: 30000}, unhandledPromptBehavior: dismiss and notify, webauthn:extension:credBlob: true, webauthn:extension:largeBlob: true, webauthn:extension:minPinLength: true, webauthn:extension:prf: true, webauthn:virtualAuthenticators: true}
Element: [[ChromeDriver: chrome on windows (50c3191233544f80e0eb5b2995301fd5)] -&gt; xpath: //a[normalize-space()=&#039;PRODUCTS&#039;]]
Session ID: 50c3191233544f80e0eb5b2995301fd5 expected [true] but found [false]" type="java.lang.AssertionError">
      <![CDATA[java.lang.AssertionError: Unable to click element : Product icon  --  [[ChromeDriver: chrome on windows (50c3191233544f80e0eb5b2995301fd5)] -> xpath: //a[normalize-space()='PRODUCTS']]  --  org.openqa.selenium.ElementClickInterceptedException: element click intercepted: Element <a class="nav-link showMegaMenuContainer ps-lg-0" href="javascript:void(0)" aa-data-attr="track_cta" aria-haspopup="true" aria-expanded="false" value="productsMegaMenu">...</a> is not clickable at point (553, 30). Other element would receive the click: <div class="modal-popup modal-large book-bike-ride request-callback" id="requestCallBackModel">...</div>
  (Session info: chrome=130.0.6723.92)
Build info: version: '4.13.0', revision: 'ba948ece5b*'
System info: os.name: 'Windows 10', os.arch: 'amd64', os.version: '10.0', java.version: '17.0.6'
Driver info: org.openqa.selenium.chrome.ChromeDriver
Command: [50c3191233544f80e0eb5b2995301fd5, clickElement {id=f.7348078180EAA667DA0C5B8FBF87F4AA.d.72A88E4B6A00E62AD49EB07E5FE00B07.e.1617}]
Capabilities {acceptInsecureCerts: false, browserName: chrome, browserVersion: 130.0.6723.92, chrome: {chromedriverVersion: 130.0.6723.91 (53ac07678369..., userDataDir: C:\Users\QA\AppData\Local\T...}, fedcm:accounts: true, goog:chromeOptions: {debuggerAddress: localhost:62644}, networkConnectionEnabled: false, pageLoadStrategy: normal, platformName: windows, proxy: Proxy(), se:cdp: ws://localhost:62644/devtoo..., se:cdpVersion: 130.0.6723.92, setWindowRect: true, strictFileInteractability: false, timeouts: {implicit: 0, pageLoad: 300000, script: 30000}, unhandledPromptBehavior: dismiss and notify, webauthn:extension:credBlob: true, webauthn:extension:largeBlob: true, webauthn:extension:minPinLength: true, webauthn:extension:prf: true, webauthn:virtualAuthenticators: true}
Element: [[ChromeDriver: chrome on windows (50c3191233544f80e0eb5b2995301fd5)] -> xpath: //a[normalize-space()='PRODUCTS']]
Session ID: 50c3191233544f80e0eb5b2995301fd5 expected [true] but found [false]
at org.testng.Assert.fail(Assert.java:110)
at org.testng.Assert.failNotEquals(Assert.java:1577)
at org.testng.Assert.assertTrue(Assert.java:56)
at GB_Webapp.Utility.Library.click(Library.java:40)
at GB_Webapp.StepDefinition.LoginPageTest.click_on(LoginPageTest.java:188)
at ✽.Click on "Product"(file:///C:/Users/QA/OneDrive/Documents/Azure/Hero_GB_WebApp_UI_Testing_BDD/./FeatureFilesBangladesh/02_BikeFeature.feature:5)
]]>
    </failure>
  </testcase> <!-- runScenario -->
  <system-out/>
  <testcase classname="GB_Webapp.TestRunner.Bangladesh" name="runScenario" time="20.419"/>
  <system-out/>
  <testcase classname="GB_Webapp.TestRunner.Bangladesh" name="runScenario" time="16.402"/>
  <system-out/>
  <testcase classname="GB_Webapp.TestRunner.Bangladesh" name="runScenario" time="19.549">
    <failure message="Unable to click element : About hero icon  --  [[ChromeDriver: chrome on windows (50c3191233544f80e0eb5b2995301fd5)] -&gt; xpath: //a[normalize-space()=&#039;ABOUT HERO&#039;]]  --  org.openqa.selenium.ElementClickInterceptedException: element click intercepted: Element &lt;a class=&quot;nav-link showMegaMenuContainer active&quot; href=&quot;javascript:void(0)&quot; aa-data-attr=&quot;track_cta&quot; aria-haspopup=&quot;true&quot; aria-expanded=&quot;false&quot; value=&quot;aboutMegaMenu&quot;&gt;...&lt;/a&gt; is not clickable at point (1007, 30). Other element would receive the click: &lt;div class=&quot;modal-popup modal-large book-bike-ride request-callback&quot; id=&quot;requestCallBackModel&quot;&gt;...&lt;/div&gt;
  (Session info: chrome=130.0.6723.92)
Build info: version: &#039;4.13.0&#039;, revision: &#039;ba948ece5b*&#039;
System info: os.name: &#039;Windows 10&#039;, os.arch: &#039;amd64&#039;, os.version: &#039;10.0&#039;, java.version: &#039;17.0.6&#039;
Driver info: org.openqa.selenium.chrome.ChromeDriver
Command: [50c3191233544f80e0eb5b2995301fd5, clickElement {id=f.FC36F8A4E3E76BD45919269C1B7DA50E.d.7DE1D6589D10C7332BA43DA27FFD4987.e.3301}]
Capabilities {acceptInsecureCerts: false, browserName: chrome, browserVersion: 130.0.6723.92, chrome: {chromedriverVersion: 130.0.6723.91 (53ac07678369..., userDataDir: C:\Users\QA\AppData\Local\T...}, fedcm:accounts: true, goog:chromeOptions: {debuggerAddress: localhost:62644}, networkConnectionEnabled: false, pageLoadStrategy: normal, platformName: windows, proxy: Proxy(), se:cdp: ws://localhost:62644/devtoo..., se:cdpVersion: 130.0.6723.92, setWindowRect: true, strictFileInteractability: false, timeouts: {implicit: 0, pageLoad: 300000, script: 30000}, unhandledPromptBehavior: dismiss and notify, webauthn:extension:credBlob: true, webauthn:extension:largeBlob: true, webauthn:extension:minPinLength: true, webauthn:extension:prf: true, webauthn:virtualAuthenticators: true}
Element: [[ChromeDriver: chrome on windows (50c3191233544f80e0eb5b2995301fd5)] -&gt; xpath: //a[normalize-space()=&#039;ABOUT HERO&#039;]]
Session ID: 50c3191233544f80e0eb5b2995301fd5 expected [true] but found [false]" type="java.lang.AssertionError">
      <![CDATA[java.lang.AssertionError: Unable to click element : About hero icon  --  [[ChromeDriver: chrome on windows (50c3191233544f80e0eb5b2995301fd5)] -> xpath: //a[normalize-space()='ABOUT HERO']]  --  org.openqa.selenium.ElementClickInterceptedException: element click intercepted: Element <a class="nav-link showMegaMenuContainer active" href="javascript:void(0)" aa-data-attr="track_cta" aria-haspopup="true" aria-expanded="false" value="aboutMegaMenu">...</a> is not clickable at point (1007, 30). Other element would receive the click: <div class="modal-popup modal-large book-bike-ride request-callback" id="requestCallBackModel">...</div>
  (Session info: chrome=130.0.6723.92)
Build info: version: '4.13.0', revision: 'ba948ece5b*'
System info: os.name: 'Windows 10', os.arch: 'amd64', os.version: '10.0', java.version: '17.0.6'
Driver info: org.openqa.selenium.chrome.ChromeDriver
Command: [50c3191233544f80e0eb5b2995301fd5, clickElement {id=f.FC36F8A4E3E76BD45919269C1B7DA50E.d.7DE1D6589D10C7332BA43DA27FFD4987.e.3301}]
Capabilities {acceptInsecureCerts: false, browserName: chrome, browserVersion: 130.0.6723.92, chrome: {chromedriverVersion: 130.0.6723.91 (53ac07678369..., userDataDir: C:\Users\QA\AppData\Local\T...}, fedcm:accounts: true, goog:chromeOptions: {debuggerAddress: localhost:62644}, networkConnectionEnabled: false, pageLoadStrategy: normal, platformName: windows, proxy: Proxy(), se:cdp: ws://localhost:62644/devtoo..., se:cdpVersion: 130.0.6723.92, setWindowRect: true, strictFileInteractability: false, timeouts: {implicit: 0, pageLoad: 300000, script: 30000}, unhandledPromptBehavior: dismiss and notify, webauthn:extension:credBlob: true, webauthn:extension:largeBlob: true, webauthn:extension:minPinLength: true, webauthn:extension:prf: true, webauthn:virtualAuthenticators: true}
Element: [[ChromeDriver: chrome on windows (50c3191233544f80e0eb5b2995301fd5)] -> xpath: //a[normalize-space()='ABOUT HERO']]
Session ID: 50c3191233544f80e0eb5b2995301fd5 expected [true] but found [false]
at org.testng.Assert.fail(Assert.java:110)
at org.testng.Assert.failNotEquals(Assert.java:1577)
at org.testng.Assert.assertTrue(Assert.java:56)
at GB_Webapp.Utility.Library.click(Library.java:40)
at GB_Webapp.StepDefinition.AboutHeroTest.click_on_about_niloy_bangladesh_ltd_icon(AboutHeroTest.java:29)
at ✽.Click on About Niloy Bangladesh Ltd icon(file:///C:/Users/QA/OneDrive/Documents/Azure/Hero_GB_WebApp_UI_Testing_BDD/./FeatureFilesBangladesh/05_AboutHero.feature:11)
]]>
    </failure>
  </testcase> <!-- runScenario -->
  <system-out/>
  <testcase classname="GB_Webapp.TestRunner.Bangladesh" name="runScenario" time="2.224"/>
  <system-out/>
  <testcase classname="GB_Webapp.TestRunner.Bangladesh" name="runScenario" time="1.215"/>
  <system-out/>
  <testcase classname="GB_Webapp.TestRunner.Bangladesh" name="runScenario" time="5.071"/>
  <system-out/>
  <testcase classname="GB_Webapp.TestRunner.Bangladesh" name="runScenario" time="3.048">
    <failure message="Unable to click element : Product icon  --  [[ChromeDriver: chrome on windows (50c3191233544f80e0eb5b2995301fd5)] -&gt; xpath: //a[normalize-space()=&#039;PRODUCTS&#039;]]  --  org.openqa.selenium.ElementClickInterceptedException: element click intercepted: Element &lt;a class=&quot;nav-link showMegaMenuContainer ps-lg-0&quot; href=&quot;javascript:void(0)&quot; aa-data-attr=&quot;track_cta&quot; aria-haspopup=&quot;true&quot; aria-expanded=&quot;false&quot; value=&quot;productsMegaMenu&quot;&gt;...&lt;/a&gt; is not clickable at point (553, 30). Other element would receive the click: &lt;div class=&quot;modal-popup modal-large book-bike-ride request-callback&quot; id=&quot;requestCallBackModel&quot;&gt;...&lt;/div&gt;
  (Session info: chrome=130.0.6723.92)
Build info: version: &#039;4.13.0&#039;, revision: &#039;ba948ece5b*&#039;
System info: os.name: &#039;Windows 10&#039;, os.arch: &#039;amd64&#039;, os.version: &#039;10.0&#039;, java.version: &#039;17.0.6&#039;
Driver info: org.openqa.selenium.chrome.ChromeDriver
Command: [50c3191233544f80e0eb5b2995301fd5, clickElement {id=f.328AB2519B5F862BDB17D59F7AB52C25.d.EA8BD085C51E22E2E00D4BA8B4AEB30E.e.984}]
Capabilities {acceptInsecureCerts: false, browserName: chrome, browserVersion: 130.0.6723.92, chrome: {chromedriverVersion: 130.0.6723.91 (53ac07678369..., userDataDir: C:\Users\QA\AppData\Local\T...}, fedcm:accounts: true, goog:chromeOptions: {debuggerAddress: localhost:62644}, networkConnectionEnabled: false, pageLoadStrategy: normal, platformName: windows, proxy: Proxy(), se:cdp: ws://localhost:62644/devtoo..., se:cdpVersion: 130.0.6723.92, setWindowRect: true, strictFileInteractability: false, timeouts: {implicit: 0, pageLoad: 300000, script: 30000}, unhandledPromptBehavior: dismiss and notify, webauthn:extension:credBlob: true, webauthn:extension:largeBlob: true, webauthn:extension:minPinLength: true, webauthn:extension:prf: true, webauthn:virtualAuthenticators: true}
Element: [[ChromeDriver: chrome on windows (50c3191233544f80e0eb5b2995301fd5)] -&gt; xpath: //a[normalize-space()=&#039;PRODUCTS&#039;]]
Session ID: 50c3191233544f80e0eb5b2995301fd5 expected [true] but found [false]" type="java.lang.AssertionError">
      <![CDATA[java.lang.AssertionError: Unable to click element : Product icon  --  [[ChromeDriver: chrome on windows (50c3191233544f80e0eb5b2995301fd5)] -> xpath: //a[normalize-space()='PRODUCTS']]  --  org.openqa.selenium.ElementClickInterceptedException: element click intercepted: Element <a class="nav-link showMegaMenuContainer ps-lg-0" href="javascript:void(0)" aa-data-attr="track_cta" aria-haspopup="true" aria-expanded="false" value="productsMegaMenu">...</a> is not clickable at point (553, 30). Other element would receive the click: <div class="modal-popup modal-large book-bike-ride request-callback" id="requestCallBackModel">...</div>
  (Session info: chrome=130.0.6723.92)
Build info: version: '4.13.0', revision: 'ba948ece5b*'
System info: os.name: 'Windows 10', os.arch: 'amd64', os.version: '10.0', java.version: '17.0.6'
Driver info: org.openqa.selenium.chrome.ChromeDriver
Command: [50c3191233544f80e0eb5b2995301fd5, clickElement {id=f.328AB2519B5F862BDB17D59F7AB52C25.d.EA8BD085C51E22E2E00D4BA8B4AEB30E.e.984}]
Capabilities {acceptInsecureCerts: false, browserName: chrome, browserVersion: 130.0.6723.92, chrome: {chromedriverVersion: 130.0.6723.91 (53ac07678369..., userDataDir: C:\Users\QA\AppData\Local\T...}, fedcm:accounts: true, goog:chromeOptions: {debuggerAddress: localhost:62644}, networkConnectionEnabled: false, pageLoadStrategy: normal, platformName: windows, proxy: Proxy(), se:cdp: ws://localhost:62644/devtoo..., se:cdpVersion: 130.0.6723.92, setWindowRect: true, strictFileInteractability: false, timeouts: {implicit: 0, pageLoad: 300000, script: 30000}, unhandledPromptBehavior: dismiss and notify, webauthn:extension:credBlob: true, webauthn:extension:largeBlob: true, webauthn:extension:minPinLength: true, webauthn:extension:prf: true, webauthn:virtualAuthenticators: true}
Element: [[ChromeDriver: chrome on windows (50c3191233544f80e0eb5b2995301fd5)] -> xpath: //a[normalize-space()='PRODUCTS']]
Session ID: 50c3191233544f80e0eb5b2995301fd5 expected [true] but found [false]
at org.testng.Assert.fail(Assert.java:110)
at org.testng.Assert.failNotEquals(Assert.java:1577)
at org.testng.Assert.assertTrue(Assert.java:56)
at GB_Webapp.Utility.Library.click(Library.java:40)
at GB_Webapp.StepDefinition.LoginPageTest.click_on(LoginPageTest.java:188)
at ✽.Click on "Product"(file:///C:/Users/QA/OneDrive/Documents/Azure/Hero_GB_WebApp_UI_Testing_BDD/./FeatureFilesBangladesh/02_BikeFeature.feature:5)
]]>
    </failure>
  </testcase> <!-- runScenario -->
  <system-out/>
  <testcase classname="GB_Webapp.TestRunner.Bangladesh" name="runScenario" time="2.904">
    <failure message="Unable to click element : Product icon  --  [[ChromeDriver: chrome on windows (50c3191233544f80e0eb5b2995301fd5)] -&gt; xpath: //a[normalize-space()=&#039;PRODUCTS&#039;]]  --  org.openqa.selenium.ElementClickInterceptedException: element click intercepted: Element &lt;a class=&quot;nav-link showMegaMenuContainer ps-lg-0&quot; href=&quot;javascript:void(0)&quot; aa-data-attr=&quot;track_cta&quot; aria-haspopup=&quot;true&quot; aria-expanded=&quot;false&quot; value=&quot;productsMegaMenu&quot;&gt;...&lt;/a&gt; is not clickable at point (553, 29). Other element would receive the click: &lt;div class=&quot;modal-popup modal-large book-bike-ride request-callback&quot; id=&quot;requestCallBackModel&quot;&gt;...&lt;/div&gt;
  (Session info: chrome=130.0.6723.92)
Build info: version: &#039;4.13.0&#039;, revision: &#039;ba948ece5b*&#039;
System info: os.name: &#039;Windows 10&#039;, os.arch: &#039;amd64&#039;, os.version: &#039;10.0&#039;, java.version: &#039;17.0.6&#039;
Driver info: org.openqa.selenium.chrome.ChromeDriver
Command: [50c3191233544f80e0eb5b2995301fd5, clickElement {id=f.C52C088B79890923A4E08DC63650C1F1.d.29A1AD6E7B7186510607C10AD80E6037.e.1374}]
Capabilities {acceptInsecureCerts: false, browserName: chrome, browserVersion: 130.0.6723.92, chrome: {chromedriverVersion: 130.0.6723.91 (53ac07678369..., userDataDir: C:\Users\QA\AppData\Local\T...}, fedcm:accounts: true, goog:chromeOptions: {debuggerAddress: localhost:62644}, networkConnectionEnabled: false, pageLoadStrategy: normal, platformName: windows, proxy: Proxy(), se:cdp: ws://localhost:62644/devtoo..., se:cdpVersion: 130.0.6723.92, setWindowRect: true, strictFileInteractability: false, timeouts: {implicit: 0, pageLoad: 300000, script: 30000}, unhandledPromptBehavior: dismiss and notify, webauthn:extension:credBlob: true, webauthn:extension:largeBlob: true, webauthn:extension:minPinLength: true, webauthn:extension:prf: true, webauthn:virtualAuthenticators: true}
Element: [[ChromeDriver: chrome on windows (50c3191233544f80e0eb5b2995301fd5)] -&gt; xpath: //a[normalize-space()=&#039;PRODUCTS&#039;]]
Session ID: 50c3191233544f80e0eb5b2995301fd5 expected [true] but found [false]" type="java.lang.AssertionError">
      <![CDATA[java.lang.AssertionError: Unable to click element : Product icon  --  [[ChromeDriver: chrome on windows (50c3191233544f80e0eb5b2995301fd5)] -> xpath: //a[normalize-space()='PRODUCTS']]  --  org.openqa.selenium.ElementClickInterceptedException: element click intercepted: Element <a class="nav-link showMegaMenuContainer ps-lg-0" href="javascript:void(0)" aa-data-attr="track_cta" aria-haspopup="true" aria-expanded="false" value="productsMegaMenu">...</a> is not clickable at point (553, 29). Other element would receive the click: <div class="modal-popup modal-large book-bike-ride request-callback" id="requestCallBackModel">...</div>
  (Session info: chrome=130.0.6723.92)
Build info: version: '4.13.0', revision: 'ba948ece5b*'
System info: os.name: 'Windows 10', os.arch: 'amd64', os.version: '10.0', java.version: '17.0.6'
Driver info: org.openqa.selenium.chrome.ChromeDriver
Command: [50c3191233544f80e0eb5b2995301fd5, clickElement {id=f.C52C088B79890923A4E08DC63650C1F1.d.29A1AD6E7B7186510607C10AD80E6037.e.1374}]
Capabilities {acceptInsecureCerts: false, browserName: chrome, browserVersion: 130.0.6723.92, chrome: {chromedriverVersion: 130.0.6723.91 (53ac07678369..., userDataDir: C:\Users\QA\AppData\Local\T...}, fedcm:accounts: true, goog:chromeOptions: {debuggerAddress: localhost:62644}, networkConnectionEnabled: false, pageLoadStrategy: normal, platformName: windows, proxy: Proxy(), se:cdp: ws://localhost:62644/devtoo..., se:cdpVersion: 130.0.6723.92, setWindowRect: true, strictFileInteractability: false, timeouts: {implicit: 0, pageLoad: 300000, script: 30000}, unhandledPromptBehavior: dismiss and notify, webauthn:extension:credBlob: true, webauthn:extension:largeBlob: true, webauthn:extension:minPinLength: true, webauthn:extension:prf: true, webauthn:virtualAuthenticators: true}
Element: [[ChromeDriver: chrome on windows (50c3191233544f80e0eb5b2995301fd5)] -> xpath: //a[normalize-space()='PRODUCTS']]
Session ID: 50c3191233544f80e0eb5b2995301fd5 expected [true] but found [false]
at org.testng.Assert.fail(Assert.java:110)
at org.testng.Assert.failNotEquals(Assert.java:1577)
at org.testng.Assert.assertTrue(Assert.java:56)
at GB_Webapp.Utility.Library.click(Library.java:40)
at GB_Webapp.StepDefinition.LoginPageTest.click_on(LoginPageTest.java:188)
at ✽.Click on "Product"(file:///C:/Users/QA/OneDrive/Documents/Azure/Hero_GB_WebApp_UI_Testing_BDD/./FeatureFilesBangladesh/02_BikeFeature.feature:5)
]]>
    </failure>
  </testcase> <!-- runScenario -->
  <system-out/>
  <testcase classname="GB_Webapp.TestRunner.Bangladesh" name="runScenario" time="19.801"/>
  <system-out/>
  <testcase classname="GB_Webapp.TestRunner.Bangladesh" name="runScenario" time="19.337"/>
  <system-out/>
  <testcase classname="GB_Webapp.TestRunner.Bangladesh" name="runScenario" time="2.358">
    <failure message="Unable to click element : Product icon  --  [[ChromeDriver: chrome on windows (50c3191233544f80e0eb5b2995301fd5)] -&gt; xpath: //a[normalize-space()=&#039;PRODUCTS&#039;]]  --  org.openqa.selenium.ElementClickInterceptedException: element click intercepted: Element &lt;a class=&quot;nav-link showMegaMenuContainer ps-lg-0 active&quot; href=&quot;javascript:void(0)&quot; aa-data-attr=&quot;track_cta&quot; aria-haspopup=&quot;true&quot; aria-expanded=&quot;false&quot; value=&quot;productsMegaMenu&quot;&gt;...&lt;/a&gt; is not clickable at point (555, 30). Other element would receive the click: &lt;div class=&quot;modal-popup modal-large book-bike-ride request-callback&quot; id=&quot;requestCallBackModel&quot;&gt;...&lt;/div&gt;
  (Session info: chrome=130.0.6723.92)
Build info: version: &#039;4.13.0&#039;, revision: &#039;ba948ece5b*&#039;
System info: os.name: &#039;Windows 10&#039;, os.arch: &#039;amd64&#039;, os.version: &#039;10.0&#039;, java.version: &#039;17.0.6&#039;
Driver info: org.openqa.selenium.chrome.ChromeDriver
Command: [50c3191233544f80e0eb5b2995301fd5, clickElement {id=f.F0820FAC319528599EB11F4B5FD7207B.d.5D270B7523BCF3BC4068F1BC38F4E9A9.e.347}]
Capabilities {acceptInsecureCerts: false, browserName: chrome, browserVersion: 130.0.6723.92, chrome: {chromedriverVersion: 130.0.6723.91 (53ac07678369..., userDataDir: C:\Users\QA\AppData\Local\T...}, fedcm:accounts: true, goog:chromeOptions: {debuggerAddress: localhost:62644}, networkConnectionEnabled: false, pageLoadStrategy: normal, platformName: windows, proxy: Proxy(), se:cdp: ws://localhost:62644/devtoo..., se:cdpVersion: 130.0.6723.92, setWindowRect: true, strictFileInteractability: false, timeouts: {implicit: 0, pageLoad: 300000, script: 30000}, unhandledPromptBehavior: dismiss and notify, webauthn:extension:credBlob: true, webauthn:extension:largeBlob: true, webauthn:extension:minPinLength: true, webauthn:extension:prf: true, webauthn:virtualAuthenticators: true}
Element: [[ChromeDriver: chrome on windows (50c3191233544f80e0eb5b2995301fd5)] -&gt; xpath: //a[normalize-space()=&#039;PRODUCTS&#039;]]
Session ID: 50c3191233544f80e0eb5b2995301fd5 expected [true] but found [false]" type="java.lang.AssertionError">
      <![CDATA[java.lang.AssertionError: Unable to click element : Product icon  --  [[ChromeDriver: chrome on windows (50c3191233544f80e0eb5b2995301fd5)] -> xpath: //a[normalize-space()='PRODUCTS']]  --  org.openqa.selenium.ElementClickInterceptedException: element click intercepted: Element <a class="nav-link showMegaMenuContainer ps-lg-0 active" href="javascript:void(0)" aa-data-attr="track_cta" aria-haspopup="true" aria-expanded="false" value="productsMegaMenu">...</a> is not clickable at point (555, 30). Other element would receive the click: <div class="modal-popup modal-large book-bike-ride request-callback" id="requestCallBackModel">...</div>
  (Session info: chrome=130.0.6723.92)
Build info: version: '4.13.0', revision: 'ba948ece5b*'
System info: os.name: 'Windows 10', os.arch: 'amd64', os.version: '10.0', java.version: '17.0.6'
Driver info: org.openqa.selenium.chrome.ChromeDriver
Command: [50c3191233544f80e0eb5b2995301fd5, clickElement {id=f.F0820FAC319528599EB11F4B5FD7207B.d.5D270B7523BCF3BC4068F1BC38F4E9A9.e.347}]
Capabilities {acceptInsecureCerts: false, browserName: chrome, browserVersion: 130.0.6723.92, chrome: {chromedriverVersion: 130.0.6723.91 (53ac07678369..., userDataDir: C:\Users\QA\AppData\Local\T...}, fedcm:accounts: true, goog:chromeOptions: {debuggerAddress: localhost:62644}, networkConnectionEnabled: false, pageLoadStrategy: normal, platformName: windows, proxy: Proxy(), se:cdp: ws://localhost:62644/devtoo..., se:cdpVersion: 130.0.6723.92, setWindowRect: true, strictFileInteractability: false, timeouts: {implicit: 0, pageLoad: 300000, script: 30000}, unhandledPromptBehavior: dismiss and notify, webauthn:extension:credBlob: true, webauthn:extension:largeBlob: true, webauthn:extension:minPinLength: true, webauthn:extension:prf: true, webauthn:virtualAuthenticators: true}
Element: [[ChromeDriver: chrome on windows (50c3191233544f80e0eb5b2995301fd5)] -> xpath: //a[normalize-space()='PRODUCTS']]
Session ID: 50c3191233544f80e0eb5b2995301fd5 expected [true] but found [false]
at org.testng.Assert.fail(Assert.java:110)
at org.testng.Assert.failNotEquals(Assert.java:1577)
at org.testng.Assert.assertTrue(Assert.java:56)
at GB_Webapp.Utility.Library.click(Library.java:40)
at GB_Webapp.StepDefinition.LoginPageTest.click_on(LoginPageTest.java:188)
at ✽.Click on "Product"(file:///C:/Users/QA/OneDrive/Documents/Azure/Hero_GB_WebApp_UI_Testing_BDD/./FeatureFilesBangladesh/01_LoginFeature.feature:100)
]]>
    </failure>
  </testcase> <!-- runScenario -->
  <system-out/>
  <testcase classname="GB_Webapp.TestRunner.Bangladesh" name="runScenario" time="20.595"/>
  <system-out/>
  <testcase classname="GB_Webapp.TestRunner.Bangladesh" name="runScenario" time="5.510"/>
  <system-out/>
  <testcase classname="GB_Webapp.TestRunner.Bangladesh" name="runScenario" time="2.113">
    <failure message="Unable to click element : Product icon  --  [[ChromeDriver: chrome on windows (50c3191233544f80e0eb5b2995301fd5)] -&gt; xpath: //a[normalize-space()=&#039;PRODUCTS&#039;]]  --  org.openqa.selenium.ElementClickInterceptedException: element click intercepted: Element &lt;a class=&quot;nav-link showMegaMenuContainer ps-lg-0 active&quot; href=&quot;javascript:void(0)&quot; aa-data-attr=&quot;track_cta&quot; aria-haspopup=&quot;true&quot; aria-expanded=&quot;false&quot; value=&quot;productsMegaMenu&quot;&gt;...&lt;/a&gt; is not clickable at point (555, 30). Other element would receive the click: &lt;div class=&quot;modal-popup modal-large book-bike-ride request-callback&quot; id=&quot;requestCallBackModel&quot;&gt;...&lt;/div&gt;
  (Session info: chrome=130.0.6723.92)
Build info: version: &#039;4.13.0&#039;, revision: &#039;ba948ece5b*&#039;
System info: os.name: &#039;Windows 10&#039;, os.arch: &#039;amd64&#039;, os.version: &#039;10.0&#039;, java.version: &#039;17.0.6&#039;
Driver info: org.openqa.selenium.chrome.ChromeDriver
Command: [50c3191233544f80e0eb5b2995301fd5, clickElement {id=f.F0820FAC319528599EB11F4B5FD7207B.d.5D270B7523BCF3BC4068F1BC38F4E9A9.e.347}]
Capabilities {acceptInsecureCerts: false, browserName: chrome, browserVersion: 130.0.6723.92, chrome: {chromedriverVersion: 130.0.6723.91 (53ac07678369..., userDataDir: C:\Users\QA\AppData\Local\T...}, fedcm:accounts: true, goog:chromeOptions: {debuggerAddress: localhost:62644}, networkConnectionEnabled: false, pageLoadStrategy: normal, platformName: windows, proxy: Proxy(), se:cdp: ws://localhost:62644/devtoo..., se:cdpVersion: 130.0.6723.92, setWindowRect: true, strictFileInteractability: false, timeouts: {implicit: 0, pageLoad: 300000, script: 30000}, unhandledPromptBehavior: dismiss and notify, webauthn:extension:credBlob: true, webauthn:extension:largeBlob: true, webauthn:extension:minPinLength: true, webauthn:extension:prf: true, webauthn:virtualAuthenticators: true}
Element: [[ChromeDriver: chrome on windows (50c3191233544f80e0eb5b2995301fd5)] -&gt; xpath: //a[normalize-space()=&#039;PRODUCTS&#039;]]
Session ID: 50c3191233544f80e0eb5b2995301fd5 expected [true] but found [false]" type="java.lang.AssertionError">
      <![CDATA[java.lang.AssertionError: Unable to click element : Product icon  --  [[ChromeDriver: chrome on windows (50c3191233544f80e0eb5b2995301fd5)] -> xpath: //a[normalize-space()='PRODUCTS']]  --  org.openqa.selenium.ElementClickInterceptedException: element click intercepted: Element <a class="nav-link showMegaMenuContainer ps-lg-0 active" href="javascript:void(0)" aa-data-attr="track_cta" aria-haspopup="true" aria-expanded="false" value="productsMegaMenu">...</a> is not clickable at point (555, 30). Other element would receive the click: <div class="modal-popup modal-large book-bike-ride request-callback" id="requestCallBackModel">...</div>
  (Session info: chrome=130.0.6723.92)
Build info: version: '4.13.0', revision: 'ba948ece5b*'
System info: os.name: 'Windows 10', os.arch: 'amd64', os.version: '10.0', java.version: '17.0.6'
Driver info: org.openqa.selenium.chrome.ChromeDriver
Command: [50c3191233544f80e0eb5b2995301fd5, clickElement {id=f.F0820FAC319528599EB11F4B5FD7207B.d.5D270B7523BCF3BC4068F1BC38F4E9A9.e.347}]
Capabilities {acceptInsecureCerts: false, browserName: chrome, browserVersion: 130.0.6723.92, chrome: {chromedriverVersion: 130.0.6723.91 (53ac07678369..., userDataDir: C:\Users\QA\AppData\Local\T...}, fedcm:accounts: true, goog:chromeOptions: {debuggerAddress: localhost:62644}, networkConnectionEnabled: false, pageLoadStrategy: normal, platformName: windows, proxy: Proxy(), se:cdp: ws://localhost:62644/devtoo..., se:cdpVersion: 130.0.6723.92, setWindowRect: true, strictFileInteractability: false, timeouts: {implicit: 0, pageLoad: 300000, script: 30000}, unhandledPromptBehavior: dismiss and notify, webauthn:extension:credBlob: true, webauthn:extension:largeBlob: true, webauthn:extension:minPinLength: true, webauthn:extension:prf: true, webauthn:virtualAuthenticators: true}
Element: [[ChromeDriver: chrome on windows (50c3191233544f80e0eb5b2995301fd5)] -> xpath: //a[normalize-space()='PRODUCTS']]
Session ID: 50c3191233544f80e0eb5b2995301fd5 expected [true] but found [false]
at org.testng.Assert.fail(Assert.java:110)
at org.testng.Assert.failNotEquals(Assert.java:1577)
at org.testng.Assert.assertTrue(Assert.java:56)
at GB_Webapp.Utility.Library.click(Library.java:40)
at GB_Webapp.StepDefinition.LoginPageTest.click_on(LoginPageTest.java:188)
at ✽.Click on "Product"(file:///C:/Users/QA/OneDrive/Documents/Azure/Hero_GB_WebApp_UI_Testing_BDD/./FeatureFilesBangladesh/01_LoginFeature.feature:88)
]]>
    </failure>
  </testcase> <!-- runScenario -->
  <system-out/>
  <testcase classname="GB_Webapp.TestRunner.Bangladesh" name="runScenario" time="2.072">
    <failure message="Unable to click element : Product icon  --  [[ChromeDriver: chrome on windows (50c3191233544f80e0eb5b2995301fd5)] -&gt; xpath: //a[normalize-space()=&#039;PRODUCTS&#039;]]  --  org.openqa.selenium.ElementClickInterceptedException: element click intercepted: Element &lt;a class=&quot;nav-link showMegaMenuContainer ps-lg-0 active&quot; href=&quot;javascript:void(0)&quot; aa-data-attr=&quot;track_cta&quot; aria-haspopup=&quot;true&quot; aria-expanded=&quot;false&quot; value=&quot;productsMegaMenu&quot;&gt;...&lt;/a&gt; is not clickable at point (555, 30). Other element would receive the click: &lt;div class=&quot;modal-popup modal-large book-bike-ride request-callback&quot; id=&quot;requestCallBackModel&quot;&gt;...&lt;/div&gt;
  (Session info: chrome=130.0.6723.92)
Build info: version: &#039;4.13.0&#039;, revision: &#039;ba948ece5b*&#039;
System info: os.name: &#039;Windows 10&#039;, os.arch: &#039;amd64&#039;, os.version: &#039;10.0&#039;, java.version: &#039;17.0.6&#039;
Driver info: org.openqa.selenium.chrome.ChromeDriver
Command: [50c3191233544f80e0eb5b2995301fd5, clickElement {id=f.F0820FAC319528599EB11F4B5FD7207B.d.5D270B7523BCF3BC4068F1BC38F4E9A9.e.347}]
Capabilities {acceptInsecureCerts: false, browserName: chrome, browserVersion: 130.0.6723.92, chrome: {chromedriverVersion: 130.0.6723.91 (53ac07678369..., userDataDir: C:\Users\QA\AppData\Local\T...}, fedcm:accounts: true, goog:chromeOptions: {debuggerAddress: localhost:62644}, networkConnectionEnabled: false, pageLoadStrategy: normal, platformName: windows, proxy: Proxy(), se:cdp: ws://localhost:62644/devtoo..., se:cdpVersion: 130.0.6723.92, setWindowRect: true, strictFileInteractability: false, timeouts: {implicit: 0, pageLoad: 300000, script: 30000}, unhandledPromptBehavior: dismiss and notify, webauthn:extension:credBlob: true, webauthn:extension:largeBlob: true, webauthn:extension:minPinLength: true, webauthn:extension:prf: true, webauthn:virtualAuthenticators: true}
Element: [[ChromeDriver: chrome on windows (50c3191233544f80e0eb5b2995301fd5)] -&gt; xpath: //a[normalize-space()=&#039;PRODUCTS&#039;]]
Session ID: 50c3191233544f80e0eb5b2995301fd5 expected [true] but found [false]" type="java.lang.AssertionError">
      <![CDATA[java.lang.AssertionError: Unable to click element : Product icon  --  [[ChromeDriver: chrome on windows (50c3191233544f80e0eb5b2995301fd5)] -> xpath: //a[normalize-space()='PRODUCTS']]  --  org.openqa.selenium.ElementClickInterceptedException: element click intercepted: Element <a class="nav-link showMegaMenuContainer ps-lg-0 active" href="javascript:void(0)" aa-data-attr="track_cta" aria-haspopup="true" aria-expanded="false" value="productsMegaMenu">...</a> is not clickable at point (555, 30). Other element would receive the click: <div class="modal-popup modal-large book-bike-ride request-callback" id="requestCallBackModel">...</div>
  (Session info: chrome=130.0.6723.92)
Build info: version: '4.13.0', revision: 'ba948ece5b*'
System info: os.name: 'Windows 10', os.arch: 'amd64', os.version: '10.0', java.version: '17.0.6'
Driver info: org.openqa.selenium.chrome.ChromeDriver
Command: [50c3191233544f80e0eb5b2995301fd5, clickElement {id=f.F0820FAC319528599EB11F4B5FD7207B.d.5D270B7523BCF3BC4068F1BC38F4E9A9.e.347}]
Capabilities {acceptInsecureCerts: false, browserName: chrome, browserVersion: 130.0.6723.92, chrome: {chromedriverVersion: 130.0.6723.91 (53ac07678369..., userDataDir: C:\Users\QA\AppData\Local\T...}, fedcm:accounts: true, goog:chromeOptions: {debuggerAddress: localhost:62644}, networkConnectionEnabled: false, pageLoadStrategy: normal, platformName: windows, proxy: Proxy(), se:cdp: ws://localhost:62644/devtoo..., se:cdpVersion: 130.0.6723.92, setWindowRect: true, strictFileInteractability: false, timeouts: {implicit: 0, pageLoad: 300000, script: 30000}, unhandledPromptBehavior: dismiss and notify, webauthn:extension:credBlob: true, webauthn:extension:largeBlob: true, webauthn:extension:minPinLength: true, webauthn:extension:prf: true, webauthn:virtualAuthenticators: true}
Element: [[ChromeDriver: chrome on windows (50c3191233544f80e0eb5b2995301fd5)] -> xpath: //a[normalize-space()='PRODUCTS']]
Session ID: 50c3191233544f80e0eb5b2995301fd5 expected [true] but found [false]
at org.testng.Assert.fail(Assert.java:110)
at org.testng.Assert.failNotEquals(Assert.java:1577)
at org.testng.Assert.assertTrue(Assert.java:56)
at GB_Webapp.Utility.Library.click(Library.java:40)
at GB_Webapp.StepDefinition.LoginPageTest.click_on(LoginPageTest.java:188)
at ✽.Click on "Product"(file:///C:/Users/QA/OneDrive/Documents/Azure/Hero_GB_WebApp_UI_Testing_BDD/./FeatureFilesBangladesh/01_LoginFeature.feature:114)
]]>
    </failure>
  </testcase> <!-- runScenario -->
  <system-out/>
  <testcase classname="GB_Webapp.TestRunner.Bangladesh" name="runScenario" time="7.972"/>
  <system-out/>
  <testcase classname="GB_Webapp.TestRunner.Bangladesh" name="runScenario" time="20.617"/>
  <system-out/>
</testsuite> <!-- GB_Webapp.TestRunner.Bangladesh -->
