<?xml version="1.0" encoding="UTF-8"?>
<!-- Generated by org.testng.reporters.JUnitReportReporter -->
<testsuite hostname="DESKTOP-LMKUKFJ" failures="0" tests="1" name="GB_APP.TestRunner.Run" time="1.883" errors="0" timestamp="2024-08-27T17:44:58 IST" skipped="0">
  <testcase classname="GB_APP.TestRunner.Run" name="runScenario" time="1.883"/>
  <system-out/>
</testsuite> <!-- GB_APP.TestRunner.Run -->
